2023-01-15 18:03:38.662 [ERRO] {a0d3689654733a17f52def7ac1fdefc0} /Users/ciel/learn/freekey-backend/internal/logic/system.go:163: sql: no rows in result set
Stack:
1.  freekey-backend/internal/logic.lMenu.GetMenuByPath
    /Users/ciel/learn/freekey-backend/internal/logic/system.go:163
2.  freekey-backend/internal/service.sAdmin.GetMenu
    /Users/ciel/learn/freekey-backend/internal/service/system.go:307
3.  freekey-backend/internal/controller.cAdmin.GetMenu
    /Users/ciel/learn/freekey-backend/internal/controller/system.go:215
4.  github.com/gogf/gf/v2/net/ghttp.(*middleware).callHandlerFunc.func1
    /Users/ciel/go/pkg/mod/github.com/gogf/gf/v2@v2.2.6/net/ghttp/ghttp_request_middleware.go:152
5.  github.com/gogf/gf/v2/net/ghttp.niceCallFunc
    /Users/ciel/go/pkg/mod/github.com/gogf/gf/v2@v2.2.6/net/ghttp/ghttp_func.go:55
6.  github.com/gogf/gf/v2/net/ghttp.(*middleware).callHandlerFunc
    /Users/ciel/go/pkg/mod/github.com/gogf/gf/v2@v2.2.6/net/ghttp/ghttp_request_middleware.go:129
7.  github.com/gogf/gf/v2/net/ghttp.(*middleware).Next.func1.4
    /Users/ciel/go/pkg/mod/github.com/gogf/gf/v2@v2.2.6/net/ghttp/ghttp_request_middleware.go:90
8.  github.com/gogf/gf/v2/net/ghttp.niceCallFunc
    /Users/ciel/go/pkg/mod/github.com/gogf/gf/v2@v2.2.6/net/ghttp/ghttp_func.go:55
9.  github.com/gogf/gf/v2/net/ghttp.(*middleware).Next.func1
    /Users/ciel/go/pkg/mod/github.com/gogf/gf/v2@v2.2.6/net/ghttp/ghttp_request_middleware.go:89
10. github.com/gogf/gf/v2/util/gutil.TryCatch
    /Users/ciel/go/pkg/mod/github.com/gogf/gf/v2@v2.2.6/util/gutil/gutil.go:56
11. github.com/gogf/gf/v2/net/ghttp.(*middleware).Next
    /Users/ciel/go/pkg/mod/github.com/gogf/gf/v2@v2.2.6/net/ghttp/ghttp_request_middleware.go:49
12. freekey-backend/internal/logic.lAdmin.MiddlewareAuthToken
    /Users/ciel/learn/freekey-backend/internal/logic/system.go:1131
13. freekey-backend/internal/service.sAdmin.MiddlewareAuth
    /Users/ciel/learn/freekey-backend/internal/service/system.go:280
14. github.com/gogf/gf/v2/net/ghttp.(*middleware).Next.func1.1
    /Users/ciel/go/pkg/mod/github.com/gogf/gf/v2@v2.2.6/net/ghttp/ghttp_request_middleware.go:55
15. github.com/gogf/gf/v2/net/ghttp.niceCallFunc
    /Users/ciel/go/pkg/mod/github.com/gogf/gf/v2@v2.2.6/net/ghttp/ghttp_func.go:55
16. github.com/gogf/gf/v2/net/ghttp.(*middleware).Next.func1
    /Users/ciel/go/pkg/mod/github.com/gogf/gf/v2@v2.2.6/net/ghttp/ghttp_request_middleware.go:54
17. github.com/gogf/gf/v2/util/gutil.TryCatch
    /Users/ciel/go/pkg/mod/github.com/gogf/gf/v2@v2.2.6/util/gutil/gutil.go:56
18. github.com/gogf/gf/v2/net/ghttp.(*middleware).Next
    /Users/ciel/go/pkg/mod/github.com/gogf/gf/v2@v2.2.6/net/ghttp/ghttp_request_middleware.go:49
19. freekey-backend/internal/logic.lSystem.MiddlewareCORS
    /Users/ciel/learn/freekey-backend/internal/logic/system.go:790
20. freekey-backend/internal/service.sSystem.MiddlewareCORS
    /Users/ciel/learn/freekey-backend/internal/service/system.go:137
21. github.com/gogf/gf/v2/net/ghttp.(*middleware).Next.func1.5
    /Users/ciel/go/pkg/mod/github.com/gogf/gf/v2@v2.2.6/net/ghttp/ghttp_request_middleware.go:96
22. github.com/gogf/gf/v2/net/ghttp.niceCallFunc
    /Users/ciel/go/pkg/mod/github.com/gogf/gf/v2@v2.2.6/net/ghttp/ghttp_func.go:55
23. github.com/gogf/gf/v2/net/ghttp.(*middleware).Next.func1
    /Users/ciel/go/pkg/mod/github.com/gogf/gf/v2@v2.2.6/net/ghttp/ghttp_request_middleware.go:95
24. github.com/gogf/gf/v2/util/gutil.TryCatch
    /Users/ciel/go/pkg/mod/github.com/gogf/gf/v2@v2.2.6/util/gutil/gutil.go:56
25. github.com/gogf/gf/v2/net/ghttp.(*middleware).Next
    /Users/ciel/go/pkg/mod/github.com/gogf/gf/v2@v2.2.6/net/ghttp/ghttp_request_middleware.go:49
26. github.com/gogf/gf/v2/net/ghttp.MiddlewareHandlerResponse
    /Users/ciel/go/pkg/mod/github.com/gogf/gf/v2@v2.2.6/net/ghttp/ghttp_middleware_handler_response.go:25
27. github.com/gogf/gf/v2/net/ghttp.(*middleware).Next.func1.5
    /Users/ciel/go/pkg/mod/github.com/gogf/gf/v2@v2.2.6/net/ghttp/ghttp_request_middleware.go:96
28. github.com/gogf/gf/v2/net/ghttp.niceCallFunc
    /Users/ciel/go/pkg/mod/github.com/gogf/gf/v2@v2.2.6/net/ghttp/ghttp_func.go:55
29. github.com/gogf/gf/v2/net/ghttp.(*middleware).Next.func1
    /Users/ciel/go/pkg/mod/github.com/gogf/gf/v2@v2.2.6/net/ghttp/ghttp_request_middleware.go:95
30. github.com/gogf/gf/v2/util/gutil.TryCatch
    /Users/ciel/go/pkg/mod/github.com/gogf/gf/v2@v2.2.6/util/gutil/gutil.go:56
31. github.com/gogf/gf/v2/net/ghttp.(*middleware).Next
    /Users/ciel/go/pkg/mod/github.com/gogf/gf/v2@v2.2.6/net/ghttp/ghttp_request_middleware.go:49
32. github.com/gogf/gf/v2/net/ghttp.internalMiddlewareServerTracing
    /Users/ciel/go/pkg/mod/github.com/gogf/gf/v2@v2.2.6/net/ghttp/ghttp_middleware_tracing.go:78
33. github.com/gogf/gf/v2/net/ghttp.(*middleware).Next.func1.5
    /Users/ciel/go/pkg/mod/github.com/gogf/gf/v2@v2.2.6/net/ghttp/ghttp_request_middleware.go:96
34. github.com/gogf/gf/v2/net/ghttp.niceCallFunc
    /Users/ciel/go/pkg/mod/github.com/gogf/gf/v2@v2.2.6/net/ghttp/ghttp_func.go:55
35. github.com/gogf/gf/v2/net/ghttp.(*middleware).Next.func1
    /Users/ciel/go/pkg/mod/github.com/gogf/gf/v2@v2.2.6/net/ghttp/ghttp_request_middleware.go:95
36. github.com/gogf/gf/v2/util/gutil.TryCatch
    /Users/ciel/go/pkg/mod/github.com/gogf/gf/v2@v2.2.6/util/gutil/gutil.go:56
37. github.com/gogf/gf/v2/net/ghttp.(*middleware).Next
    /Users/ciel/go/pkg/mod/github.com/gogf/gf/v2@v2.2.6/net/ghttp/ghttp_request_middleware.go:49
38. github.com/gogf/gf/v2/net/ghttp.(*Server).ServeHTTP
    /Users/ciel/go/pkg/mod/github.com/gogf/gf/v2@v2.2.6/net/ghttp/ghttp_server_handler.go:132

2023-01-15 18:03:58.734 [ERRO] {2864b34259733a17fe2def7a03b00b14} /Users/ciel/learn/freekey-backend/internal/logic/system.go:163: sql: no rows in result set
Stack:
1.  freekey-backend/internal/logic.lMenu.GetMenuByPath
    /Users/ciel/learn/freekey-backend/internal/logic/system.go:163
2.  freekey-backend/internal/service.sAdmin.GetMenu
    /Users/ciel/learn/freekey-backend/internal/service/system.go:307
3.  freekey-backend/internal/controller.cAdmin.GetMenu
    /Users/ciel/learn/freekey-backend/internal/controller/system.go:215
4.  github.com/gogf/gf/v2/net/ghttp.(*middleware).callHandlerFunc.func1
    /Users/ciel/go/pkg/mod/github.com/gogf/gf/v2@v2.2.6/net/ghttp/ghttp_request_middleware.go:152
5.  github.com/gogf/gf/v2/net/ghttp.niceCallFunc
    /Users/ciel/go/pkg/mod/github.com/gogf/gf/v2@v2.2.6/net/ghttp/ghttp_func.go:55
6.  github.com/gogf/gf/v2/net/ghttp.(*middleware).callHandlerFunc
    /Users/ciel/go/pkg/mod/github.com/gogf/gf/v2@v2.2.6/net/ghttp/ghttp_request_middleware.go:129
7.  github.com/gogf/gf/v2/net/ghttp.(*middleware).Next.func1.4
    /Users/ciel/go/pkg/mod/github.com/gogf/gf/v2@v2.2.6/net/ghttp/ghttp_request_middleware.go:90
8.  github.com/gogf/gf/v2/net/ghttp.niceCallFunc
    /Users/ciel/go/pkg/mod/github.com/gogf/gf/v2@v2.2.6/net/ghttp/ghttp_func.go:55
9.  github.com/gogf/gf/v2/net/ghttp.(*middleware).Next.func1
    /Users/ciel/go/pkg/mod/github.com/gogf/gf/v2@v2.2.6/net/ghttp/ghttp_request_middleware.go:89
10. github.com/gogf/gf/v2/util/gutil.TryCatch
    /Users/ciel/go/pkg/mod/github.com/gogf/gf/v2@v2.2.6/util/gutil/gutil.go:56
11. github.com/gogf/gf/v2/net/ghttp.(*middleware).Next
    /Users/ciel/go/pkg/mod/github.com/gogf/gf/v2@v2.2.6/net/ghttp/ghttp_request_middleware.go:49
12. freekey-backend/internal/logic.lAdmin.MiddlewareAuthToken
    /Users/ciel/learn/freekey-backend/internal/logic/system.go:1131
13. freekey-backend/internal/service.sAdmin.MiddlewareAuth
    /Users/ciel/learn/freekey-backend/internal/service/system.go:280
14. github.com/gogf/gf/v2/net/ghttp.(*middleware).Next.func1.1
    /Users/ciel/go/pkg/mod/github.com/gogf/gf/v2@v2.2.6/net/ghttp/ghttp_request_middleware.go:55
15. github.com/gogf/gf/v2/net/ghttp.niceCallFunc
    /Users/ciel/go/pkg/mod/github.com/gogf/gf/v2@v2.2.6/net/ghttp/ghttp_func.go:55
16. github.com/gogf/gf/v2/net/ghttp.(*middleware).Next.func1
    /Users/ciel/go/pkg/mod/github.com/gogf/gf/v2@v2.2.6/net/ghttp/ghttp_request_middleware.go:54
17. github.com/gogf/gf/v2/util/gutil.TryCatch
    /Users/ciel/go/pkg/mod/github.com/gogf/gf/v2@v2.2.6/util/gutil/gutil.go:56
18. github.com/gogf/gf/v2/net/ghttp.(*middleware).Next
    /Users/ciel/go/pkg/mod/github.com/gogf/gf/v2@v2.2.6/net/ghttp/ghttp_request_middleware.go:49
19. freekey-backend/internal/logic.lSystem.MiddlewareCORS
    /Users/ciel/learn/freekey-backend/internal/logic/system.go:790
20. freekey-backend/internal/service.sSystem.MiddlewareCORS
    /Users/ciel/learn/freekey-backend/internal/service/system.go:137
21. github.com/gogf/gf/v2/net/ghttp.(*middleware).Next.func1.5
    /Users/ciel/go/pkg/mod/github.com/gogf/gf/v2@v2.2.6/net/ghttp/ghttp_request_middleware.go:96
22. github.com/gogf/gf/v2/net/ghttp.niceCallFunc
    /Users/ciel/go/pkg/mod/github.com/gogf/gf/v2@v2.2.6/net/ghttp/ghttp_func.go:55
23. github.com/gogf/gf/v2/net/ghttp.(*middleware).Next.func1
    /Users/ciel/go/pkg/mod/github.com/gogf/gf/v2@v2.2.6/net/ghttp/ghttp_request_middleware.go:95
24. github.com/gogf/gf/v2/util/gutil.TryCatch
    /Users/ciel/go/pkg/mod/github.com/gogf/gf/v2@v2.2.6/util/gutil/gutil.go:56
25. github.com/gogf/gf/v2/net/ghttp.(*middleware).Next
    /Users/ciel/go/pkg/mod/github.com/gogf/gf/v2@v2.2.6/net/ghttp/ghttp_request_middleware.go:49
26. github.com/gogf/gf/v2/net/ghttp.MiddlewareHandlerResponse
    /Users/ciel/go/pkg/mod/github.com/gogf/gf/v2@v2.2.6/net/ghttp/ghttp_middleware_handler_response.go:25
27. github.com/gogf/gf/v2/net/ghttp.(*middleware).Next.func1.5
    /Users/ciel/go/pkg/mod/github.com/gogf/gf/v2@v2.2.6/net/ghttp/ghttp_request_middleware.go:96
28. github.com/gogf/gf/v2/net/ghttp.niceCallFunc
    /Users/ciel/go/pkg/mod/github.com/gogf/gf/v2@v2.2.6/net/ghttp/ghttp_func.go:55
29. github.com/gogf/gf/v2/net/ghttp.(*middleware).Next.func1
    /Users/ciel/go/pkg/mod/github.com/gogf/gf/v2@v2.2.6/net/ghttp/ghttp_request_middleware.go:95
30. github.com/gogf/gf/v2/util/gutil.TryCatch
    /Users/ciel/go/pkg/mod/github.com/gogf/gf/v2@v2.2.6/util/gutil/gutil.go:56
31. github.com/gogf/gf/v2/net/ghttp.(*middleware).Next
    /Users/ciel/go/pkg/mod/github.com/gogf/gf/v2@v2.2.6/net/ghttp/ghttp_request_middleware.go:49
32. github.com/gogf/gf/v2/net/ghttp.internalMiddlewareServerTracing
    /Users/ciel/go/pkg/mod/github.com/gogf/gf/v2@v2.2.6/net/ghttp/ghttp_middleware_tracing.go:78
33. github.com/gogf/gf/v2/net/ghttp.(*middleware).Next.func1.5
    /Users/ciel/go/pkg/mod/github.com/gogf/gf/v2@v2.2.6/net/ghttp/ghttp_request_middleware.go:96
34. github.com/gogf/gf/v2/net/ghttp.niceCallFunc
    /Users/ciel/go/pkg/mod/github.com/gogf/gf/v2@v2.2.6/net/ghttp/ghttp_func.go:55
35. github.com/gogf/gf/v2/net/ghttp.(*middleware).Next.func1
    /Users/ciel/go/pkg/mod/github.com/gogf/gf/v2@v2.2.6/net/ghttp/ghttp_request_middleware.go:95
36. github.com/gogf/gf/v2/util/gutil.TryCatch
    /Users/ciel/go/pkg/mod/github.com/gogf/gf/v2@v2.2.6/util/gutil/gutil.go:56
37. github.com/gogf/gf/v2/net/ghttp.(*middleware).Next
    /Users/ciel/go/pkg/mod/github.com/gogf/gf/v2@v2.2.6/net/ghttp/ghttp_request_middleware.go:49
38. github.com/gogf/gf/v2/net/ghttp.(*Server).ServeHTTP
    /Users/ciel/go/pkg/mod/github.com/gogf/gf/v2@v2.2.6/net/ghttp/ghttp_server_handler.go:132

2023-01-15 18:04:49.527 [ERRO] {98a8c51565733a17062eef7a201f234a} /Users/ciel/learn/freekey-backend/internal/logic/system.go:163: sql: no rows in result set
Stack:
1.  freekey-backend/internal/logic.lMenu.GetMenuByPath
    /Users/ciel/learn/freekey-backend/internal/logic/system.go:163
2.  freekey-backend/internal/service.sAdmin.GetMenu
    /Users/ciel/learn/freekey-backend/internal/service/system.go:307
3.  freekey-backend/internal/controller.cAdmin.GetMenu
    /Users/ciel/learn/freekey-backend/internal/controller/system.go:215
4.  github.com/gogf/gf/v2/net/ghttp.(*middleware).callHandlerFunc.func1
    /Users/ciel/go/pkg/mod/github.com/gogf/gf/v2@v2.2.6/net/ghttp/ghttp_request_middleware.go:152
5.  github.com/gogf/gf/v2/net/ghttp.niceCallFunc
    /Users/ciel/go/pkg/mod/github.com/gogf/gf/v2@v2.2.6/net/ghttp/ghttp_func.go:55
6.  github.com/gogf/gf/v2/net/ghttp.(*middleware).callHandlerFunc
    /Users/ciel/go/pkg/mod/github.com/gogf/gf/v2@v2.2.6/net/ghttp/ghttp_request_middleware.go:129
7.  github.com/gogf/gf/v2/net/ghttp.(*middleware).Next.func1.4
    /Users/ciel/go/pkg/mod/github.com/gogf/gf/v2@v2.2.6/net/ghttp/ghttp_request_middleware.go:90
8.  github.com/gogf/gf/v2/net/ghttp.niceCallFunc
    /Users/ciel/go/pkg/mod/github.com/gogf/gf/v2@v2.2.6/net/ghttp/ghttp_func.go:55
9.  github.com/gogf/gf/v2/net/ghttp.(*middleware).Next.func1
    /Users/ciel/go/pkg/mod/github.com/gogf/gf/v2@v2.2.6/net/ghttp/ghttp_request_middleware.go:89
10. github.com/gogf/gf/v2/util/gutil.TryCatch
    /Users/ciel/go/pkg/mod/github.com/gogf/gf/v2@v2.2.6/util/gutil/gutil.go:56
11. github.com/gogf/gf/v2/net/ghttp.(*middleware).Next
    /Users/ciel/go/pkg/mod/github.com/gogf/gf/v2@v2.2.6/net/ghttp/ghttp_request_middleware.go:49
12. freekey-backend/internal/logic.lAdmin.MiddlewareAuthToken
    /Users/ciel/learn/freekey-backend/internal/logic/system.go:1131
13. freekey-backend/internal/service.sAdmin.MiddlewareAuth
    /Users/ciel/learn/freekey-backend/internal/service/system.go:280
14. github.com/gogf/gf/v2/net/ghttp.(*middleware).Next.func1.1
    /Users/ciel/go/pkg/mod/github.com/gogf/gf/v2@v2.2.6/net/ghttp/ghttp_request_middleware.go:55
15. github.com/gogf/gf/v2/net/ghttp.niceCallFunc
    /Users/ciel/go/pkg/mod/github.com/gogf/gf/v2@v2.2.6/net/ghttp/ghttp_func.go:55
16. github.com/gogf/gf/v2/net/ghttp.(*middleware).Next.func1
    /Users/ciel/go/pkg/mod/github.com/gogf/gf/v2@v2.2.6/net/ghttp/ghttp_request_middleware.go:54
17. github.com/gogf/gf/v2/util/gutil.TryCatch
    /Users/ciel/go/pkg/mod/github.com/gogf/gf/v2@v2.2.6/util/gutil/gutil.go:56
18. github.com/gogf/gf/v2/net/ghttp.(*middleware).Next
    /Users/ciel/go/pkg/mod/github.com/gogf/gf/v2@v2.2.6/net/ghttp/ghttp_request_middleware.go:49
19. freekey-backend/internal/logic.lSystem.MiddlewareCORS
    /Users/ciel/learn/freekey-backend/internal/logic/system.go:790
20. freekey-backend/internal/service.sSystem.MiddlewareCORS
    /Users/ciel/learn/freekey-backend/internal/service/system.go:137
21. github.com/gogf/gf/v2/net/ghttp.(*middleware).Next.func1.5
    /Users/ciel/go/pkg/mod/github.com/gogf/gf/v2@v2.2.6/net/ghttp/ghttp_request_middleware.go:96
22. github.com/gogf/gf/v2/net/ghttp.niceCallFunc
    /Users/ciel/go/pkg/mod/github.com/gogf/gf/v2@v2.2.6/net/ghttp/ghttp_func.go:55
23. github.com/gogf/gf/v2/net/ghttp.(*middleware).Next.func1
    /Users/ciel/go/pkg/mod/github.com/gogf/gf/v2@v2.2.6/net/ghttp/ghttp_request_middleware.go:95
24. github.com/gogf/gf/v2/util/gutil.TryCatch
    /Users/ciel/go/pkg/mod/github.com/gogf/gf/v2@v2.2.6/util/gutil/gutil.go:56
25. github.com/gogf/gf/v2/net/ghttp.(*middleware).Next
    /Users/ciel/go/pkg/mod/github.com/gogf/gf/v2@v2.2.6/net/ghttp/ghttp_request_middleware.go:49
26. github.com/gogf/gf/v2/net/ghttp.MiddlewareHandlerResponse
    /Users/ciel/go/pkg/mod/github.com/gogf/gf/v2@v2.2.6/net/ghttp/ghttp_middleware_handler_response.go:25
27. github.com/gogf/gf/v2/net/ghttp.(*middleware).Next.func1.5
    /Users/ciel/go/pkg/mod/github.com/gogf/gf/v2@v2.2.6/net/ghttp/ghttp_request_middleware.go:96
28. github.com/gogf/gf/v2/net/ghttp.niceCallFunc
    /Users/ciel/go/pkg/mod/github.com/gogf/gf/v2@v2.2.6/net/ghttp/ghttp_func.go:55
29. github.com/gogf/gf/v2/net/ghttp.(*middleware).Next.func1
    /Users/ciel/go/pkg/mod/github.com/gogf/gf/v2@v2.2.6/net/ghttp/ghttp_request_middleware.go:95
30. github.com/gogf/gf/v2/util/gutil.TryCatch
    /Users/ciel/go/pkg/mod/github.com/gogf/gf/v2@v2.2.6/util/gutil/gutil.go:56
31. github.com/gogf/gf/v2/net/ghttp.(*middleware).Next
    /Users/ciel/go/pkg/mod/github.com/gogf/gf/v2@v2.2.6/net/ghttp/ghttp_request_middleware.go:49
32. github.com/gogf/gf/v2/net/ghttp.internalMiddlewareServerTracing
    /Users/ciel/go/pkg/mod/github.com/gogf/gf/v2@v2.2.6/net/ghttp/ghttp_middleware_tracing.go:78
33. github.com/gogf/gf/v2/net/ghttp.(*middleware).Next.func1.5
    /Users/ciel/go/pkg/mod/github.com/gogf/gf/v2@v2.2.6/net/ghttp/ghttp_request_middleware.go:96
34. github.com/gogf/gf/v2/net/ghttp.niceCallFunc
    /Users/ciel/go/pkg/mod/github.com/gogf/gf/v2@v2.2.6/net/ghttp/ghttp_func.go:55
35. github.com/gogf/gf/v2/net/ghttp.(*middleware).Next.func1
    /Users/ciel/go/pkg/mod/github.com/gogf/gf/v2@v2.2.6/net/ghttp/ghttp_request_middleware.go:95
36. github.com/gogf/gf/v2/util/gutil.TryCatch
    /Users/ciel/go/pkg/mod/github.com/gogf/gf/v2@v2.2.6/util/gutil/gutil.go:56
37. github.com/gogf/gf/v2/net/ghttp.(*middleware).Next
    /Users/ciel/go/pkg/mod/github.com/gogf/gf/v2@v2.2.6/net/ghttp/ghttp_request_middleware.go:49
38. github.com/gogf/gf/v2/net/ghttp.(*Server).ServeHTTP
    /Users/ciel/go/pkg/mod/github.com/gogf/gf/v2@v2.2.6/net/ghttp/ghttp_server_handler.go:132

2023-01-15 18:25:47.481 [ERRO] {c00649fa89743a1746725b294f4ee917} /Users/ciel/learn/freekey-backend/internal/logic/system.go:164: sql: no rows in result set
Stack:
1.  freekey-backend/internal/logic.lMenu.GetMenuByPath
    /Users/ciel/learn/freekey-backend/internal/logic/system.go:164
2.  freekey-backend/internal/service.sAdmin.GetMenu
    /Users/ciel/learn/freekey-backend/internal/service/system.go:333
3.  freekey-backend/internal/controller.cAdmin.GetMenu
    /Users/ciel/learn/freekey-backend/internal/controller/system.go:250
4.  github.com/gogf/gf/v2/net/ghttp.(*middleware).callHandlerFunc.func1
    /Users/ciel/go/pkg/mod/github.com/gogf/gf/v2@v2.2.6/net/ghttp/ghttp_request_middleware.go:152
5.  github.com/gogf/gf/v2/net/ghttp.niceCallFunc
    /Users/ciel/go/pkg/mod/github.com/gogf/gf/v2@v2.2.6/net/ghttp/ghttp_func.go:55
6.  github.com/gogf/gf/v2/net/ghttp.(*middleware).callHandlerFunc
    /Users/ciel/go/pkg/mod/github.com/gogf/gf/v2@v2.2.6/net/ghttp/ghttp_request_middleware.go:129
7.  github.com/gogf/gf/v2/net/ghttp.(*middleware).Next.func1.4
    /Users/ciel/go/pkg/mod/github.com/gogf/gf/v2@v2.2.6/net/ghttp/ghttp_request_middleware.go:90
8.  github.com/gogf/gf/v2/net/ghttp.niceCallFunc
    /Users/ciel/go/pkg/mod/github.com/gogf/gf/v2@v2.2.6/net/ghttp/ghttp_func.go:55
9.  github.com/gogf/gf/v2/net/ghttp.(*middleware).Next.func1
    /Users/ciel/go/pkg/mod/github.com/gogf/gf/v2@v2.2.6/net/ghttp/ghttp_request_middleware.go:89
10. github.com/gogf/gf/v2/util/gutil.TryCatch
    /Users/ciel/go/pkg/mod/github.com/gogf/gf/v2@v2.2.6/util/gutil/gutil.go:56
11. github.com/gogf/gf/v2/net/ghttp.(*middleware).Next
    /Users/ciel/go/pkg/mod/github.com/gogf/gf/v2@v2.2.6/net/ghttp/ghttp_request_middleware.go:49
12. freekey-backend/internal/logic.lAdmin.MiddlewareAuthToken
    /Users/ciel/learn/freekey-backend/internal/logic/system.go:1186
13. freekey-backend/internal/service.sAdmin.MiddlewareAuth
    /Users/ciel/learn/freekey-backend/internal/service/system.go:306
14. github.com/gogf/gf/v2/net/ghttp.(*middleware).Next.func1.1
    /Users/ciel/go/pkg/mod/github.com/gogf/gf/v2@v2.2.6/net/ghttp/ghttp_request_middleware.go:55
15. github.com/gogf/gf/v2/net/ghttp.niceCallFunc
    /Users/ciel/go/pkg/mod/github.com/gogf/gf/v2@v2.2.6/net/ghttp/ghttp_func.go:55
16. github.com/gogf/gf/v2/net/ghttp.(*middleware).Next.func1
    /Users/ciel/go/pkg/mod/github.com/gogf/gf/v2@v2.2.6/net/ghttp/ghttp_request_middleware.go:54
17. github.com/gogf/gf/v2/util/gutil.TryCatch
    /Users/ciel/go/pkg/mod/github.com/gogf/gf/v2@v2.2.6/util/gutil/gutil.go:56
18. github.com/gogf/gf/v2/net/ghttp.(*middleware).Next
    /Users/ciel/go/pkg/mod/github.com/gogf/gf/v2@v2.2.6/net/ghttp/ghttp_request_middleware.go:49
19. freekey-backend/internal/logic.lSystem.MiddlewareCORS
    /Users/ciel/learn/freekey-backend/internal/logic/system.go:845
20. freekey-backend/internal/service.sSystem.MiddlewareCORS
    /Users/ciel/learn/freekey-backend/internal/service/system.go:137
21. github.com/gogf/gf/v2/net/ghttp.(*middleware).Next.func1.5
    /Users/ciel/go/pkg/mod/github.com/gogf/gf/v2@v2.2.6/net/ghttp/ghttp_request_middleware.go:96
22. github.com/gogf/gf/v2/net/ghttp.niceCallFunc
    /Users/ciel/go/pkg/mod/github.com/gogf/gf/v2@v2.2.6/net/ghttp/ghttp_func.go:55
23. github.com/gogf/gf/v2/net/ghttp.(*middleware).Next.func1
    /Users/ciel/go/pkg/mod/github.com/gogf/gf/v2@v2.2.6/net/ghttp/ghttp_request_middleware.go:95
24. github.com/gogf/gf/v2/util/gutil.TryCatch
    /Users/ciel/go/pkg/mod/github.com/gogf/gf/v2@v2.2.6/util/gutil/gutil.go:56
25. github.com/gogf/gf/v2/net/ghttp.(*middleware).Next
    /Users/ciel/go/pkg/mod/github.com/gogf/gf/v2@v2.2.6/net/ghttp/ghttp_request_middleware.go:49
26. github.com/gogf/gf/v2/net/ghttp.MiddlewareHandlerResponse
    /Users/ciel/go/pkg/mod/github.com/gogf/gf/v2@v2.2.6/net/ghttp/ghttp_middleware_handler_response.go:25
27. github.com/gogf/gf/v2/net/ghttp.(*middleware).Next.func1.5
    /Users/ciel/go/pkg/mod/github.com/gogf/gf/v2@v2.2.6/net/ghttp/ghttp_request_middleware.go:96
28. github.com/gogf/gf/v2/net/ghttp.niceCallFunc
    /Users/ciel/go/pkg/mod/github.com/gogf/gf/v2@v2.2.6/net/ghttp/ghttp_func.go:55
29. github.com/gogf/gf/v2/net/ghttp.(*middleware).Next.func1
    /Users/ciel/go/pkg/mod/github.com/gogf/gf/v2@v2.2.6/net/ghttp/ghttp_request_middleware.go:95
30. github.com/gogf/gf/v2/util/gutil.TryCatch
    /Users/ciel/go/pkg/mod/github.com/gogf/gf/v2@v2.2.6/util/gutil/gutil.go:56
31. github.com/gogf/gf/v2/net/ghttp.(*middleware).Next
    /Users/ciel/go/pkg/mod/github.com/gogf/gf/v2@v2.2.6/net/ghttp/ghttp_request_middleware.go:49
32. github.com/gogf/gf/v2/net/ghttp.internalMiddlewareServerTracing
    /Users/ciel/go/pkg/mod/github.com/gogf/gf/v2@v2.2.6/net/ghttp/ghttp_middleware_tracing.go:78
33. github.com/gogf/gf/v2/net/ghttp.(*middleware).Next.func1.5
    /Users/ciel/go/pkg/mod/github.com/gogf/gf/v2@v2.2.6/net/ghttp/ghttp_request_middleware.go:96
34. github.com/gogf/gf/v2/net/ghttp.niceCallFunc
    /Users/ciel/go/pkg/mod/github.com/gogf/gf/v2@v2.2.6/net/ghttp/ghttp_func.go:55
35. github.com/gogf/gf/v2/net/ghttp.(*middleware).Next.func1
    /Users/ciel/go/pkg/mod/github.com/gogf/gf/v2@v2.2.6/net/ghttp/ghttp_request_middleware.go:95
36. github.com/gogf/gf/v2/util/gutil.TryCatch
    /Users/ciel/go/pkg/mod/github.com/gogf/gf/v2@v2.2.6/util/gutil/gutil.go:56
37. github.com/gogf/gf/v2/net/ghttp.(*middleware).Next
    /Users/ciel/go/pkg/mod/github.com/gogf/gf/v2@v2.2.6/net/ghttp/ghttp_request_middleware.go:49
38. github.com/gogf/gf/v2/net/ghttp.(*Server).ServeHTTP
    /Users/ciel/go/pkg/mod/github.com/gogf/gf/v2@v2.2.6/net/ghttp/ghttp_server_handler.go:132

2023-01-15 23:53:16.879 [ERRO] {288b11f568863a173d298f42899eab42} /Users/ciel/learn/freekey-backend/internal/logic/system.go:164: sql: no rows in result set
Stack:
1.  freekey-backend/internal/logic.lMenu.GetMenuByPath
    /Users/ciel/learn/freekey-backend/internal/logic/system.go:164
2.  freekey-backend/internal/service.sAdmin.GetMenu
    /Users/ciel/learn/freekey-backend/internal/service/system.go:333
3.  freekey-backend/internal/controller.cAdmin.GetMenu
    /Users/ciel/learn/freekey-backend/internal/controller/system.go:250
4.  github.com/gogf/gf/v2/net/ghttp.(*middleware).callHandlerFunc.func1
    /Users/ciel/go/pkg/mod/github.com/gogf/gf/v2@v2.2.6/net/ghttp/ghttp_request_middleware.go:152
5.  github.com/gogf/gf/v2/net/ghttp.niceCallFunc
    /Users/ciel/go/pkg/mod/github.com/gogf/gf/v2@v2.2.6/net/ghttp/ghttp_func.go:55
6.  github.com/gogf/gf/v2/net/ghttp.(*middleware).callHandlerFunc
    /Users/ciel/go/pkg/mod/github.com/gogf/gf/v2@v2.2.6/net/ghttp/ghttp_request_middleware.go:129
7.  github.com/gogf/gf/v2/net/ghttp.(*middleware).Next.func1.4
    /Users/ciel/go/pkg/mod/github.com/gogf/gf/v2@v2.2.6/net/ghttp/ghttp_request_middleware.go:90
8.  github.com/gogf/gf/v2/net/ghttp.niceCallFunc
    /Users/ciel/go/pkg/mod/github.com/gogf/gf/v2@v2.2.6/net/ghttp/ghttp_func.go:55
9.  github.com/gogf/gf/v2/net/ghttp.(*middleware).Next.func1
    /Users/ciel/go/pkg/mod/github.com/gogf/gf/v2@v2.2.6/net/ghttp/ghttp_request_middleware.go:89
10. github.com/gogf/gf/v2/util/gutil.TryCatch
    /Users/ciel/go/pkg/mod/github.com/gogf/gf/v2@v2.2.6/util/gutil/gutil.go:56
11. github.com/gogf/gf/v2/net/ghttp.(*middleware).Next
    /Users/ciel/go/pkg/mod/github.com/gogf/gf/v2@v2.2.6/net/ghttp/ghttp_request_middleware.go:49
12. freekey-backend/internal/logic.lAdmin.MiddlewareAuthToken
    /Users/ciel/learn/freekey-backend/internal/logic/system.go:1188
13. freekey-backend/internal/service.sAdmin.MiddlewareAuth
    /Users/ciel/learn/freekey-backend/internal/service/system.go:306
14. github.com/gogf/gf/v2/net/ghttp.(*middleware).Next.func1.1
    /Users/ciel/go/pkg/mod/github.com/gogf/gf/v2@v2.2.6/net/ghttp/ghttp_request_middleware.go:55
15. github.com/gogf/gf/v2/net/ghttp.niceCallFunc
    /Users/ciel/go/pkg/mod/github.com/gogf/gf/v2@v2.2.6/net/ghttp/ghttp_func.go:55
16. github.com/gogf/gf/v2/net/ghttp.(*middleware).Next.func1
    /Users/ciel/go/pkg/mod/github.com/gogf/gf/v2@v2.2.6/net/ghttp/ghttp_request_middleware.go:54
17. github.com/gogf/gf/v2/util/gutil.TryCatch
    /Users/ciel/go/pkg/mod/github.com/gogf/gf/v2@v2.2.6/util/gutil/gutil.go:56
18. github.com/gogf/gf/v2/net/ghttp.(*middleware).Next
    /Users/ciel/go/pkg/mod/github.com/gogf/gf/v2@v2.2.6/net/ghttp/ghttp_request_middleware.go:49
19. freekey-backend/internal/logic.lSystem.MiddlewareCORS
    /Users/ciel/learn/freekey-backend/internal/logic/system.go:847
20. freekey-backend/internal/service.sSystem.MiddlewareCORS
    /Users/ciel/learn/freekey-backend/internal/service/system.go:137
21. github.com/gogf/gf/v2/net/ghttp.(*middleware).Next.func1.5
    /Users/ciel/go/pkg/mod/github.com/gogf/gf/v2@v2.2.6/net/ghttp/ghttp_request_middleware.go:96
22. github.com/gogf/gf/v2/net/ghttp.niceCallFunc
    /Users/ciel/go/pkg/mod/github.com/gogf/gf/v2@v2.2.6/net/ghttp/ghttp_func.go:55
23. github.com/gogf/gf/v2/net/ghttp.(*middleware).Next.func1
    /Users/ciel/go/pkg/mod/github.com/gogf/gf/v2@v2.2.6/net/ghttp/ghttp_request_middleware.go:95
24. github.com/gogf/gf/v2/util/gutil.TryCatch
    /Users/ciel/go/pkg/mod/github.com/gogf/gf/v2@v2.2.6/util/gutil/gutil.go:56
25. github.com/gogf/gf/v2/net/ghttp.(*middleware).Next
    /Users/ciel/go/pkg/mod/github.com/gogf/gf/v2@v2.2.6/net/ghttp/ghttp_request_middleware.go:49
26. github.com/gogf/gf/v2/net/ghttp.MiddlewareHandlerResponse
    /Users/ciel/go/pkg/mod/github.com/gogf/gf/v2@v2.2.6/net/ghttp/ghttp_middleware_handler_response.go:25
27. github.com/gogf/gf/v2/net/ghttp.(*middleware).Next.func1.5
    /Users/ciel/go/pkg/mod/github.com/gogf/gf/v2@v2.2.6/net/ghttp/ghttp_request_middleware.go:96
28. github.com/gogf/gf/v2/net/ghttp.niceCallFunc
    /Users/ciel/go/pkg/mod/github.com/gogf/gf/v2@v2.2.6/net/ghttp/ghttp_func.go:55
29. github.com/gogf/gf/v2/net/ghttp.(*middleware).Next.func1
    /Users/ciel/go/pkg/mod/github.com/gogf/gf/v2@v2.2.6/net/ghttp/ghttp_request_middleware.go:95
30. github.com/gogf/gf/v2/util/gutil.TryCatch
    /Users/ciel/go/pkg/mod/github.com/gogf/gf/v2@v2.2.6/util/gutil/gutil.go:56
31. github.com/gogf/gf/v2/net/ghttp.(*middleware).Next
    /Users/ciel/go/pkg/mod/github.com/gogf/gf/v2@v2.2.6/net/ghttp/ghttp_request_middleware.go:49
32. github.com/gogf/gf/v2/net/ghttp.internalMiddlewareServerTracing
    /Users/ciel/go/pkg/mod/github.com/gogf/gf/v2@v2.2.6/net/ghttp/ghttp_middleware_tracing.go:78
33. github.com/gogf/gf/v2/net/ghttp.(*middleware).Next.func1.5
    /Users/ciel/go/pkg/mod/github.com/gogf/gf/v2@v2.2.6/net/ghttp/ghttp_request_middleware.go:96
34. github.com/gogf/gf/v2/net/ghttp.niceCallFunc
    /Users/ciel/go/pkg/mod/github.com/gogf/gf/v2@v2.2.6/net/ghttp/ghttp_func.go:55
35. github.com/gogf/gf/v2/net/ghttp.(*middleware).Next.func1
    /Users/ciel/go/pkg/mod/github.com/gogf/gf/v2@v2.2.6/net/ghttp/ghttp_request_middleware.go:95
36. github.com/gogf/gf/v2/util/gutil.TryCatch
    /Users/ciel/go/pkg/mod/github.com/gogf/gf/v2@v2.2.6/util/gutil/gutil.go:56
37. github.com/gogf/gf/v2/net/ghttp.(*middleware).Next
    /Users/ciel/go/pkg/mod/github.com/gogf/gf/v2@v2.2.6/net/ghttp/ghttp_request_middleware.go:49
38. github.com/gogf/gf/v2/net/ghttp.(*Server).ServeHTTP
    /Users/ciel/go/pkg/mod/github.com/gogf/gf/v2@v2.2.6/net/ghttp/ghttp_server_handler.go:132

2023-01-15 23:54:09.473 [ERRO] {4825f33375863a1744298f42d1ce99fe} /Users/ciel/learn/freekey-backend/internal/logic/system.go:164: sql: no rows in result set
Stack:
1.  freekey-backend/internal/logic.lMenu.GetMenuByPath
    /Users/ciel/learn/freekey-backend/internal/logic/system.go:164
2.  freekey-backend/internal/service.sAdmin.GetMenu
    /Users/ciel/learn/freekey-backend/internal/service/system.go:333
3.  freekey-backend/internal/controller.cAdmin.GetMenu
    /Users/ciel/learn/freekey-backend/internal/controller/system.go:250
4.  github.com/gogf/gf/v2/net/ghttp.(*middleware).callHandlerFunc.func1
    /Users/ciel/go/pkg/mod/github.com/gogf/gf/v2@v2.2.6/net/ghttp/ghttp_request_middleware.go:152
5.  github.com/gogf/gf/v2/net/ghttp.niceCallFunc
    /Users/ciel/go/pkg/mod/github.com/gogf/gf/v2@v2.2.6/net/ghttp/ghttp_func.go:55
6.  github.com/gogf/gf/v2/net/ghttp.(*middleware).callHandlerFunc
    /Users/ciel/go/pkg/mod/github.com/gogf/gf/v2@v2.2.6/net/ghttp/ghttp_request_middleware.go:129
7.  github.com/gogf/gf/v2/net/ghttp.(*middleware).Next.func1.4
    /Users/ciel/go/pkg/mod/github.com/gogf/gf/v2@v2.2.6/net/ghttp/ghttp_request_middleware.go:90
8.  github.com/gogf/gf/v2/net/ghttp.niceCallFunc
    /Users/ciel/go/pkg/mod/github.com/gogf/gf/v2@v2.2.6/net/ghttp/ghttp_func.go:55
9.  github.com/gogf/gf/v2/net/ghttp.(*middleware).Next.func1
    /Users/ciel/go/pkg/mod/github.com/gogf/gf/v2@v2.2.6/net/ghttp/ghttp_request_middleware.go:89
10. github.com/gogf/gf/v2/util/gutil.TryCatch
    /Users/ciel/go/pkg/mod/github.com/gogf/gf/v2@v2.2.6/util/gutil/gutil.go:56
11. github.com/gogf/gf/v2/net/ghttp.(*middleware).Next
    /Users/ciel/go/pkg/mod/github.com/gogf/gf/v2@v2.2.6/net/ghttp/ghttp_request_middleware.go:49
12. freekey-backend/internal/logic.lAdmin.MiddlewareAuthToken
    /Users/ciel/learn/freekey-backend/internal/logic/system.go:1188
13. freekey-backend/internal/service.sAdmin.MiddlewareAuth
    /Users/ciel/learn/freekey-backend/internal/service/system.go:306
14. github.com/gogf/gf/v2/net/ghttp.(*middleware).Next.func1.1
    /Users/ciel/go/pkg/mod/github.com/gogf/gf/v2@v2.2.6/net/ghttp/ghttp_request_middleware.go:55
15. github.com/gogf/gf/v2/net/ghttp.niceCallFunc
    /Users/ciel/go/pkg/mod/github.com/gogf/gf/v2@v2.2.6/net/ghttp/ghttp_func.go:55
16. github.com/gogf/gf/v2/net/ghttp.(*middleware).Next.func1
    /Users/ciel/go/pkg/mod/github.com/gogf/gf/v2@v2.2.6/net/ghttp/ghttp_request_middleware.go:54
17. github.com/gogf/gf/v2/util/gutil.TryCatch
    /Users/ciel/go/pkg/mod/github.com/gogf/gf/v2@v2.2.6/util/gutil/gutil.go:56
18. github.com/gogf/gf/v2/net/ghttp.(*middleware).Next
    /Users/ciel/go/pkg/mod/github.com/gogf/gf/v2@v2.2.6/net/ghttp/ghttp_request_middleware.go:49
19. freekey-backend/internal/logic.lSystem.MiddlewareCORS
    /Users/ciel/learn/freekey-backend/internal/logic/system.go:847
20. freekey-backend/internal/service.sSystem.MiddlewareCORS
    /Users/ciel/learn/freekey-backend/internal/service/system.go:137
21. github.com/gogf/gf/v2/net/ghttp.(*middleware).Next.func1.5
    /Users/ciel/go/pkg/mod/github.com/gogf/gf/v2@v2.2.6/net/ghttp/ghttp_request_middleware.go:96
22. github.com/gogf/gf/v2/net/ghttp.niceCallFunc
    /Users/ciel/go/pkg/mod/github.com/gogf/gf/v2@v2.2.6/net/ghttp/ghttp_func.go:55
23. github.com/gogf/gf/v2/net/ghttp.(*middleware).Next.func1
    /Users/ciel/go/pkg/mod/github.com/gogf/gf/v2@v2.2.6/net/ghttp/ghttp_request_middleware.go:95
24. github.com/gogf/gf/v2/util/gutil.TryCatch
    /Users/ciel/go/pkg/mod/github.com/gogf/gf/v2@v2.2.6/util/gutil/gutil.go:56
25. github.com/gogf/gf/v2/net/ghttp.(*middleware).Next
    /Users/ciel/go/pkg/mod/github.com/gogf/gf/v2@v2.2.6/net/ghttp/ghttp_request_middleware.go:49
26. github.com/gogf/gf/v2/net/ghttp.MiddlewareHandlerResponse
    /Users/ciel/go/pkg/mod/github.com/gogf/gf/v2@v2.2.6/net/ghttp/ghttp_middleware_handler_response.go:25
27. github.com/gogf/gf/v2/net/ghttp.(*middleware).Next.func1.5
    /Users/ciel/go/pkg/mod/github.com/gogf/gf/v2@v2.2.6/net/ghttp/ghttp_request_middleware.go:96
28. github.com/gogf/gf/v2/net/ghttp.niceCallFunc
    /Users/ciel/go/pkg/mod/github.com/gogf/gf/v2@v2.2.6/net/ghttp/ghttp_func.go:55
29. github.com/gogf/gf/v2/net/ghttp.(*middleware).Next.func1
    /Users/ciel/go/pkg/mod/github.com/gogf/gf/v2@v2.2.6/net/ghttp/ghttp_request_middleware.go:95
30. github.com/gogf/gf/v2/util/gutil.TryCatch
    /Users/ciel/go/pkg/mod/github.com/gogf/gf/v2@v2.2.6/util/gutil/gutil.go:56
31. github.com/gogf/gf/v2/net/ghttp.(*middleware).Next
    /Users/ciel/go/pkg/mod/github.com/gogf/gf/v2@v2.2.6/net/ghttp/ghttp_request_middleware.go:49
32. github.com/gogf/gf/v2/net/ghttp.internalMiddlewareServerTracing
    /Users/ciel/go/pkg/mod/github.com/gogf/gf/v2@v2.2.6/net/ghttp/ghttp_middleware_tracing.go:78
33. github.com/gogf/gf/v2/net/ghttp.(*middleware).Next.func1.5
    /Users/ciel/go/pkg/mod/github.com/gogf/gf/v2@v2.2.6/net/ghttp/ghttp_request_middleware.go:96
34. github.com/gogf/gf/v2/net/ghttp.niceCallFunc
    /Users/ciel/go/pkg/mod/github.com/gogf/gf/v2@v2.2.6/net/ghttp/ghttp_func.go:55
35. github.com/gogf/gf/v2/net/ghttp.(*middleware).Next.func1
    /Users/ciel/go/pkg/mod/github.com/gogf/gf/v2@v2.2.6/net/ghttp/ghttp_request_middleware.go:95
36. github.com/gogf/gf/v2/util/gutil.TryCatch
    /Users/ciel/go/pkg/mod/github.com/gogf/gf/v2@v2.2.6/util/gutil/gutil.go:56
37. github.com/gogf/gf/v2/net/ghttp.(*middleware).Next
    /Users/ciel/go/pkg/mod/github.com/gogf/gf/v2@v2.2.6/net/ghttp/ghttp_request_middleware.go:49
38. github.com/gogf/gf/v2/net/ghttp.(*Server).ServeHTTP
    /Users/ciel/go/pkg/mod/github.com/gogf/gf/v2@v2.2.6/net/ghttp/ghttp_server_handler.go:132

2023-01-15 23:54:54.814 [ERRO] {3043e5c27f863a1752298f429410815a} /Users/ciel/learn/freekey-backend/internal/logic/system.go:164: sql: no rows in result set
Stack:
1.  freekey-backend/internal/logic.lMenu.GetMenuByPath
    /Users/ciel/learn/freekey-backend/internal/logic/system.go:164
2.  freekey-backend/internal/service.sAdmin.GetMenu
    /Users/ciel/learn/freekey-backend/internal/service/system.go:333
3.  freekey-backend/internal/controller.cAdmin.GetMenu
    /Users/ciel/learn/freekey-backend/internal/controller/system.go:250
4.  github.com/gogf/gf/v2/net/ghttp.(*middleware).callHandlerFunc.func1
    /Users/ciel/go/pkg/mod/github.com/gogf/gf/v2@v2.2.6/net/ghttp/ghttp_request_middleware.go:152
5.  github.com/gogf/gf/v2/net/ghttp.niceCallFunc
    /Users/ciel/go/pkg/mod/github.com/gogf/gf/v2@v2.2.6/net/ghttp/ghttp_func.go:55
6.  github.com/gogf/gf/v2/net/ghttp.(*middleware).callHandlerFunc
    /Users/ciel/go/pkg/mod/github.com/gogf/gf/v2@v2.2.6/net/ghttp/ghttp_request_middleware.go:129
7.  github.com/gogf/gf/v2/net/ghttp.(*middleware).Next.func1.4
    /Users/ciel/go/pkg/mod/github.com/gogf/gf/v2@v2.2.6/net/ghttp/ghttp_request_middleware.go:90
8.  github.com/gogf/gf/v2/net/ghttp.niceCallFunc
    /Users/ciel/go/pkg/mod/github.com/gogf/gf/v2@v2.2.6/net/ghttp/ghttp_func.go:55
9.  github.com/gogf/gf/v2/net/ghttp.(*middleware).Next.func1
    /Users/ciel/go/pkg/mod/github.com/gogf/gf/v2@v2.2.6/net/ghttp/ghttp_request_middleware.go:89
10. github.com/gogf/gf/v2/util/gutil.TryCatch
    /Users/ciel/go/pkg/mod/github.com/gogf/gf/v2@v2.2.6/util/gutil/gutil.go:56
11. github.com/gogf/gf/v2/net/ghttp.(*middleware).Next
    /Users/ciel/go/pkg/mod/github.com/gogf/gf/v2@v2.2.6/net/ghttp/ghttp_request_middleware.go:49
12. freekey-backend/internal/logic.lAdmin.MiddlewareAuthToken
    /Users/ciel/learn/freekey-backend/internal/logic/system.go:1188
13. freekey-backend/internal/service.sAdmin.MiddlewareAuth
    /Users/ciel/learn/freekey-backend/internal/service/system.go:306
14. github.com/gogf/gf/v2/net/ghttp.(*middleware).Next.func1.1
    /Users/ciel/go/pkg/mod/github.com/gogf/gf/v2@v2.2.6/net/ghttp/ghttp_request_middleware.go:55
15. github.com/gogf/gf/v2/net/ghttp.niceCallFunc
    /Users/ciel/go/pkg/mod/github.com/gogf/gf/v2@v2.2.6/net/ghttp/ghttp_func.go:55
16. github.com/gogf/gf/v2/net/ghttp.(*middleware).Next.func1
    /Users/ciel/go/pkg/mod/github.com/gogf/gf/v2@v2.2.6/net/ghttp/ghttp_request_middleware.go:54
17. github.com/gogf/gf/v2/util/gutil.TryCatch
    /Users/ciel/go/pkg/mod/github.com/gogf/gf/v2@v2.2.6/util/gutil/gutil.go:56
18. github.com/gogf/gf/v2/net/ghttp.(*middleware).Next
    /Users/ciel/go/pkg/mod/github.com/gogf/gf/v2@v2.2.6/net/ghttp/ghttp_request_middleware.go:49
19. freekey-backend/internal/logic.lSystem.MiddlewareCORS
    /Users/ciel/learn/freekey-backend/internal/logic/system.go:847
20. freekey-backend/internal/service.sSystem.MiddlewareCORS
    /Users/ciel/learn/freekey-backend/internal/service/system.go:137
21. github.com/gogf/gf/v2/net/ghttp.(*middleware).Next.func1.5
    /Users/ciel/go/pkg/mod/github.com/gogf/gf/v2@v2.2.6/net/ghttp/ghttp_request_middleware.go:96
22. github.com/gogf/gf/v2/net/ghttp.niceCallFunc
    /Users/ciel/go/pkg/mod/github.com/gogf/gf/v2@v2.2.6/net/ghttp/ghttp_func.go:55
23. github.com/gogf/gf/v2/net/ghttp.(*middleware).Next.func1
    /Users/ciel/go/pkg/mod/github.com/gogf/gf/v2@v2.2.6/net/ghttp/ghttp_request_middleware.go:95
24. github.com/gogf/gf/v2/util/gutil.TryCatch
    /Users/ciel/go/pkg/mod/github.com/gogf/gf/v2@v2.2.6/util/gutil/gutil.go:56
25. github.com/gogf/gf/v2/net/ghttp.(*middleware).Next
    /Users/ciel/go/pkg/mod/github.com/gogf/gf/v2@v2.2.6/net/ghttp/ghttp_request_middleware.go:49
26. github.com/gogf/gf/v2/net/ghttp.MiddlewareHandlerResponse
    /Users/ciel/go/pkg/mod/github.com/gogf/gf/v2@v2.2.6/net/ghttp/ghttp_middleware_handler_response.go:25
27. github.com/gogf/gf/v2/net/ghttp.(*middleware).Next.func1.5
    /Users/ciel/go/pkg/mod/github.com/gogf/gf/v2@v2.2.6/net/ghttp/ghttp_request_middleware.go:96
28. github.com/gogf/gf/v2/net/ghttp.niceCallFunc
    /Users/ciel/go/pkg/mod/github.com/gogf/gf/v2@v2.2.6/net/ghttp/ghttp_func.go:55
29. github.com/gogf/gf/v2/net/ghttp.(*middleware).Next.func1
    /Users/ciel/go/pkg/mod/github.com/gogf/gf/v2@v2.2.6/net/ghttp/ghttp_request_middleware.go:95
30. github.com/gogf/gf/v2/util/gutil.TryCatch
    /Users/ciel/go/pkg/mod/github.com/gogf/gf/v2@v2.2.6/util/gutil/gutil.go:56
31. github.com/gogf/gf/v2/net/ghttp.(*middleware).Next
    /Users/ciel/go/pkg/mod/github.com/gogf/gf/v2@v2.2.6/net/ghttp/ghttp_request_middleware.go:49
32. github.com/gogf/gf/v2/net/ghttp.internalMiddlewareServerTracing
    /Users/ciel/go/pkg/mod/github.com/gogf/gf/v2@v2.2.6/net/ghttp/ghttp_middleware_tracing.go:78
33. github.com/gogf/gf/v2/net/ghttp.(*middleware).Next.func1.5
    /Users/ciel/go/pkg/mod/github.com/gogf/gf/v2@v2.2.6/net/ghttp/ghttp_request_middleware.go:96
34. github.com/gogf/gf/v2/net/ghttp.niceCallFunc
    /Users/ciel/go/pkg/mod/github.com/gogf/gf/v2@v2.2.6/net/ghttp/ghttp_func.go:55
35. github.com/gogf/gf/v2/net/ghttp.(*middleware).Next.func1
    /Users/ciel/go/pkg/mod/github.com/gogf/gf/v2@v2.2.6/net/ghttp/ghttp_request_middleware.go:95
36. github.com/gogf/gf/v2/util/gutil.TryCatch
    /Users/ciel/go/pkg/mod/github.com/gogf/gf/v2@v2.2.6/util/gutil/gutil.go:56
37. github.com/gogf/gf/v2/net/ghttp.(*middleware).Next
    /Users/ciel/go/pkg/mod/github.com/gogf/gf/v2@v2.2.6/net/ghttp/ghttp_request_middleware.go:49
38. github.com/gogf/gf/v2/net/ghttp.(*Server).ServeHTTP
    /Users/ciel/go/pkg/mod/github.com/gogf/gf/v2@v2.2.6/net/ghttp/ghttp_server_handler.go:132

2023-01-15 23:55:40.041 [ERRO] {b897bc4a8a863a1765298f4249fd0ed5} /Users/ciel/learn/freekey-backend/internal/logic/system.go:164: sql: no rows in result set
Stack:
1.  freekey-backend/internal/logic.lMenu.GetMenuByPath
    /Users/ciel/learn/freekey-backend/internal/logic/system.go:164
2.  freekey-backend/internal/service.sAdmin.GetMenu
    /Users/ciel/learn/freekey-backend/internal/service/system.go:333
3.  freekey-backend/internal/controller.cAdmin.GetMenu
    /Users/ciel/learn/freekey-backend/internal/controller/system.go:250
4.  github.com/gogf/gf/v2/net/ghttp.(*middleware).callHandlerFunc.func1
    /Users/ciel/go/pkg/mod/github.com/gogf/gf/v2@v2.2.6/net/ghttp/ghttp_request_middleware.go:152
5.  github.com/gogf/gf/v2/net/ghttp.niceCallFunc
    /Users/ciel/go/pkg/mod/github.com/gogf/gf/v2@v2.2.6/net/ghttp/ghttp_func.go:55
6.  github.com/gogf/gf/v2/net/ghttp.(*middleware).callHandlerFunc
    /Users/ciel/go/pkg/mod/github.com/gogf/gf/v2@v2.2.6/net/ghttp/ghttp_request_middleware.go:129
7.  github.com/gogf/gf/v2/net/ghttp.(*middleware).Next.func1.4
    /Users/ciel/go/pkg/mod/github.com/gogf/gf/v2@v2.2.6/net/ghttp/ghttp_request_middleware.go:90
8.  github.com/gogf/gf/v2/net/ghttp.niceCallFunc
    /Users/ciel/go/pkg/mod/github.com/gogf/gf/v2@v2.2.6/net/ghttp/ghttp_func.go:55
9.  github.com/gogf/gf/v2/net/ghttp.(*middleware).Next.func1
    /Users/ciel/go/pkg/mod/github.com/gogf/gf/v2@v2.2.6/net/ghttp/ghttp_request_middleware.go:89
10. github.com/gogf/gf/v2/util/gutil.TryCatch
    /Users/ciel/go/pkg/mod/github.com/gogf/gf/v2@v2.2.6/util/gutil/gutil.go:56
11. github.com/gogf/gf/v2/net/ghttp.(*middleware).Next
    /Users/ciel/go/pkg/mod/github.com/gogf/gf/v2@v2.2.6/net/ghttp/ghttp_request_middleware.go:49
12. freekey-backend/internal/logic.lAdmin.MiddlewareAuthToken
    /Users/ciel/learn/freekey-backend/internal/logic/system.go:1188
13. freekey-backend/internal/service.sAdmin.MiddlewareAuth
    /Users/ciel/learn/freekey-backend/internal/service/system.go:306
14. github.com/gogf/gf/v2/net/ghttp.(*middleware).Next.func1.1
    /Users/ciel/go/pkg/mod/github.com/gogf/gf/v2@v2.2.6/net/ghttp/ghttp_request_middleware.go:55
15. github.com/gogf/gf/v2/net/ghttp.niceCallFunc
    /Users/ciel/go/pkg/mod/github.com/gogf/gf/v2@v2.2.6/net/ghttp/ghttp_func.go:55
16. github.com/gogf/gf/v2/net/ghttp.(*middleware).Next.func1
    /Users/ciel/go/pkg/mod/github.com/gogf/gf/v2@v2.2.6/net/ghttp/ghttp_request_middleware.go:54
17. github.com/gogf/gf/v2/util/gutil.TryCatch
    /Users/ciel/go/pkg/mod/github.com/gogf/gf/v2@v2.2.6/util/gutil/gutil.go:56
18. github.com/gogf/gf/v2/net/ghttp.(*middleware).Next
    /Users/ciel/go/pkg/mod/github.com/gogf/gf/v2@v2.2.6/net/ghttp/ghttp_request_middleware.go:49
19. freekey-backend/internal/logic.lSystem.MiddlewareCORS
    /Users/ciel/learn/freekey-backend/internal/logic/system.go:847
20. freekey-backend/internal/service.sSystem.MiddlewareCORS
    /Users/ciel/learn/freekey-backend/internal/service/system.go:137
21. github.com/gogf/gf/v2/net/ghttp.(*middleware).Next.func1.5
    /Users/ciel/go/pkg/mod/github.com/gogf/gf/v2@v2.2.6/net/ghttp/ghttp_request_middleware.go:96
22. github.com/gogf/gf/v2/net/ghttp.niceCallFunc
    /Users/ciel/go/pkg/mod/github.com/gogf/gf/v2@v2.2.6/net/ghttp/ghttp_func.go:55
23. github.com/gogf/gf/v2/net/ghttp.(*middleware).Next.func1
    /Users/ciel/go/pkg/mod/github.com/gogf/gf/v2@v2.2.6/net/ghttp/ghttp_request_middleware.go:95
24. github.com/gogf/gf/v2/util/gutil.TryCatch
    /Users/ciel/go/pkg/mod/github.com/gogf/gf/v2@v2.2.6/util/gutil/gutil.go:56
25. github.com/gogf/gf/v2/net/ghttp.(*middleware).Next
    /Users/ciel/go/pkg/mod/github.com/gogf/gf/v2@v2.2.6/net/ghttp/ghttp_request_middleware.go:49
26. github.com/gogf/gf/v2/net/ghttp.MiddlewareHandlerResponse
    /Users/ciel/go/pkg/mod/github.com/gogf/gf/v2@v2.2.6/net/ghttp/ghttp_middleware_handler_response.go:25
27. github.com/gogf/gf/v2/net/ghttp.(*middleware).Next.func1.5
    /Users/ciel/go/pkg/mod/github.com/gogf/gf/v2@v2.2.6/net/ghttp/ghttp_request_middleware.go:96
28. github.com/gogf/gf/v2/net/ghttp.niceCallFunc
    /Users/ciel/go/pkg/mod/github.com/gogf/gf/v2@v2.2.6/net/ghttp/ghttp_func.go:55
29. github.com/gogf/gf/v2/net/ghttp.(*middleware).Next.func1
    /Users/ciel/go/pkg/mod/github.com/gogf/gf/v2@v2.2.6/net/ghttp/ghttp_request_middleware.go:95
30. github.com/gogf/gf/v2/util/gutil.TryCatch
    /Users/ciel/go/pkg/mod/github.com/gogf/gf/v2@v2.2.6/util/gutil/gutil.go:56
31. github.com/gogf/gf/v2/net/ghttp.(*middleware).Next
    /Users/ciel/go/pkg/mod/github.com/gogf/gf/v2@v2.2.6/net/ghttp/ghttp_request_middleware.go:49
32. github.com/gogf/gf/v2/net/ghttp.internalMiddlewareServerTracing
    /Users/ciel/go/pkg/mod/github.com/gogf/gf/v2@v2.2.6/net/ghttp/ghttp_middleware_tracing.go:78
33. github.com/gogf/gf/v2/net/ghttp.(*middleware).Next.func1.5
    /Users/ciel/go/pkg/mod/github.com/gogf/gf/v2@v2.2.6/net/ghttp/ghttp_request_middleware.go:96
34. github.com/gogf/gf/v2/net/ghttp.niceCallFunc
    /Users/ciel/go/pkg/mod/github.com/gogf/gf/v2@v2.2.6/net/ghttp/ghttp_func.go:55
35. github.com/gogf/gf/v2/net/ghttp.(*middleware).Next.func1
    /Users/ciel/go/pkg/mod/github.com/gogf/gf/v2@v2.2.6/net/ghttp/ghttp_request_middleware.go:95
36. github.com/gogf/gf/v2/util/gutil.TryCatch
    /Users/ciel/go/pkg/mod/github.com/gogf/gf/v2@v2.2.6/util/gutil/gutil.go:56
37. github.com/gogf/gf/v2/net/ghttp.(*middleware).Next
    /Users/ciel/go/pkg/mod/github.com/gogf/gf/v2@v2.2.6/net/ghttp/ghttp_request_middleware.go:49
38. github.com/gogf/gf/v2/net/ghttp.(*Server).ServeHTTP
    /Users/ciel/go/pkg/mod/github.com/gogf/gf/v2@v2.2.6/net/ghttp/ghttp_server_handler.go:132

2023-01-15 23:56:13.053 [ERRO] {e08b75fa91863a1774298f42871e7ec8} /Users/ciel/learn/freekey-backend/internal/logic/system.go:164: sql: no rows in result set
Stack:
1.  freekey-backend/internal/logic.lMenu.GetMenuByPath
    /Users/ciel/learn/freekey-backend/internal/logic/system.go:164
2.  freekey-backend/internal/service.sAdmin.GetMenu
    /Users/ciel/learn/freekey-backend/internal/service/system.go:333
3.  freekey-backend/internal/controller.cAdmin.GetMenu
    /Users/ciel/learn/freekey-backend/internal/controller/system.go:250
4.  github.com/gogf/gf/v2/net/ghttp.(*middleware).callHandlerFunc.func1
    /Users/ciel/go/pkg/mod/github.com/gogf/gf/v2@v2.2.6/net/ghttp/ghttp_request_middleware.go:152
5.  github.com/gogf/gf/v2/net/ghttp.niceCallFunc
    /Users/ciel/go/pkg/mod/github.com/gogf/gf/v2@v2.2.6/net/ghttp/ghttp_func.go:55
6.  github.com/gogf/gf/v2/net/ghttp.(*middleware).callHandlerFunc
    /Users/ciel/go/pkg/mod/github.com/gogf/gf/v2@v2.2.6/net/ghttp/ghttp_request_middleware.go:129
7.  github.com/gogf/gf/v2/net/ghttp.(*middleware).Next.func1.4
    /Users/ciel/go/pkg/mod/github.com/gogf/gf/v2@v2.2.6/net/ghttp/ghttp_request_middleware.go:90
8.  github.com/gogf/gf/v2/net/ghttp.niceCallFunc
    /Users/ciel/go/pkg/mod/github.com/gogf/gf/v2@v2.2.6/net/ghttp/ghttp_func.go:55
9.  github.com/gogf/gf/v2/net/ghttp.(*middleware).Next.func1
    /Users/ciel/go/pkg/mod/github.com/gogf/gf/v2@v2.2.6/net/ghttp/ghttp_request_middleware.go:89
10. github.com/gogf/gf/v2/util/gutil.TryCatch
    /Users/ciel/go/pkg/mod/github.com/gogf/gf/v2@v2.2.6/util/gutil/gutil.go:56
11. github.com/gogf/gf/v2/net/ghttp.(*middleware).Next
    /Users/ciel/go/pkg/mod/github.com/gogf/gf/v2@v2.2.6/net/ghttp/ghttp_request_middleware.go:49
12. freekey-backend/internal/logic.lAdmin.MiddlewareAuthToken
    /Users/ciel/learn/freekey-backend/internal/logic/system.go:1188
13. freekey-backend/internal/service.sAdmin.MiddlewareAuth
    /Users/ciel/learn/freekey-backend/internal/service/system.go:306
14. github.com/gogf/gf/v2/net/ghttp.(*middleware).Next.func1.1
    /Users/ciel/go/pkg/mod/github.com/gogf/gf/v2@v2.2.6/net/ghttp/ghttp_request_middleware.go:55
15. github.com/gogf/gf/v2/net/ghttp.niceCallFunc
    /Users/ciel/go/pkg/mod/github.com/gogf/gf/v2@v2.2.6/net/ghttp/ghttp_func.go:55
16. github.com/gogf/gf/v2/net/ghttp.(*middleware).Next.func1
    /Users/ciel/go/pkg/mod/github.com/gogf/gf/v2@v2.2.6/net/ghttp/ghttp_request_middleware.go:54
17. github.com/gogf/gf/v2/util/gutil.TryCatch
    /Users/ciel/go/pkg/mod/github.com/gogf/gf/v2@v2.2.6/util/gutil/gutil.go:56
18. github.com/gogf/gf/v2/net/ghttp.(*middleware).Next
    /Users/ciel/go/pkg/mod/github.com/gogf/gf/v2@v2.2.6/net/ghttp/ghttp_request_middleware.go:49
19. freekey-backend/internal/logic.lSystem.MiddlewareCORS
    /Users/ciel/learn/freekey-backend/internal/logic/system.go:847
20. freekey-backend/internal/service.sSystem.MiddlewareCORS
    /Users/ciel/learn/freekey-backend/internal/service/system.go:137
21. github.com/gogf/gf/v2/net/ghttp.(*middleware).Next.func1.5
    /Users/ciel/go/pkg/mod/github.com/gogf/gf/v2@v2.2.6/net/ghttp/ghttp_request_middleware.go:96
22. github.com/gogf/gf/v2/net/ghttp.niceCallFunc
    /Users/ciel/go/pkg/mod/github.com/gogf/gf/v2@v2.2.6/net/ghttp/ghttp_func.go:55
23. github.com/gogf/gf/v2/net/ghttp.(*middleware).Next.func1
    /Users/ciel/go/pkg/mod/github.com/gogf/gf/v2@v2.2.6/net/ghttp/ghttp_request_middleware.go:95
24. github.com/gogf/gf/v2/util/gutil.TryCatch
    /Users/ciel/go/pkg/mod/github.com/gogf/gf/v2@v2.2.6/util/gutil/gutil.go:56
25. github.com/gogf/gf/v2/net/ghttp.(*middleware).Next
    /Users/ciel/go/pkg/mod/github.com/gogf/gf/v2@v2.2.6/net/ghttp/ghttp_request_middleware.go:49
26. github.com/gogf/gf/v2/net/ghttp.MiddlewareHandlerResponse
    /Users/ciel/go/pkg/mod/github.com/gogf/gf/v2@v2.2.6/net/ghttp/ghttp_middleware_handler_response.go:25
27. github.com/gogf/gf/v2/net/ghttp.(*middleware).Next.func1.5
    /Users/ciel/go/pkg/mod/github.com/gogf/gf/v2@v2.2.6/net/ghttp/ghttp_request_middleware.go:96
28. github.com/gogf/gf/v2/net/ghttp.niceCallFunc
    /Users/ciel/go/pkg/mod/github.com/gogf/gf/v2@v2.2.6/net/ghttp/ghttp_func.go:55
29. github.com/gogf/gf/v2/net/ghttp.(*middleware).Next.func1
    /Users/ciel/go/pkg/mod/github.com/gogf/gf/v2@v2.2.6/net/ghttp/ghttp_request_middleware.go:95
30. github.com/gogf/gf/v2/util/gutil.TryCatch
    /Users/ciel/go/pkg/mod/github.com/gogf/gf/v2@v2.2.6/util/gutil/gutil.go:56
31. github.com/gogf/gf/v2/net/ghttp.(*middleware).Next
    /Users/ciel/go/pkg/mod/github.com/gogf/gf/v2@v2.2.6/net/ghttp/ghttp_request_middleware.go:49
32. github.com/gogf/gf/v2/net/ghttp.internalMiddlewareServerTracing
    /Users/ciel/go/pkg/mod/github.com/gogf/gf/v2@v2.2.6/net/ghttp/ghttp_middleware_tracing.go:78
33. github.com/gogf/gf/v2/net/ghttp.(*middleware).Next.func1.5
    /Users/ciel/go/pkg/mod/github.com/gogf/gf/v2@v2.2.6/net/ghttp/ghttp_request_middleware.go:96
34. github.com/gogf/gf/v2/net/ghttp.niceCallFunc
    /Users/ciel/go/pkg/mod/github.com/gogf/gf/v2@v2.2.6/net/ghttp/ghttp_func.go:55
35. github.com/gogf/gf/v2/net/ghttp.(*middleware).Next.func1
    /Users/ciel/go/pkg/mod/github.com/gogf/gf/v2@v2.2.6/net/ghttp/ghttp_request_middleware.go:95
36. github.com/gogf/gf/v2/util/gutil.TryCatch
    /Users/ciel/go/pkg/mod/github.com/gogf/gf/v2@v2.2.6/util/gutil/gutil.go:56
37. github.com/gogf/gf/v2/net/ghttp.(*middleware).Next
    /Users/ciel/go/pkg/mod/github.com/gogf/gf/v2@v2.2.6/net/ghttp/ghttp_request_middleware.go:49
38. github.com/gogf/gf/v2/net/ghttp.(*Server).ServeHTTP
    /Users/ciel/go/pkg/mod/github.com/gogf/gf/v2@v2.2.6/net/ghttp/ghttp_server_handler.go:132

2023-01-15 23:56:33.412 [ERRO] {8810e6b796863a177e298f422beecdeb} /Users/ciel/learn/freekey-backend/internal/logic/system.go:164: sql: no rows in result set
Stack:
1.  freekey-backend/internal/logic.lMenu.GetMenuByPath
    /Users/ciel/learn/freekey-backend/internal/logic/system.go:164
2.  freekey-backend/internal/service.sAdmin.GetMenu
    /Users/ciel/learn/freekey-backend/internal/service/system.go:333
3.  freekey-backend/internal/controller.cAdmin.GetMenu
    /Users/ciel/learn/freekey-backend/internal/controller/system.go:250
4.  github.com/gogf/gf/v2/net/ghttp.(*middleware).callHandlerFunc.func1
    /Users/ciel/go/pkg/mod/github.com/gogf/gf/v2@v2.2.6/net/ghttp/ghttp_request_middleware.go:152
5.  github.com/gogf/gf/v2/net/ghttp.niceCallFunc
    /Users/ciel/go/pkg/mod/github.com/gogf/gf/v2@v2.2.6/net/ghttp/ghttp_func.go:55
6.  github.com/gogf/gf/v2/net/ghttp.(*middleware).callHandlerFunc
    /Users/ciel/go/pkg/mod/github.com/gogf/gf/v2@v2.2.6/net/ghttp/ghttp_request_middleware.go:129
7.  github.com/gogf/gf/v2/net/ghttp.(*middleware).Next.func1.4
    /Users/ciel/go/pkg/mod/github.com/gogf/gf/v2@v2.2.6/net/ghttp/ghttp_request_middleware.go:90
8.  github.com/gogf/gf/v2/net/ghttp.niceCallFunc
    /Users/ciel/go/pkg/mod/github.com/gogf/gf/v2@v2.2.6/net/ghttp/ghttp_func.go:55
9.  github.com/gogf/gf/v2/net/ghttp.(*middleware).Next.func1
    /Users/ciel/go/pkg/mod/github.com/gogf/gf/v2@v2.2.6/net/ghttp/ghttp_request_middleware.go:89
10. github.com/gogf/gf/v2/util/gutil.TryCatch
    /Users/ciel/go/pkg/mod/github.com/gogf/gf/v2@v2.2.6/util/gutil/gutil.go:56
11. github.com/gogf/gf/v2/net/ghttp.(*middleware).Next
    /Users/ciel/go/pkg/mod/github.com/gogf/gf/v2@v2.2.6/net/ghttp/ghttp_request_middleware.go:49
12. freekey-backend/internal/logic.lAdmin.MiddlewareAuthToken
    /Users/ciel/learn/freekey-backend/internal/logic/system.go:1188
13. freekey-backend/internal/service.sAdmin.MiddlewareAuth
    /Users/ciel/learn/freekey-backend/internal/service/system.go:306
14. github.com/gogf/gf/v2/net/ghttp.(*middleware).Next.func1.1
    /Users/ciel/go/pkg/mod/github.com/gogf/gf/v2@v2.2.6/net/ghttp/ghttp_request_middleware.go:55
15. github.com/gogf/gf/v2/net/ghttp.niceCallFunc
    /Users/ciel/go/pkg/mod/github.com/gogf/gf/v2@v2.2.6/net/ghttp/ghttp_func.go:55
16. github.com/gogf/gf/v2/net/ghttp.(*middleware).Next.func1
    /Users/ciel/go/pkg/mod/github.com/gogf/gf/v2@v2.2.6/net/ghttp/ghttp_request_middleware.go:54
17. github.com/gogf/gf/v2/util/gutil.TryCatch
    /Users/ciel/go/pkg/mod/github.com/gogf/gf/v2@v2.2.6/util/gutil/gutil.go:56
18. github.com/gogf/gf/v2/net/ghttp.(*middleware).Next
    /Users/ciel/go/pkg/mod/github.com/gogf/gf/v2@v2.2.6/net/ghttp/ghttp_request_middleware.go:49
19. freekey-backend/internal/logic.lSystem.MiddlewareCORS
    /Users/ciel/learn/freekey-backend/internal/logic/system.go:847
20. freekey-backend/internal/service.sSystem.MiddlewareCORS
    /Users/ciel/learn/freekey-backend/internal/service/system.go:137
21. github.com/gogf/gf/v2/net/ghttp.(*middleware).Next.func1.5
    /Users/ciel/go/pkg/mod/github.com/gogf/gf/v2@v2.2.6/net/ghttp/ghttp_request_middleware.go:96
22. github.com/gogf/gf/v2/net/ghttp.niceCallFunc
    /Users/ciel/go/pkg/mod/github.com/gogf/gf/v2@v2.2.6/net/ghttp/ghttp_func.go:55
23. github.com/gogf/gf/v2/net/ghttp.(*middleware).Next.func1
    /Users/ciel/go/pkg/mod/github.com/gogf/gf/v2@v2.2.6/net/ghttp/ghttp_request_middleware.go:95
24. github.com/gogf/gf/v2/util/gutil.TryCatch
    /Users/ciel/go/pkg/mod/github.com/gogf/gf/v2@v2.2.6/util/gutil/gutil.go:56
25. github.com/gogf/gf/v2/net/ghttp.(*middleware).Next
    /Users/ciel/go/pkg/mod/github.com/gogf/gf/v2@v2.2.6/net/ghttp/ghttp_request_middleware.go:49
26. github.com/gogf/gf/v2/net/ghttp.MiddlewareHandlerResponse
    /Users/ciel/go/pkg/mod/github.com/gogf/gf/v2@v2.2.6/net/ghttp/ghttp_middleware_handler_response.go:25
27. github.com/gogf/gf/v2/net/ghttp.(*middleware).Next.func1.5
    /Users/ciel/go/pkg/mod/github.com/gogf/gf/v2@v2.2.6/net/ghttp/ghttp_request_middleware.go:96
28. github.com/gogf/gf/v2/net/ghttp.niceCallFunc
    /Users/ciel/go/pkg/mod/github.com/gogf/gf/v2@v2.2.6/net/ghttp/ghttp_func.go:55
29. github.com/gogf/gf/v2/net/ghttp.(*middleware).Next.func1
    /Users/ciel/go/pkg/mod/github.com/gogf/gf/v2@v2.2.6/net/ghttp/ghttp_request_middleware.go:95
30. github.com/gogf/gf/v2/util/gutil.TryCatch
    /Users/ciel/go/pkg/mod/github.com/gogf/gf/v2@v2.2.6/util/gutil/gutil.go:56
31. github.com/gogf/gf/v2/net/ghttp.(*middleware).Next
    /Users/ciel/go/pkg/mod/github.com/gogf/gf/v2@v2.2.6/net/ghttp/ghttp_request_middleware.go:49
32. github.com/gogf/gf/v2/net/ghttp.internalMiddlewareServerTracing
    /Users/ciel/go/pkg/mod/github.com/gogf/gf/v2@v2.2.6/net/ghttp/ghttp_middleware_tracing.go:78
33. github.com/gogf/gf/v2/net/ghttp.(*middleware).Next.func1.5
    /Users/ciel/go/pkg/mod/github.com/gogf/gf/v2@v2.2.6/net/ghttp/ghttp_request_middleware.go:96
34. github.com/gogf/gf/v2/net/ghttp.niceCallFunc
    /Users/ciel/go/pkg/mod/github.com/gogf/gf/v2@v2.2.6/net/ghttp/ghttp_func.go:55
35. github.com/gogf/gf/v2/net/ghttp.(*middleware).Next.func1
    /Users/ciel/go/pkg/mod/github.com/gogf/gf/v2@v2.2.6/net/ghttp/ghttp_request_middleware.go:95
36. github.com/gogf/gf/v2/util/gutil.TryCatch
    /Users/ciel/go/pkg/mod/github.com/gogf/gf/v2@v2.2.6/util/gutil/gutil.go:56
37. github.com/gogf/gf/v2/net/ghttp.(*middleware).Next
    /Users/ciel/go/pkg/mod/github.com/gogf/gf/v2@v2.2.6/net/ghttp/ghttp_request_middleware.go:49
38. github.com/gogf/gf/v2/net/ghttp.(*Server).ServeHTTP
    /Users/ciel/go/pkg/mod/github.com/gogf/gf/v2@v2.2.6/net/ghttp/ghttp_server_handler.go:132

2023-01-15 23:56:42.757 [ERRO] {e84efae498863a1790298f42e8e2d6be} /Users/ciel/learn/freekey-backend/internal/logic/system.go:164: sql: no rows in result set
Stack:
1.  freekey-backend/internal/logic.lMenu.GetMenuByPath
    /Users/ciel/learn/freekey-backend/internal/logic/system.go:164
2.  freekey-backend/internal/service.sAdmin.GetMenu
    /Users/ciel/learn/freekey-backend/internal/service/system.go:333
3.  freekey-backend/internal/controller.cAdmin.GetMenu
    /Users/ciel/learn/freekey-backend/internal/controller/system.go:250
4.  github.com/gogf/gf/v2/net/ghttp.(*middleware).callHandlerFunc.func1
    /Users/ciel/go/pkg/mod/github.com/gogf/gf/v2@v2.2.6/net/ghttp/ghttp_request_middleware.go:152
5.  github.com/gogf/gf/v2/net/ghttp.niceCallFunc
    /Users/ciel/go/pkg/mod/github.com/gogf/gf/v2@v2.2.6/net/ghttp/ghttp_func.go:55
6.  github.com/gogf/gf/v2/net/ghttp.(*middleware).callHandlerFunc
    /Users/ciel/go/pkg/mod/github.com/gogf/gf/v2@v2.2.6/net/ghttp/ghttp_request_middleware.go:129
7.  github.com/gogf/gf/v2/net/ghttp.(*middleware).Next.func1.4
    /Users/ciel/go/pkg/mod/github.com/gogf/gf/v2@v2.2.6/net/ghttp/ghttp_request_middleware.go:90
8.  github.com/gogf/gf/v2/net/ghttp.niceCallFunc
    /Users/ciel/go/pkg/mod/github.com/gogf/gf/v2@v2.2.6/net/ghttp/ghttp_func.go:55
9.  github.com/gogf/gf/v2/net/ghttp.(*middleware).Next.func1
    /Users/ciel/go/pkg/mod/github.com/gogf/gf/v2@v2.2.6/net/ghttp/ghttp_request_middleware.go:89
10. github.com/gogf/gf/v2/util/gutil.TryCatch
    /Users/ciel/go/pkg/mod/github.com/gogf/gf/v2@v2.2.6/util/gutil/gutil.go:56
11. github.com/gogf/gf/v2/net/ghttp.(*middleware).Next
    /Users/ciel/go/pkg/mod/github.com/gogf/gf/v2@v2.2.6/net/ghttp/ghttp_request_middleware.go:49
12. freekey-backend/internal/logic.lAdmin.MiddlewareAuthToken
    /Users/ciel/learn/freekey-backend/internal/logic/system.go:1188
13. freekey-backend/internal/service.sAdmin.MiddlewareAuth
    /Users/ciel/learn/freekey-backend/internal/service/system.go:306
14. github.com/gogf/gf/v2/net/ghttp.(*middleware).Next.func1.1
    /Users/ciel/go/pkg/mod/github.com/gogf/gf/v2@v2.2.6/net/ghttp/ghttp_request_middleware.go:55
15. github.com/gogf/gf/v2/net/ghttp.niceCallFunc
    /Users/ciel/go/pkg/mod/github.com/gogf/gf/v2@v2.2.6/net/ghttp/ghttp_func.go:55
16. github.com/gogf/gf/v2/net/ghttp.(*middleware).Next.func1
    /Users/ciel/go/pkg/mod/github.com/gogf/gf/v2@v2.2.6/net/ghttp/ghttp_request_middleware.go:54
17. github.com/gogf/gf/v2/util/gutil.TryCatch
    /Users/ciel/go/pkg/mod/github.com/gogf/gf/v2@v2.2.6/util/gutil/gutil.go:56
18. github.com/gogf/gf/v2/net/ghttp.(*middleware).Next
    /Users/ciel/go/pkg/mod/github.com/gogf/gf/v2@v2.2.6/net/ghttp/ghttp_request_middleware.go:49
19. freekey-backend/internal/logic.lSystem.MiddlewareCORS
    /Users/ciel/learn/freekey-backend/internal/logic/system.go:847
20. freekey-backend/internal/service.sSystem.MiddlewareCORS
    /Users/ciel/learn/freekey-backend/internal/service/system.go:137
21. github.com/gogf/gf/v2/net/ghttp.(*middleware).Next.func1.5
    /Users/ciel/go/pkg/mod/github.com/gogf/gf/v2@v2.2.6/net/ghttp/ghttp_request_middleware.go:96
22. github.com/gogf/gf/v2/net/ghttp.niceCallFunc
    /Users/ciel/go/pkg/mod/github.com/gogf/gf/v2@v2.2.6/net/ghttp/ghttp_func.go:55
23. github.com/gogf/gf/v2/net/ghttp.(*middleware).Next.func1
    /Users/ciel/go/pkg/mod/github.com/gogf/gf/v2@v2.2.6/net/ghttp/ghttp_request_middleware.go:95
24. github.com/gogf/gf/v2/util/gutil.TryCatch
    /Users/ciel/go/pkg/mod/github.com/gogf/gf/v2@v2.2.6/util/gutil/gutil.go:56
25. github.com/gogf/gf/v2/net/ghttp.(*middleware).Next
    /Users/ciel/go/pkg/mod/github.com/gogf/gf/v2@v2.2.6/net/ghttp/ghttp_request_middleware.go:49
26. github.com/gogf/gf/v2/net/ghttp.MiddlewareHandlerResponse
    /Users/ciel/go/pkg/mod/github.com/gogf/gf/v2@v2.2.6/net/ghttp/ghttp_middleware_handler_response.go:25
27. github.com/gogf/gf/v2/net/ghttp.(*middleware).Next.func1.5
    /Users/ciel/go/pkg/mod/github.com/gogf/gf/v2@v2.2.6/net/ghttp/ghttp_request_middleware.go:96
28. github.com/gogf/gf/v2/net/ghttp.niceCallFunc
    /Users/ciel/go/pkg/mod/github.com/gogf/gf/v2@v2.2.6/net/ghttp/ghttp_func.go:55
29. github.com/gogf/gf/v2/net/ghttp.(*middleware).Next.func1
    /Users/ciel/go/pkg/mod/github.com/gogf/gf/v2@v2.2.6/net/ghttp/ghttp_request_middleware.go:95
30. github.com/gogf/gf/v2/util/gutil.TryCatch
    /Users/ciel/go/pkg/mod/github.com/gogf/gf/v2@v2.2.6/util/gutil/gutil.go:56
31. github.com/gogf/gf/v2/net/ghttp.(*middleware).Next
    /Users/ciel/go/pkg/mod/github.com/gogf/gf/v2@v2.2.6/net/ghttp/ghttp_request_middleware.go:49
32. github.com/gogf/gf/v2/net/ghttp.internalMiddlewareServerTracing
    /Users/ciel/go/pkg/mod/github.com/gogf/gf/v2@v2.2.6/net/ghttp/ghttp_middleware_tracing.go:78
33. github.com/gogf/gf/v2/net/ghttp.(*middleware).Next.func1.5
    /Users/ciel/go/pkg/mod/github.com/gogf/gf/v2@v2.2.6/net/ghttp/ghttp_request_middleware.go:96
34. github.com/gogf/gf/v2/net/ghttp.niceCallFunc
    /Users/ciel/go/pkg/mod/github.com/gogf/gf/v2@v2.2.6/net/ghttp/ghttp_func.go:55
35. github.com/gogf/gf/v2/net/ghttp.(*middleware).Next.func1
    /Users/ciel/go/pkg/mod/github.com/gogf/gf/v2@v2.2.6/net/ghttp/ghttp_request_middleware.go:95
36. github.com/gogf/gf/v2/util/gutil.TryCatch
    /Users/ciel/go/pkg/mod/github.com/gogf/gf/v2@v2.2.6/util/gutil/gutil.go:56
37. github.com/gogf/gf/v2/net/ghttp.(*middleware).Next
    /Users/ciel/go/pkg/mod/github.com/gogf/gf/v2@v2.2.6/net/ghttp/ghttp_request_middleware.go:49
38. github.com/gogf/gf/v2/net/ghttp.(*Server).ServeHTTP
    /Users/ciel/go/pkg/mod/github.com/gogf/gf/v2@v2.2.6/net/ghttp/ghttp_server_handler.go:132

2023-01-15 23:56:49.543 [ERRO] {f04655799a863a179a298f4270743516} /Users/ciel/learn/freekey-backend/internal/logic/system.go:164: sql: no rows in result set
Stack:
1.  freekey-backend/internal/logic.lMenu.GetMenuByPath
    /Users/ciel/learn/freekey-backend/internal/logic/system.go:164
2.  freekey-backend/internal/service.sAdmin.GetMenu
    /Users/ciel/learn/freekey-backend/internal/service/system.go:333
3.  freekey-backend/internal/controller.cAdmin.GetMenu
    /Users/ciel/learn/freekey-backend/internal/controller/system.go:250
4.  github.com/gogf/gf/v2/net/ghttp.(*middleware).callHandlerFunc.func1
    /Users/ciel/go/pkg/mod/github.com/gogf/gf/v2@v2.2.6/net/ghttp/ghttp_request_middleware.go:152
5.  github.com/gogf/gf/v2/net/ghttp.niceCallFunc
    /Users/ciel/go/pkg/mod/github.com/gogf/gf/v2@v2.2.6/net/ghttp/ghttp_func.go:55
6.  github.com/gogf/gf/v2/net/ghttp.(*middleware).callHandlerFunc
    /Users/ciel/go/pkg/mod/github.com/gogf/gf/v2@v2.2.6/net/ghttp/ghttp_request_middleware.go:129
7.  github.com/gogf/gf/v2/net/ghttp.(*middleware).Next.func1.4
    /Users/ciel/go/pkg/mod/github.com/gogf/gf/v2@v2.2.6/net/ghttp/ghttp_request_middleware.go:90
8.  github.com/gogf/gf/v2/net/ghttp.niceCallFunc
    /Users/ciel/go/pkg/mod/github.com/gogf/gf/v2@v2.2.6/net/ghttp/ghttp_func.go:55
9.  github.com/gogf/gf/v2/net/ghttp.(*middleware).Next.func1
    /Users/ciel/go/pkg/mod/github.com/gogf/gf/v2@v2.2.6/net/ghttp/ghttp_request_middleware.go:89
10. github.com/gogf/gf/v2/util/gutil.TryCatch
    /Users/ciel/go/pkg/mod/github.com/gogf/gf/v2@v2.2.6/util/gutil/gutil.go:56
11. github.com/gogf/gf/v2/net/ghttp.(*middleware).Next
    /Users/ciel/go/pkg/mod/github.com/gogf/gf/v2@v2.2.6/net/ghttp/ghttp_request_middleware.go:49
12. freekey-backend/internal/logic.lAdmin.MiddlewareAuthToken
    /Users/ciel/learn/freekey-backend/internal/logic/system.go:1188
13. freekey-backend/internal/service.sAdmin.MiddlewareAuth
    /Users/ciel/learn/freekey-backend/internal/service/system.go:306
14. github.com/gogf/gf/v2/net/ghttp.(*middleware).Next.func1.1
    /Users/ciel/go/pkg/mod/github.com/gogf/gf/v2@v2.2.6/net/ghttp/ghttp_request_middleware.go:55
15. github.com/gogf/gf/v2/net/ghttp.niceCallFunc
    /Users/ciel/go/pkg/mod/github.com/gogf/gf/v2@v2.2.6/net/ghttp/ghttp_func.go:55
16. github.com/gogf/gf/v2/net/ghttp.(*middleware).Next.func1
    /Users/ciel/go/pkg/mod/github.com/gogf/gf/v2@v2.2.6/net/ghttp/ghttp_request_middleware.go:54
17. github.com/gogf/gf/v2/util/gutil.TryCatch
    /Users/ciel/go/pkg/mod/github.com/gogf/gf/v2@v2.2.6/util/gutil/gutil.go:56
18. github.com/gogf/gf/v2/net/ghttp.(*middleware).Next
    /Users/ciel/go/pkg/mod/github.com/gogf/gf/v2@v2.2.6/net/ghttp/ghttp_request_middleware.go:49
19. freekey-backend/internal/logic.lSystem.MiddlewareCORS
    /Users/ciel/learn/freekey-backend/internal/logic/system.go:847
20. freekey-backend/internal/service.sSystem.MiddlewareCORS
    /Users/ciel/learn/freekey-backend/internal/service/system.go:137
21. github.com/gogf/gf/v2/net/ghttp.(*middleware).Next.func1.5
    /Users/ciel/go/pkg/mod/github.com/gogf/gf/v2@v2.2.6/net/ghttp/ghttp_request_middleware.go:96
22. github.com/gogf/gf/v2/net/ghttp.niceCallFunc
    /Users/ciel/go/pkg/mod/github.com/gogf/gf/v2@v2.2.6/net/ghttp/ghttp_func.go:55
23. github.com/gogf/gf/v2/net/ghttp.(*middleware).Next.func1
    /Users/ciel/go/pkg/mod/github.com/gogf/gf/v2@v2.2.6/net/ghttp/ghttp_request_middleware.go:95
24. github.com/gogf/gf/v2/util/gutil.TryCatch
    /Users/ciel/go/pkg/mod/github.com/gogf/gf/v2@v2.2.6/util/gutil/gutil.go:56
25. github.com/gogf/gf/v2/net/ghttp.(*middleware).Next
    /Users/ciel/go/pkg/mod/github.com/gogf/gf/v2@v2.2.6/net/ghttp/ghttp_request_middleware.go:49
26. github.com/gogf/gf/v2/net/ghttp.MiddlewareHandlerResponse
    /Users/ciel/go/pkg/mod/github.com/gogf/gf/v2@v2.2.6/net/ghttp/ghttp_middleware_handler_response.go:25
27. github.com/gogf/gf/v2/net/ghttp.(*middleware).Next.func1.5
    /Users/ciel/go/pkg/mod/github.com/gogf/gf/v2@v2.2.6/net/ghttp/ghttp_request_middleware.go:96
28. github.com/gogf/gf/v2/net/ghttp.niceCallFunc
    /Users/ciel/go/pkg/mod/github.com/gogf/gf/v2@v2.2.6/net/ghttp/ghttp_func.go:55
29. github.com/gogf/gf/v2/net/ghttp.(*middleware).Next.func1
    /Users/ciel/go/pkg/mod/github.com/gogf/gf/v2@v2.2.6/net/ghttp/ghttp_request_middleware.go:95
30. github.com/gogf/gf/v2/util/gutil.TryCatch
    /Users/ciel/go/pkg/mod/github.com/gogf/gf/v2@v2.2.6/util/gutil/gutil.go:56
31. github.com/gogf/gf/v2/net/ghttp.(*middleware).Next
    /Users/ciel/go/pkg/mod/github.com/gogf/gf/v2@v2.2.6/net/ghttp/ghttp_request_middleware.go:49
32. github.com/gogf/gf/v2/net/ghttp.internalMiddlewareServerTracing
    /Users/ciel/go/pkg/mod/github.com/gogf/gf/v2@v2.2.6/net/ghttp/ghttp_middleware_tracing.go:78
33. github.com/gogf/gf/v2/net/ghttp.(*middleware).Next.func1.5
    /Users/ciel/go/pkg/mod/github.com/gogf/gf/v2@v2.2.6/net/ghttp/ghttp_request_middleware.go:96
34. github.com/gogf/gf/v2/net/ghttp.niceCallFunc
    /Users/ciel/go/pkg/mod/github.com/gogf/gf/v2@v2.2.6/net/ghttp/ghttp_func.go:55
35. github.com/gogf/gf/v2/net/ghttp.(*middleware).Next.func1
    /Users/ciel/go/pkg/mod/github.com/gogf/gf/v2@v2.2.6/net/ghttp/ghttp_request_middleware.go:95
36. github.com/gogf/gf/v2/util/gutil.TryCatch
    /Users/ciel/go/pkg/mod/github.com/gogf/gf/v2@v2.2.6/util/gutil/gutil.go:56
37. github.com/gogf/gf/v2/net/ghttp.(*middleware).Next
    /Users/ciel/go/pkg/mod/github.com/gogf/gf/v2@v2.2.6/net/ghttp/ghttp_request_middleware.go:49
38. github.com/gogf/gf/v2/net/ghttp.(*Server).ServeHTTP
    /Users/ciel/go/pkg/mod/github.com/gogf/gf/v2@v2.2.6/net/ghttp/ghttp_server_handler.go:132

2023-01-15 23:57:13.907 [ERRO] {d8926f25a0863a17b6298f42b1745e78} /Users/ciel/learn/freekey-backend/internal/logic/system.go:164: sql: no rows in result set
Stack:
1.  freekey-backend/internal/logic.lMenu.GetMenuByPath
    /Users/ciel/learn/freekey-backend/internal/logic/system.go:164
2.  freekey-backend/internal/service.sAdmin.GetMenu
    /Users/ciel/learn/freekey-backend/internal/service/system.go:333
3.  freekey-backend/internal/controller.cAdmin.GetMenu
    /Users/ciel/learn/freekey-backend/internal/controller/system.go:250
4.  github.com/gogf/gf/v2/net/ghttp.(*middleware).callHandlerFunc.func1
    /Users/ciel/go/pkg/mod/github.com/gogf/gf/v2@v2.2.6/net/ghttp/ghttp_request_middleware.go:152
5.  github.com/gogf/gf/v2/net/ghttp.niceCallFunc
    /Users/ciel/go/pkg/mod/github.com/gogf/gf/v2@v2.2.6/net/ghttp/ghttp_func.go:55
6.  github.com/gogf/gf/v2/net/ghttp.(*middleware).callHandlerFunc
    /Users/ciel/go/pkg/mod/github.com/gogf/gf/v2@v2.2.6/net/ghttp/ghttp_request_middleware.go:129
7.  github.com/gogf/gf/v2/net/ghttp.(*middleware).Next.func1.4
    /Users/ciel/go/pkg/mod/github.com/gogf/gf/v2@v2.2.6/net/ghttp/ghttp_request_middleware.go:90
8.  github.com/gogf/gf/v2/net/ghttp.niceCallFunc
    /Users/ciel/go/pkg/mod/github.com/gogf/gf/v2@v2.2.6/net/ghttp/ghttp_func.go:55
9.  github.com/gogf/gf/v2/net/ghttp.(*middleware).Next.func1
    /Users/ciel/go/pkg/mod/github.com/gogf/gf/v2@v2.2.6/net/ghttp/ghttp_request_middleware.go:89
10. github.com/gogf/gf/v2/util/gutil.TryCatch
    /Users/ciel/go/pkg/mod/github.com/gogf/gf/v2@v2.2.6/util/gutil/gutil.go:56
11. github.com/gogf/gf/v2/net/ghttp.(*middleware).Next
    /Users/ciel/go/pkg/mod/github.com/gogf/gf/v2@v2.2.6/net/ghttp/ghttp_request_middleware.go:49
12. freekey-backend/internal/logic.lAdmin.MiddlewareAuthToken
    /Users/ciel/learn/freekey-backend/internal/logic/system.go:1188
13. freekey-backend/internal/service.sAdmin.MiddlewareAuth
    /Users/ciel/learn/freekey-backend/internal/service/system.go:306
14. github.com/gogf/gf/v2/net/ghttp.(*middleware).Next.func1.1
    /Users/ciel/go/pkg/mod/github.com/gogf/gf/v2@v2.2.6/net/ghttp/ghttp_request_middleware.go:55
15. github.com/gogf/gf/v2/net/ghttp.niceCallFunc
    /Users/ciel/go/pkg/mod/github.com/gogf/gf/v2@v2.2.6/net/ghttp/ghttp_func.go:55
16. github.com/gogf/gf/v2/net/ghttp.(*middleware).Next.func1
    /Users/ciel/go/pkg/mod/github.com/gogf/gf/v2@v2.2.6/net/ghttp/ghttp_request_middleware.go:54
17. github.com/gogf/gf/v2/util/gutil.TryCatch
    /Users/ciel/go/pkg/mod/github.com/gogf/gf/v2@v2.2.6/util/gutil/gutil.go:56
18. github.com/gogf/gf/v2/net/ghttp.(*middleware).Next
    /Users/ciel/go/pkg/mod/github.com/gogf/gf/v2@v2.2.6/net/ghttp/ghttp_request_middleware.go:49
19. freekey-backend/internal/logic.lSystem.MiddlewareCORS
    /Users/ciel/learn/freekey-backend/internal/logic/system.go:847
20. freekey-backend/internal/service.sSystem.MiddlewareCORS
    /Users/ciel/learn/freekey-backend/internal/service/system.go:137
21. github.com/gogf/gf/v2/net/ghttp.(*middleware).Next.func1.5
    /Users/ciel/go/pkg/mod/github.com/gogf/gf/v2@v2.2.6/net/ghttp/ghttp_request_middleware.go:96
22. github.com/gogf/gf/v2/net/ghttp.niceCallFunc
    /Users/ciel/go/pkg/mod/github.com/gogf/gf/v2@v2.2.6/net/ghttp/ghttp_func.go:55
23. github.com/gogf/gf/v2/net/ghttp.(*middleware).Next.func1
    /Users/ciel/go/pkg/mod/github.com/gogf/gf/v2@v2.2.6/net/ghttp/ghttp_request_middleware.go:95
24. github.com/gogf/gf/v2/util/gutil.TryCatch
    /Users/ciel/go/pkg/mod/github.com/gogf/gf/v2@v2.2.6/util/gutil/gutil.go:56
25. github.com/gogf/gf/v2/net/ghttp.(*middleware).Next
    /Users/ciel/go/pkg/mod/github.com/gogf/gf/v2@v2.2.6/net/ghttp/ghttp_request_middleware.go:49
26. github.com/gogf/gf/v2/net/ghttp.MiddlewareHandlerResponse
    /Users/ciel/go/pkg/mod/github.com/gogf/gf/v2@v2.2.6/net/ghttp/ghttp_middleware_handler_response.go:25
27. github.com/gogf/gf/v2/net/ghttp.(*middleware).Next.func1.5
    /Users/ciel/go/pkg/mod/github.com/gogf/gf/v2@v2.2.6/net/ghttp/ghttp_request_middleware.go:96
28. github.com/gogf/gf/v2/net/ghttp.niceCallFunc
    /Users/ciel/go/pkg/mod/github.com/gogf/gf/v2@v2.2.6/net/ghttp/ghttp_func.go:55
29. github.com/gogf/gf/v2/net/ghttp.(*middleware).Next.func1
    /Users/ciel/go/pkg/mod/github.com/gogf/gf/v2@v2.2.6/net/ghttp/ghttp_request_middleware.go:95
30. github.com/gogf/gf/v2/util/gutil.TryCatch
    /Users/ciel/go/pkg/mod/github.com/gogf/gf/v2@v2.2.6/util/gutil/gutil.go:56
31. github.com/gogf/gf/v2/net/ghttp.(*middleware).Next
    /Users/ciel/go/pkg/mod/github.com/gogf/gf/v2@v2.2.6/net/ghttp/ghttp_request_middleware.go:49
32. github.com/gogf/gf/v2/net/ghttp.internalMiddlewareServerTracing
    /Users/ciel/go/pkg/mod/github.com/gogf/gf/v2@v2.2.6/net/ghttp/ghttp_middleware_tracing.go:78
33. github.com/gogf/gf/v2/net/ghttp.(*middleware).Next.func1.5
    /Users/ciel/go/pkg/mod/github.com/gogf/gf/v2@v2.2.6/net/ghttp/ghttp_request_middleware.go:96
34. github.com/gogf/gf/v2/net/ghttp.niceCallFunc
    /Users/ciel/go/pkg/mod/github.com/gogf/gf/v2@v2.2.6/net/ghttp/ghttp_func.go:55
35. github.com/gogf/gf/v2/net/ghttp.(*middleware).Next.func1
    /Users/ciel/go/pkg/mod/github.com/gogf/gf/v2@v2.2.6/net/ghttp/ghttp_request_middleware.go:95
36. github.com/gogf/gf/v2/util/gutil.TryCatch
    /Users/ciel/go/pkg/mod/github.com/gogf/gf/v2@v2.2.6/util/gutil/gutil.go:56
37. github.com/gogf/gf/v2/net/ghttp.(*middleware).Next
    /Users/ciel/go/pkg/mod/github.com/gogf/gf/v2@v2.2.6/net/ghttp/ghttp_request_middleware.go:49
38. github.com/gogf/gf/v2/net/ghttp.(*Server).ServeHTTP
    /Users/ciel/go/pkg/mod/github.com/gogf/gf/v2@v2.2.6/net/ghttp/ghttp_server_handler.go:132

2023-01-15 23:57:56.222 [ERRO] {4841b8ffa9863a17c0298f4296d09bdc} /Users/ciel/learn/freekey-backend/internal/logic/system.go:164: sql: no rows in result set
Stack:
1.  freekey-backend/internal/logic.lMenu.GetMenuByPath
    /Users/ciel/learn/freekey-backend/internal/logic/system.go:164
2.  freekey-backend/internal/service.sAdmin.GetMenu
    /Users/ciel/learn/freekey-backend/internal/service/system.go:333
3.  freekey-backend/internal/controller.cAdmin.GetMenu
    /Users/ciel/learn/freekey-backend/internal/controller/system.go:250
4.  github.com/gogf/gf/v2/net/ghttp.(*middleware).callHandlerFunc.func1
    /Users/ciel/go/pkg/mod/github.com/gogf/gf/v2@v2.2.6/net/ghttp/ghttp_request_middleware.go:152
5.  github.com/gogf/gf/v2/net/ghttp.niceCallFunc
    /Users/ciel/go/pkg/mod/github.com/gogf/gf/v2@v2.2.6/net/ghttp/ghttp_func.go:55
6.  github.com/gogf/gf/v2/net/ghttp.(*middleware).callHandlerFunc
    /Users/ciel/go/pkg/mod/github.com/gogf/gf/v2@v2.2.6/net/ghttp/ghttp_request_middleware.go:129
7.  github.com/gogf/gf/v2/net/ghttp.(*middleware).Next.func1.4
    /Users/ciel/go/pkg/mod/github.com/gogf/gf/v2@v2.2.6/net/ghttp/ghttp_request_middleware.go:90
8.  github.com/gogf/gf/v2/net/ghttp.niceCallFunc
    /Users/ciel/go/pkg/mod/github.com/gogf/gf/v2@v2.2.6/net/ghttp/ghttp_func.go:55
9.  github.com/gogf/gf/v2/net/ghttp.(*middleware).Next.func1
    /Users/ciel/go/pkg/mod/github.com/gogf/gf/v2@v2.2.6/net/ghttp/ghttp_request_middleware.go:89
10. github.com/gogf/gf/v2/util/gutil.TryCatch
    /Users/ciel/go/pkg/mod/github.com/gogf/gf/v2@v2.2.6/util/gutil/gutil.go:56
11. github.com/gogf/gf/v2/net/ghttp.(*middleware).Next
    /Users/ciel/go/pkg/mod/github.com/gogf/gf/v2@v2.2.6/net/ghttp/ghttp_request_middleware.go:49
12. freekey-backend/internal/logic.lAdmin.MiddlewareAuthToken
    /Users/ciel/learn/freekey-backend/internal/logic/system.go:1188
13. freekey-backend/internal/service.sAdmin.MiddlewareAuth
    /Users/ciel/learn/freekey-backend/internal/service/system.go:306
14. github.com/gogf/gf/v2/net/ghttp.(*middleware).Next.func1.1
    /Users/ciel/go/pkg/mod/github.com/gogf/gf/v2@v2.2.6/net/ghttp/ghttp_request_middleware.go:55
15. github.com/gogf/gf/v2/net/ghttp.niceCallFunc
    /Users/ciel/go/pkg/mod/github.com/gogf/gf/v2@v2.2.6/net/ghttp/ghttp_func.go:55
16. github.com/gogf/gf/v2/net/ghttp.(*middleware).Next.func1
    /Users/ciel/go/pkg/mod/github.com/gogf/gf/v2@v2.2.6/net/ghttp/ghttp_request_middleware.go:54
17. github.com/gogf/gf/v2/util/gutil.TryCatch
    /Users/ciel/go/pkg/mod/github.com/gogf/gf/v2@v2.2.6/util/gutil/gutil.go:56
18. github.com/gogf/gf/v2/net/ghttp.(*middleware).Next
    /Users/ciel/go/pkg/mod/github.com/gogf/gf/v2@v2.2.6/net/ghttp/ghttp_request_middleware.go:49
19. freekey-backend/internal/logic.lSystem.MiddlewareCORS
    /Users/ciel/learn/freekey-backend/internal/logic/system.go:847
20. freekey-backend/internal/service.sSystem.MiddlewareCORS
    /Users/ciel/learn/freekey-backend/internal/service/system.go:137
21. github.com/gogf/gf/v2/net/ghttp.(*middleware).Next.func1.5
    /Users/ciel/go/pkg/mod/github.com/gogf/gf/v2@v2.2.6/net/ghttp/ghttp_request_middleware.go:96
22. github.com/gogf/gf/v2/net/ghttp.niceCallFunc
    /Users/ciel/go/pkg/mod/github.com/gogf/gf/v2@v2.2.6/net/ghttp/ghttp_func.go:55
23. github.com/gogf/gf/v2/net/ghttp.(*middleware).Next.func1
    /Users/ciel/go/pkg/mod/github.com/gogf/gf/v2@v2.2.6/net/ghttp/ghttp_request_middleware.go:95
24. github.com/gogf/gf/v2/util/gutil.TryCatch
    /Users/ciel/go/pkg/mod/github.com/gogf/gf/v2@v2.2.6/util/gutil/gutil.go:56
25. github.com/gogf/gf/v2/net/ghttp.(*middleware).Next
    /Users/ciel/go/pkg/mod/github.com/gogf/gf/v2@v2.2.6/net/ghttp/ghttp_request_middleware.go:49
26. github.com/gogf/gf/v2/net/ghttp.MiddlewareHandlerResponse
    /Users/ciel/go/pkg/mod/github.com/gogf/gf/v2@v2.2.6/net/ghttp/ghttp_middleware_handler_response.go:25
27. github.com/gogf/gf/v2/net/ghttp.(*middleware).Next.func1.5
    /Users/ciel/go/pkg/mod/github.com/gogf/gf/v2@v2.2.6/net/ghttp/ghttp_request_middleware.go:96
28. github.com/gogf/gf/v2/net/ghttp.niceCallFunc
    /Users/ciel/go/pkg/mod/github.com/gogf/gf/v2@v2.2.6/net/ghttp/ghttp_func.go:55
29. github.com/gogf/gf/v2/net/ghttp.(*middleware).Next.func1
    /Users/ciel/go/pkg/mod/github.com/gogf/gf/v2@v2.2.6/net/ghttp/ghttp_request_middleware.go:95
30. github.com/gogf/gf/v2/util/gutil.TryCatch
    /Users/ciel/go/pkg/mod/github.com/gogf/gf/v2@v2.2.6/util/gutil/gutil.go:56
31. github.com/gogf/gf/v2/net/ghttp.(*middleware).Next
    /Users/ciel/go/pkg/mod/github.com/gogf/gf/v2@v2.2.6/net/ghttp/ghttp_request_middleware.go:49
32. github.com/gogf/gf/v2/net/ghttp.internalMiddlewareServerTracing
    /Users/ciel/go/pkg/mod/github.com/gogf/gf/v2@v2.2.6/net/ghttp/ghttp_middleware_tracing.go:78
33. github.com/gogf/gf/v2/net/ghttp.(*middleware).Next.func1.5
    /Users/ciel/go/pkg/mod/github.com/gogf/gf/v2@v2.2.6/net/ghttp/ghttp_request_middleware.go:96
34. github.com/gogf/gf/v2/net/ghttp.niceCallFunc
    /Users/ciel/go/pkg/mod/github.com/gogf/gf/v2@v2.2.6/net/ghttp/ghttp_func.go:55
35. github.com/gogf/gf/v2/net/ghttp.(*middleware).Next.func1
    /Users/ciel/go/pkg/mod/github.com/gogf/gf/v2@v2.2.6/net/ghttp/ghttp_request_middleware.go:95
36. github.com/gogf/gf/v2/util/gutil.TryCatch
    /Users/ciel/go/pkg/mod/github.com/gogf/gf/v2@v2.2.6/util/gutil/gutil.go:56
37. github.com/gogf/gf/v2/net/ghttp.(*middleware).Next
    /Users/ciel/go/pkg/mod/github.com/gogf/gf/v2@v2.2.6/net/ghttp/ghttp_request_middleware.go:49
38. github.com/gogf/gf/v2/net/ghttp.(*Server).ServeHTTP
    /Users/ciel/go/pkg/mod/github.com/gogf/gf/v2@v2.2.6/net/ghttp/ghttp_server_handler.go:132

2023-01-15 23:57:58.633 [ERRO] {d09f788faa863a17c4298f4249e6173f} /Users/ciel/learn/freekey-backend/internal/logic/system.go:164: sql: no rows in result set
Stack:
1.  freekey-backend/internal/logic.lMenu.GetMenuByPath
    /Users/ciel/learn/freekey-backend/internal/logic/system.go:164
2.  freekey-backend/internal/service.sAdmin.GetMenu
    /Users/ciel/learn/freekey-backend/internal/service/system.go:333
3.  freekey-backend/internal/controller.cAdmin.GetMenu
    /Users/ciel/learn/freekey-backend/internal/controller/system.go:250
4.  github.com/gogf/gf/v2/net/ghttp.(*middleware).callHandlerFunc.func1
    /Users/ciel/go/pkg/mod/github.com/gogf/gf/v2@v2.2.6/net/ghttp/ghttp_request_middleware.go:152
5.  github.com/gogf/gf/v2/net/ghttp.niceCallFunc
    /Users/ciel/go/pkg/mod/github.com/gogf/gf/v2@v2.2.6/net/ghttp/ghttp_func.go:55
6.  github.com/gogf/gf/v2/net/ghttp.(*middleware).callHandlerFunc
    /Users/ciel/go/pkg/mod/github.com/gogf/gf/v2@v2.2.6/net/ghttp/ghttp_request_middleware.go:129
7.  github.com/gogf/gf/v2/net/ghttp.(*middleware).Next.func1.4
    /Users/ciel/go/pkg/mod/github.com/gogf/gf/v2@v2.2.6/net/ghttp/ghttp_request_middleware.go:90
8.  github.com/gogf/gf/v2/net/ghttp.niceCallFunc
    /Users/ciel/go/pkg/mod/github.com/gogf/gf/v2@v2.2.6/net/ghttp/ghttp_func.go:55
9.  github.com/gogf/gf/v2/net/ghttp.(*middleware).Next.func1
    /Users/ciel/go/pkg/mod/github.com/gogf/gf/v2@v2.2.6/net/ghttp/ghttp_request_middleware.go:89
10. github.com/gogf/gf/v2/util/gutil.TryCatch
    /Users/ciel/go/pkg/mod/github.com/gogf/gf/v2@v2.2.6/util/gutil/gutil.go:56
11. github.com/gogf/gf/v2/net/ghttp.(*middleware).Next
    /Users/ciel/go/pkg/mod/github.com/gogf/gf/v2@v2.2.6/net/ghttp/ghttp_request_middleware.go:49
12. freekey-backend/internal/logic.lAdmin.MiddlewareAuthToken
    /Users/ciel/learn/freekey-backend/internal/logic/system.go:1188
13. freekey-backend/internal/service.sAdmin.MiddlewareAuth
    /Users/ciel/learn/freekey-backend/internal/service/system.go:306
14. github.com/gogf/gf/v2/net/ghttp.(*middleware).Next.func1.1
    /Users/ciel/go/pkg/mod/github.com/gogf/gf/v2@v2.2.6/net/ghttp/ghttp_request_middleware.go:55
15. github.com/gogf/gf/v2/net/ghttp.niceCallFunc
    /Users/ciel/go/pkg/mod/github.com/gogf/gf/v2@v2.2.6/net/ghttp/ghttp_func.go:55
16. github.com/gogf/gf/v2/net/ghttp.(*middleware).Next.func1
    /Users/ciel/go/pkg/mod/github.com/gogf/gf/v2@v2.2.6/net/ghttp/ghttp_request_middleware.go:54
17. github.com/gogf/gf/v2/util/gutil.TryCatch
    /Users/ciel/go/pkg/mod/github.com/gogf/gf/v2@v2.2.6/util/gutil/gutil.go:56
18. github.com/gogf/gf/v2/net/ghttp.(*middleware).Next
    /Users/ciel/go/pkg/mod/github.com/gogf/gf/v2@v2.2.6/net/ghttp/ghttp_request_middleware.go:49
19. freekey-backend/internal/logic.lSystem.MiddlewareCORS
    /Users/ciel/learn/freekey-backend/internal/logic/system.go:847
20. freekey-backend/internal/service.sSystem.MiddlewareCORS
    /Users/ciel/learn/freekey-backend/internal/service/system.go:137
21. github.com/gogf/gf/v2/net/ghttp.(*middleware).Next.func1.5
    /Users/ciel/go/pkg/mod/github.com/gogf/gf/v2@v2.2.6/net/ghttp/ghttp_request_middleware.go:96
22. github.com/gogf/gf/v2/net/ghttp.niceCallFunc
    /Users/ciel/go/pkg/mod/github.com/gogf/gf/v2@v2.2.6/net/ghttp/ghttp_func.go:55
23. github.com/gogf/gf/v2/net/ghttp.(*middleware).Next.func1
    /Users/ciel/go/pkg/mod/github.com/gogf/gf/v2@v2.2.6/net/ghttp/ghttp_request_middleware.go:95
24. github.com/gogf/gf/v2/util/gutil.TryCatch
    /Users/ciel/go/pkg/mod/github.com/gogf/gf/v2@v2.2.6/util/gutil/gutil.go:56
25. github.com/gogf/gf/v2/net/ghttp.(*middleware).Next
    /Users/ciel/go/pkg/mod/github.com/gogf/gf/v2@v2.2.6/net/ghttp/ghttp_request_middleware.go:49
26. github.com/gogf/gf/v2/net/ghttp.MiddlewareHandlerResponse
    /Users/ciel/go/pkg/mod/github.com/gogf/gf/v2@v2.2.6/net/ghttp/ghttp_middleware_handler_response.go:25
27. github.com/gogf/gf/v2/net/ghttp.(*middleware).Next.func1.5
    /Users/ciel/go/pkg/mod/github.com/gogf/gf/v2@v2.2.6/net/ghttp/ghttp_request_middleware.go:96
28. github.com/gogf/gf/v2/net/ghttp.niceCallFunc
    /Users/ciel/go/pkg/mod/github.com/gogf/gf/v2@v2.2.6/net/ghttp/ghttp_func.go:55
29. github.com/gogf/gf/v2/net/ghttp.(*middleware).Next.func1
    /Users/ciel/go/pkg/mod/github.com/gogf/gf/v2@v2.2.6/net/ghttp/ghttp_request_middleware.go:95
30. github.com/gogf/gf/v2/util/gutil.TryCatch
    /Users/ciel/go/pkg/mod/github.com/gogf/gf/v2@v2.2.6/util/gutil/gutil.go:56
31. github.com/gogf/gf/v2/net/ghttp.(*middleware).Next
    /Users/ciel/go/pkg/mod/github.com/gogf/gf/v2@v2.2.6/net/ghttp/ghttp_request_middleware.go:49
32. github.com/gogf/gf/v2/net/ghttp.internalMiddlewareServerTracing
    /Users/ciel/go/pkg/mod/github.com/gogf/gf/v2@v2.2.6/net/ghttp/ghttp_middleware_tracing.go:78
33. github.com/gogf/gf/v2/net/ghttp.(*middleware).Next.func1.5
    /Users/ciel/go/pkg/mod/github.com/gogf/gf/v2@v2.2.6/net/ghttp/ghttp_request_middleware.go:96
34. github.com/gogf/gf/v2/net/ghttp.niceCallFunc
    /Users/ciel/go/pkg/mod/github.com/gogf/gf/v2@v2.2.6/net/ghttp/ghttp_func.go:55
35. github.com/gogf/gf/v2/net/ghttp.(*middleware).Next.func1
    /Users/ciel/go/pkg/mod/github.com/gogf/gf/v2@v2.2.6/net/ghttp/ghttp_request_middleware.go:95
36. github.com/gogf/gf/v2/util/gutil.TryCatch
    /Users/ciel/go/pkg/mod/github.com/gogf/gf/v2@v2.2.6/util/gutil/gutil.go:56
37. github.com/gogf/gf/v2/net/ghttp.(*middleware).Next
    /Users/ciel/go/pkg/mod/github.com/gogf/gf/v2@v2.2.6/net/ghttp/ghttp_request_middleware.go:49
38. github.com/gogf/gf/v2/net/ghttp.(*Server).ServeHTTP
    /Users/ciel/go/pkg/mod/github.com/gogf/gf/v2@v2.2.6/net/ghttp/ghttp_server_handler.go:132

2023-01-15 23:58:21.148 [ERRO] {80867bcdaf863a17d2298f428e391e07} /Users/ciel/learn/freekey-backend/internal/logic/system.go:164: sql: no rows in result set
Stack:
1.  freekey-backend/internal/logic.lMenu.GetMenuByPath
    /Users/ciel/learn/freekey-backend/internal/logic/system.go:164
2.  freekey-backend/internal/service.sAdmin.GetMenu
    /Users/ciel/learn/freekey-backend/internal/service/system.go:333
3.  freekey-backend/internal/controller.cAdmin.GetMenu
    /Users/ciel/learn/freekey-backend/internal/controller/system.go:250
4.  github.com/gogf/gf/v2/net/ghttp.(*middleware).callHandlerFunc.func1
    /Users/ciel/go/pkg/mod/github.com/gogf/gf/v2@v2.2.6/net/ghttp/ghttp_request_middleware.go:152
5.  github.com/gogf/gf/v2/net/ghttp.niceCallFunc
    /Users/ciel/go/pkg/mod/github.com/gogf/gf/v2@v2.2.6/net/ghttp/ghttp_func.go:55
6.  github.com/gogf/gf/v2/net/ghttp.(*middleware).callHandlerFunc
    /Users/ciel/go/pkg/mod/github.com/gogf/gf/v2@v2.2.6/net/ghttp/ghttp_request_middleware.go:129
7.  github.com/gogf/gf/v2/net/ghttp.(*middleware).Next.func1.4
    /Users/ciel/go/pkg/mod/github.com/gogf/gf/v2@v2.2.6/net/ghttp/ghttp_request_middleware.go:90
8.  github.com/gogf/gf/v2/net/ghttp.niceCallFunc
    /Users/ciel/go/pkg/mod/github.com/gogf/gf/v2@v2.2.6/net/ghttp/ghttp_func.go:55
9.  github.com/gogf/gf/v2/net/ghttp.(*middleware).Next.func1
    /Users/ciel/go/pkg/mod/github.com/gogf/gf/v2@v2.2.6/net/ghttp/ghttp_request_middleware.go:89
10. github.com/gogf/gf/v2/util/gutil.TryCatch
    /Users/ciel/go/pkg/mod/github.com/gogf/gf/v2@v2.2.6/util/gutil/gutil.go:56
11. github.com/gogf/gf/v2/net/ghttp.(*middleware).Next
    /Users/ciel/go/pkg/mod/github.com/gogf/gf/v2@v2.2.6/net/ghttp/ghttp_request_middleware.go:49
12. freekey-backend/internal/logic.lAdmin.MiddlewareAuthToken
    /Users/ciel/learn/freekey-backend/internal/logic/system.go:1188
13. freekey-backend/internal/service.sAdmin.MiddlewareAuth
    /Users/ciel/learn/freekey-backend/internal/service/system.go:306
14. github.com/gogf/gf/v2/net/ghttp.(*middleware).Next.func1.1
    /Users/ciel/go/pkg/mod/github.com/gogf/gf/v2@v2.2.6/net/ghttp/ghttp_request_middleware.go:55
15. github.com/gogf/gf/v2/net/ghttp.niceCallFunc
    /Users/ciel/go/pkg/mod/github.com/gogf/gf/v2@v2.2.6/net/ghttp/ghttp_func.go:55
16. github.com/gogf/gf/v2/net/ghttp.(*middleware).Next.func1
    /Users/ciel/go/pkg/mod/github.com/gogf/gf/v2@v2.2.6/net/ghttp/ghttp_request_middleware.go:54
17. github.com/gogf/gf/v2/util/gutil.TryCatch
    /Users/ciel/go/pkg/mod/github.com/gogf/gf/v2@v2.2.6/util/gutil/gutil.go:56
18. github.com/gogf/gf/v2/net/ghttp.(*middleware).Next
    /Users/ciel/go/pkg/mod/github.com/gogf/gf/v2@v2.2.6/net/ghttp/ghttp_request_middleware.go:49
19. freekey-backend/internal/logic.lSystem.MiddlewareCORS
    /Users/ciel/learn/freekey-backend/internal/logic/system.go:847
20. freekey-backend/internal/service.sSystem.MiddlewareCORS
    /Users/ciel/learn/freekey-backend/internal/service/system.go:137
21. github.com/gogf/gf/v2/net/ghttp.(*middleware).Next.func1.5
    /Users/ciel/go/pkg/mod/github.com/gogf/gf/v2@v2.2.6/net/ghttp/ghttp_request_middleware.go:96
22. github.com/gogf/gf/v2/net/ghttp.niceCallFunc
    /Users/ciel/go/pkg/mod/github.com/gogf/gf/v2@v2.2.6/net/ghttp/ghttp_func.go:55
23. github.com/gogf/gf/v2/net/ghttp.(*middleware).Next.func1
    /Users/ciel/go/pkg/mod/github.com/gogf/gf/v2@v2.2.6/net/ghttp/ghttp_request_middleware.go:95
24. github.com/gogf/gf/v2/util/gutil.TryCatch
    /Users/ciel/go/pkg/mod/github.com/gogf/gf/v2@v2.2.6/util/gutil/gutil.go:56
25. github.com/gogf/gf/v2/net/ghttp.(*middleware).Next
    /Users/ciel/go/pkg/mod/github.com/gogf/gf/v2@v2.2.6/net/ghttp/ghttp_request_middleware.go:49
26. github.com/gogf/gf/v2/net/ghttp.MiddlewareHandlerResponse
    /Users/ciel/go/pkg/mod/github.com/gogf/gf/v2@v2.2.6/net/ghttp/ghttp_middleware_handler_response.go:25
27. github.com/gogf/gf/v2/net/ghttp.(*middleware).Next.func1.5
    /Users/ciel/go/pkg/mod/github.com/gogf/gf/v2@v2.2.6/net/ghttp/ghttp_request_middleware.go:96
28. github.com/gogf/gf/v2/net/ghttp.niceCallFunc
    /Users/ciel/go/pkg/mod/github.com/gogf/gf/v2@v2.2.6/net/ghttp/ghttp_func.go:55
29. github.com/gogf/gf/v2/net/ghttp.(*middleware).Next.func1
    /Users/ciel/go/pkg/mod/github.com/gogf/gf/v2@v2.2.6/net/ghttp/ghttp_request_middleware.go:95
30. github.com/gogf/gf/v2/util/gutil.TryCatch
    /Users/ciel/go/pkg/mod/github.com/gogf/gf/v2@v2.2.6/util/gutil/gutil.go:56
31. github.com/gogf/gf/v2/net/ghttp.(*middleware).Next
    /Users/ciel/go/pkg/mod/github.com/gogf/gf/v2@v2.2.6/net/ghttp/ghttp_request_middleware.go:49
32. github.com/gogf/gf/v2/net/ghttp.internalMiddlewareServerTracing
    /Users/ciel/go/pkg/mod/github.com/gogf/gf/v2@v2.2.6/net/ghttp/ghttp_middleware_tracing.go:78
33. github.com/gogf/gf/v2/net/ghttp.(*middleware).Next.func1.5
    /Users/ciel/go/pkg/mod/github.com/gogf/gf/v2@v2.2.6/net/ghttp/ghttp_request_middleware.go:96
34. github.com/gogf/gf/v2/net/ghttp.niceCallFunc
    /Users/ciel/go/pkg/mod/github.com/gogf/gf/v2@v2.2.6/net/ghttp/ghttp_func.go:55
35. github.com/gogf/gf/v2/net/ghttp.(*middleware).Next.func1
    /Users/ciel/go/pkg/mod/github.com/gogf/gf/v2@v2.2.6/net/ghttp/ghttp_request_middleware.go:95
36. github.com/gogf/gf/v2/util/gutil.TryCatch
    /Users/ciel/go/pkg/mod/github.com/gogf/gf/v2@v2.2.6/util/gutil/gutil.go:56
37. github.com/gogf/gf/v2/net/ghttp.(*middleware).Next
    /Users/ciel/go/pkg/mod/github.com/gogf/gf/v2@v2.2.6/net/ghttp/ghttp_request_middleware.go:49
38. github.com/gogf/gf/v2/net/ghttp.(*Server).ServeHTTP
    /Users/ciel/go/pkg/mod/github.com/gogf/gf/v2@v2.2.6/net/ghttp/ghttp_server_handler.go:132

2023-01-15 23:59:07.023 [ERRO] {f043ea7bba863a17de298f420f3bb884} /Users/ciel/learn/freekey-backend/internal/logic/system.go:164: sql: no rows in result set
Stack:
1.  freekey-backend/internal/logic.lMenu.GetMenuByPath
    /Users/ciel/learn/freekey-backend/internal/logic/system.go:164
2.  freekey-backend/internal/service.sAdmin.GetMenu
    /Users/ciel/learn/freekey-backend/internal/service/system.go:333
3.  freekey-backend/internal/controller.cAdmin.GetMenu
    /Users/ciel/learn/freekey-backend/internal/controller/system.go:250
4.  github.com/gogf/gf/v2/net/ghttp.(*middleware).callHandlerFunc.func1
    /Users/ciel/go/pkg/mod/github.com/gogf/gf/v2@v2.2.6/net/ghttp/ghttp_request_middleware.go:152
5.  github.com/gogf/gf/v2/net/ghttp.niceCallFunc
    /Users/ciel/go/pkg/mod/github.com/gogf/gf/v2@v2.2.6/net/ghttp/ghttp_func.go:55
6.  github.com/gogf/gf/v2/net/ghttp.(*middleware).callHandlerFunc
    /Users/ciel/go/pkg/mod/github.com/gogf/gf/v2@v2.2.6/net/ghttp/ghttp_request_middleware.go:129
7.  github.com/gogf/gf/v2/net/ghttp.(*middleware).Next.func1.4
    /Users/ciel/go/pkg/mod/github.com/gogf/gf/v2@v2.2.6/net/ghttp/ghttp_request_middleware.go:90
8.  github.com/gogf/gf/v2/net/ghttp.niceCallFunc
    /Users/ciel/go/pkg/mod/github.com/gogf/gf/v2@v2.2.6/net/ghttp/ghttp_func.go:55
9.  github.com/gogf/gf/v2/net/ghttp.(*middleware).Next.func1
    /Users/ciel/go/pkg/mod/github.com/gogf/gf/v2@v2.2.6/net/ghttp/ghttp_request_middleware.go:89
10. github.com/gogf/gf/v2/util/gutil.TryCatch
    /Users/ciel/go/pkg/mod/github.com/gogf/gf/v2@v2.2.6/util/gutil/gutil.go:56
11. github.com/gogf/gf/v2/net/ghttp.(*middleware).Next
    /Users/ciel/go/pkg/mod/github.com/gogf/gf/v2@v2.2.6/net/ghttp/ghttp_request_middleware.go:49
12. freekey-backend/internal/logic.lAdmin.MiddlewareAuthToken
    /Users/ciel/learn/freekey-backend/internal/logic/system.go:1188
13. freekey-backend/internal/service.sAdmin.MiddlewareAuth
    /Users/ciel/learn/freekey-backend/internal/service/system.go:306
14. github.com/gogf/gf/v2/net/ghttp.(*middleware).Next.func1.1
    /Users/ciel/go/pkg/mod/github.com/gogf/gf/v2@v2.2.6/net/ghttp/ghttp_request_middleware.go:55
15. github.com/gogf/gf/v2/net/ghttp.niceCallFunc
    /Users/ciel/go/pkg/mod/github.com/gogf/gf/v2@v2.2.6/net/ghttp/ghttp_func.go:55
16. github.com/gogf/gf/v2/net/ghttp.(*middleware).Next.func1
    /Users/ciel/go/pkg/mod/github.com/gogf/gf/v2@v2.2.6/net/ghttp/ghttp_request_middleware.go:54
17. github.com/gogf/gf/v2/util/gutil.TryCatch
    /Users/ciel/go/pkg/mod/github.com/gogf/gf/v2@v2.2.6/util/gutil/gutil.go:56
18. github.com/gogf/gf/v2/net/ghttp.(*middleware).Next
    /Users/ciel/go/pkg/mod/github.com/gogf/gf/v2@v2.2.6/net/ghttp/ghttp_request_middleware.go:49
19. freekey-backend/internal/logic.lSystem.MiddlewareCORS
    /Users/ciel/learn/freekey-backend/internal/logic/system.go:847
20. freekey-backend/internal/service.sSystem.MiddlewareCORS
    /Users/ciel/learn/freekey-backend/internal/service/system.go:137
21. github.com/gogf/gf/v2/net/ghttp.(*middleware).Next.func1.5
    /Users/ciel/go/pkg/mod/github.com/gogf/gf/v2@v2.2.6/net/ghttp/ghttp_request_middleware.go:96
22. github.com/gogf/gf/v2/net/ghttp.niceCallFunc
    /Users/ciel/go/pkg/mod/github.com/gogf/gf/v2@v2.2.6/net/ghttp/ghttp_func.go:55
23. github.com/gogf/gf/v2/net/ghttp.(*middleware).Next.func1
    /Users/ciel/go/pkg/mod/github.com/gogf/gf/v2@v2.2.6/net/ghttp/ghttp_request_middleware.go:95
24. github.com/gogf/gf/v2/util/gutil.TryCatch
    /Users/ciel/go/pkg/mod/github.com/gogf/gf/v2@v2.2.6/util/gutil/gutil.go:56
25. github.com/gogf/gf/v2/net/ghttp.(*middleware).Next
    /Users/ciel/go/pkg/mod/github.com/gogf/gf/v2@v2.2.6/net/ghttp/ghttp_request_middleware.go:49
26. github.com/gogf/gf/v2/net/ghttp.MiddlewareHandlerResponse
    /Users/ciel/go/pkg/mod/github.com/gogf/gf/v2@v2.2.6/net/ghttp/ghttp_middleware_handler_response.go:25
27. github.com/gogf/gf/v2/net/ghttp.(*middleware).Next.func1.5
    /Users/ciel/go/pkg/mod/github.com/gogf/gf/v2@v2.2.6/net/ghttp/ghttp_request_middleware.go:96
28. github.com/gogf/gf/v2/net/ghttp.niceCallFunc
    /Users/ciel/go/pkg/mod/github.com/gogf/gf/v2@v2.2.6/net/ghttp/ghttp_func.go:55
29. github.com/gogf/gf/v2/net/ghttp.(*middleware).Next.func1
    /Users/ciel/go/pkg/mod/github.com/gogf/gf/v2@v2.2.6/net/ghttp/ghttp_request_middleware.go:95
30. github.com/gogf/gf/v2/util/gutil.TryCatch
    /Users/ciel/go/pkg/mod/github.com/gogf/gf/v2@v2.2.6/util/gutil/gutil.go:56
31. github.com/gogf/gf/v2/net/ghttp.(*middleware).Next
    /Users/ciel/go/pkg/mod/github.com/gogf/gf/v2@v2.2.6/net/ghttp/ghttp_request_middleware.go:49
32. github.com/gogf/gf/v2/net/ghttp.internalMiddlewareServerTracing
    /Users/ciel/go/pkg/mod/github.com/gogf/gf/v2@v2.2.6/net/ghttp/ghttp_middleware_tracing.go:78
33. github.com/gogf/gf/v2/net/ghttp.(*middleware).Next.func1.5
    /Users/ciel/go/pkg/mod/github.com/gogf/gf/v2@v2.2.6/net/ghttp/ghttp_request_middleware.go:96
34. github.com/gogf/gf/v2/net/ghttp.niceCallFunc
    /Users/ciel/go/pkg/mod/github.com/gogf/gf/v2@v2.2.6/net/ghttp/ghttp_func.go:55
35. github.com/gogf/gf/v2/net/ghttp.(*middleware).Next.func1
    /Users/ciel/go/pkg/mod/github.com/gogf/gf/v2@v2.2.6/net/ghttp/ghttp_request_middleware.go:95
36. github.com/gogf/gf/v2/util/gutil.TryCatch
    /Users/ciel/go/pkg/mod/github.com/gogf/gf/v2@v2.2.6/util/gutil/gutil.go:56
37. github.com/gogf/gf/v2/net/ghttp.(*middleware).Next
    /Users/ciel/go/pkg/mod/github.com/gogf/gf/v2@v2.2.6/net/ghttp/ghttp_request_middleware.go:49
38. github.com/gogf/gf/v2/net/ghttp.(*Server).ServeHTTP
    /Users/ciel/go/pkg/mod/github.com/gogf/gf/v2@v2.2.6/net/ghttp/ghttp_server_handler.go:132

