2023-01-14 23:28:57.907 [ERRO] {408f30b180363a17d7160d78aef5d606} /Users/ciel/learn/freekey-backend/internal/logic/system.go:411: Error 1054: Unknown column 'sort' in 'order clause', SELECT `id`,`url`,`method`,`group`,`type`,`desc`,`created_at`,`updated_at` FROM `s_api` ORDER BY `sort` LIMIT 0,10
Stack:
1.  freekey-backend/internal/logic.lApi.ListApi
    /Users/ciel/learn/freekey-backend/internal/logic/system.go:411
2.  freekey-backend/internal/service.sApi.ListApi
    /Users/ciel/learn/freekey-backend/internal/service/system.go:65
3.  freekey-backend/internal/controller.sApi.List
    /Users/ciel/learn/freekey-backend/internal/controller/system.go:79
4.  github.com/gogf/gf/v2/net/ghttp.(*middleware).callHandlerFunc.func1
    /Users/ciel/go/pkg/mod/github.com/gogf/gf/v2@v2.2.6/net/ghttp/ghttp_request_middleware.go:152
5.  github.com/gogf/gf/v2/net/ghttp.niceCallFunc
    /Users/ciel/go/pkg/mod/github.com/gogf/gf/v2@v2.2.6/net/ghttp/ghttp_func.go:55
6.  github.com/gogf/gf/v2/net/ghttp.(*middleware).callHandlerFunc
    /Users/ciel/go/pkg/mod/github.com/gogf/gf/v2@v2.2.6/net/ghttp/ghttp_request_middleware.go:129
7.  github.com/gogf/gf/v2/net/ghttp.(*middleware).Next.func1.4
    /Users/ciel/go/pkg/mod/github.com/gogf/gf/v2@v2.2.6/net/ghttp/ghttp_request_middleware.go:90
8.  github.com/gogf/gf/v2/net/ghttp.niceCallFunc
    /Users/ciel/go/pkg/mod/github.com/gogf/gf/v2@v2.2.6/net/ghttp/ghttp_func.go:55
9.  github.com/gogf/gf/v2/net/ghttp.(*middleware).Next.func1
    /Users/ciel/go/pkg/mod/github.com/gogf/gf/v2@v2.2.6/net/ghttp/ghttp_request_middleware.go:89
10. github.com/gogf/gf/v2/util/gutil.TryCatch
    /Users/ciel/go/pkg/mod/github.com/gogf/gf/v2@v2.2.6/util/gutil/gutil.go:56
11. github.com/gogf/gf/v2/net/ghttp.(*middleware).Next
    /Users/ciel/go/pkg/mod/github.com/gogf/gf/v2@v2.2.6/net/ghttp/ghttp_request_middleware.go:49
12. freekey-backend/internal/logic.lAdmin.MiddlewareAuthToken
    /Users/ciel/learn/freekey-backend/internal/logic/system.go:1040
13. freekey-backend/internal/service.sAdmin.MiddlewareAuth
    /Users/ciel/learn/freekey-backend/internal/service/system.go:238
14. github.com/gogf/gf/v2/net/ghttp.(*middleware).Next.func1.1
    /Users/ciel/go/pkg/mod/github.com/gogf/gf/v2@v2.2.6/net/ghttp/ghttp_request_middleware.go:55
15. github.com/gogf/gf/v2/net/ghttp.niceCallFunc
    /Users/ciel/go/pkg/mod/github.com/gogf/gf/v2@v2.2.6/net/ghttp/ghttp_func.go:55
16. github.com/gogf/gf/v2/net/ghttp.(*middleware).Next.func1
    /Users/ciel/go/pkg/mod/github.com/gogf/gf/v2@v2.2.6/net/ghttp/ghttp_request_middleware.go:54
17. github.com/gogf/gf/v2/util/gutil.TryCatch
    /Users/ciel/go/pkg/mod/github.com/gogf/gf/v2@v2.2.6/util/gutil/gutil.go:56
18. github.com/gogf/gf/v2/net/ghttp.(*middleware).Next
    /Users/ciel/go/pkg/mod/github.com/gogf/gf/v2@v2.2.6/net/ghttp/ghttp_request_middleware.go:49
19. freekey-backend/internal/logic.lSystem.MiddlewareCORS
    /Users/ciel/learn/freekey-backend/internal/logic/system.go:699
20. freekey-backend/internal/service.sSystem.MiddlewareCORS
    /Users/ciel/learn/freekey-backend/internal/service/system.go:136
21. github.com/gogf/gf/v2/net/ghttp.(*middleware).Next.func1.5
    /Users/ciel/go/pkg/mod/github.com/gogf/gf/v2@v2.2.6/net/ghttp/ghttp_request_middleware.go:96
22. github.com/gogf/gf/v2/net/ghttp.niceCallFunc
    /Users/ciel/go/pkg/mod/github.com/gogf/gf/v2@v2.2.6/net/ghttp/ghttp_func.go:55
23. github.com/gogf/gf/v2/net/ghttp.(*middleware).Next.func1
    /Users/ciel/go/pkg/mod/github.com/gogf/gf/v2@v2.2.6/net/ghttp/ghttp_request_middleware.go:95
24. github.com/gogf/gf/v2/util/gutil.TryCatch
    /Users/ciel/go/pkg/mod/github.com/gogf/gf/v2@v2.2.6/util/gutil/gutil.go:56
25. github.com/gogf/gf/v2/net/ghttp.(*middleware).Next
    /Users/ciel/go/pkg/mod/github.com/gogf/gf/v2@v2.2.6/net/ghttp/ghttp_request_middleware.go:49
26. github.com/gogf/gf/v2/net/ghttp.MiddlewareHandlerResponse
    /Users/ciel/go/pkg/mod/github.com/gogf/gf/v2@v2.2.6/net/ghttp/ghttp_middleware_handler_response.go:25
27. github.com/gogf/gf/v2/net/ghttp.(*middleware).Next.func1.5
    /Users/ciel/go/pkg/mod/github.com/gogf/gf/v2@v2.2.6/net/ghttp/ghttp_request_middleware.go:96
28. github.com/gogf/gf/v2/net/ghttp.niceCallFunc
    /Users/ciel/go/pkg/mod/github.com/gogf/gf/v2@v2.2.6/net/ghttp/ghttp_func.go:55
29. github.com/gogf/gf/v2/net/ghttp.(*middleware).Next.func1
    /Users/ciel/go/pkg/mod/github.com/gogf/gf/v2@v2.2.6/net/ghttp/ghttp_request_middleware.go:95
30. github.com/gogf/gf/v2/util/gutil.TryCatch
    /Users/ciel/go/pkg/mod/github.com/gogf/gf/v2@v2.2.6/util/gutil/gutil.go:56
31. github.com/gogf/gf/v2/net/ghttp.(*middleware).Next
    /Users/ciel/go/pkg/mod/github.com/gogf/gf/v2@v2.2.6/net/ghttp/ghttp_request_middleware.go:49
32. github.com/gogf/gf/v2/net/ghttp.internalMiddlewareServerTracing
    /Users/ciel/go/pkg/mod/github.com/gogf/gf/v2@v2.2.6/net/ghttp/ghttp_middleware_tracing.go:78
33. github.com/gogf/gf/v2/net/ghttp.(*middleware).Next.func1.5
    /Users/ciel/go/pkg/mod/github.com/gogf/gf/v2@v2.2.6/net/ghttp/ghttp_request_middleware.go:96
34. github.com/gogf/gf/v2/net/ghttp.niceCallFunc
    /Users/ciel/go/pkg/mod/github.com/gogf/gf/v2@v2.2.6/net/ghttp/ghttp_func.go:55
35. github.com/gogf/gf/v2/net/ghttp.(*middleware).Next.func1
    /Users/ciel/go/pkg/mod/github.com/gogf/gf/v2@v2.2.6/net/ghttp/ghttp_request_middleware.go:95
36. github.com/gogf/gf/v2/util/gutil.TryCatch
    /Users/ciel/go/pkg/mod/github.com/gogf/gf/v2@v2.2.6/util/gutil/gutil.go:56
37. github.com/gogf/gf/v2/net/ghttp.(*middleware).Next
    /Users/ciel/go/pkg/mod/github.com/gogf/gf/v2@v2.2.6/net/ghttp/ghttp_request_middleware.go:49
38. github.com/gogf/gf/v2/net/ghttp.(*Server).ServeHTTP
    /Users/ciel/go/pkg/mod/github.com/gogf/gf/v2@v2.2.6/net/ghttp/ghttp_server_handler.go:132

2023-01-14 23:28:57.907 [ERRO] {904633b180363a17d8160d786fd28202} /Users/ciel/learn/freekey-backend/internal/logic/system.go:411: Error 1054: Unknown column 'sort' in 'order clause', SELECT `id`,`url`,`method`,`group`,`type`,`desc`,`created_at`,`updated_at` FROM `s_api` ORDER BY `sort` LIMIT 10,10
Stack:
1.  freekey-backend/internal/logic.lApi.ListApi
    /Users/ciel/learn/freekey-backend/internal/logic/system.go:411
2.  freekey-backend/internal/service.sApi.ListApi
    /Users/ciel/learn/freekey-backend/internal/service/system.go:65
3.  freekey-backend/internal/controller.sApi.List
    /Users/ciel/learn/freekey-backend/internal/controller/system.go:79
4.  github.com/gogf/gf/v2/net/ghttp.(*middleware).callHandlerFunc.func1
    /Users/ciel/go/pkg/mod/github.com/gogf/gf/v2@v2.2.6/net/ghttp/ghttp_request_middleware.go:152
5.  github.com/gogf/gf/v2/net/ghttp.niceCallFunc
    /Users/ciel/go/pkg/mod/github.com/gogf/gf/v2@v2.2.6/net/ghttp/ghttp_func.go:55
6.  github.com/gogf/gf/v2/net/ghttp.(*middleware).callHandlerFunc
    /Users/ciel/go/pkg/mod/github.com/gogf/gf/v2@v2.2.6/net/ghttp/ghttp_request_middleware.go:129
7.  github.com/gogf/gf/v2/net/ghttp.(*middleware).Next.func1.4
    /Users/ciel/go/pkg/mod/github.com/gogf/gf/v2@v2.2.6/net/ghttp/ghttp_request_middleware.go:90
8.  github.com/gogf/gf/v2/net/ghttp.niceCallFunc
    /Users/ciel/go/pkg/mod/github.com/gogf/gf/v2@v2.2.6/net/ghttp/ghttp_func.go:55
9.  github.com/gogf/gf/v2/net/ghttp.(*middleware).Next.func1
    /Users/ciel/go/pkg/mod/github.com/gogf/gf/v2@v2.2.6/net/ghttp/ghttp_request_middleware.go:89
10. github.com/gogf/gf/v2/util/gutil.TryCatch
    /Users/ciel/go/pkg/mod/github.com/gogf/gf/v2@v2.2.6/util/gutil/gutil.go:56
11. github.com/gogf/gf/v2/net/ghttp.(*middleware).Next
    /Users/ciel/go/pkg/mod/github.com/gogf/gf/v2@v2.2.6/net/ghttp/ghttp_request_middleware.go:49
12. freekey-backend/internal/logic.lAdmin.MiddlewareAuthToken
    /Users/ciel/learn/freekey-backend/internal/logic/system.go:1040
13. freekey-backend/internal/service.sAdmin.MiddlewareAuth
    /Users/ciel/learn/freekey-backend/internal/service/system.go:238
14. github.com/gogf/gf/v2/net/ghttp.(*middleware).Next.func1.1
    /Users/ciel/go/pkg/mod/github.com/gogf/gf/v2@v2.2.6/net/ghttp/ghttp_request_middleware.go:55
15. github.com/gogf/gf/v2/net/ghttp.niceCallFunc
    /Users/ciel/go/pkg/mod/github.com/gogf/gf/v2@v2.2.6/net/ghttp/ghttp_func.go:55
16. github.com/gogf/gf/v2/net/ghttp.(*middleware).Next.func1
    /Users/ciel/go/pkg/mod/github.com/gogf/gf/v2@v2.2.6/net/ghttp/ghttp_request_middleware.go:54
17. github.com/gogf/gf/v2/util/gutil.TryCatch
    /Users/ciel/go/pkg/mod/github.com/gogf/gf/v2@v2.2.6/util/gutil/gutil.go:56
18. github.com/gogf/gf/v2/net/ghttp.(*middleware).Next
    /Users/ciel/go/pkg/mod/github.com/gogf/gf/v2@v2.2.6/net/ghttp/ghttp_request_middleware.go:49
19. freekey-backend/internal/logic.lSystem.MiddlewareCORS
    /Users/ciel/learn/freekey-backend/internal/logic/system.go:699
20. freekey-backend/internal/service.sSystem.MiddlewareCORS
    /Users/ciel/learn/freekey-backend/internal/service/system.go:136
21. github.com/gogf/gf/v2/net/ghttp.(*middleware).Next.func1.5
    /Users/ciel/go/pkg/mod/github.com/gogf/gf/v2@v2.2.6/net/ghttp/ghttp_request_middleware.go:96
22. github.com/gogf/gf/v2/net/ghttp.niceCallFunc
    /Users/ciel/go/pkg/mod/github.com/gogf/gf/v2@v2.2.6/net/ghttp/ghttp_func.go:55
23. github.com/gogf/gf/v2/net/ghttp.(*middleware).Next.func1
    /Users/ciel/go/pkg/mod/github.com/gogf/gf/v2@v2.2.6/net/ghttp/ghttp_request_middleware.go:95
24. github.com/gogf/gf/v2/util/gutil.TryCatch
    /Users/ciel/go/pkg/mod/github.com/gogf/gf/v2@v2.2.6/util/gutil/gutil.go:56
25. github.com/gogf/gf/v2/net/ghttp.(*middleware).Next
    /Users/ciel/go/pkg/mod/github.com/gogf/gf/v2@v2.2.6/net/ghttp/ghttp_request_middleware.go:49
26. github.com/gogf/gf/v2/net/ghttp.MiddlewareHandlerResponse
    /Users/ciel/go/pkg/mod/github.com/gogf/gf/v2@v2.2.6/net/ghttp/ghttp_middleware_handler_response.go:25
27. github.com/gogf/gf/v2/net/ghttp.(*middleware).Next.func1.5
    /Users/ciel/go/pkg/mod/github.com/gogf/gf/v2@v2.2.6/net/ghttp/ghttp_request_middleware.go:96
28. github.com/gogf/gf/v2/net/ghttp.niceCallFunc
    /Users/ciel/go/pkg/mod/github.com/gogf/gf/v2@v2.2.6/net/ghttp/ghttp_func.go:55
29. github.com/gogf/gf/v2/net/ghttp.(*middleware).Next.func1
    /Users/ciel/go/pkg/mod/github.com/gogf/gf/v2@v2.2.6/net/ghttp/ghttp_request_middleware.go:95
30. github.com/gogf/gf/v2/util/gutil.TryCatch
    /Users/ciel/go/pkg/mod/github.com/gogf/gf/v2@v2.2.6/util/gutil/gutil.go:56
31. github.com/gogf/gf/v2/net/ghttp.(*middleware).Next
    /Users/ciel/go/pkg/mod/github.com/gogf/gf/v2@v2.2.6/net/ghttp/ghttp_request_middleware.go:49
32. github.com/gogf/gf/v2/net/ghttp.internalMiddlewareServerTracing
    /Users/ciel/go/pkg/mod/github.com/gogf/gf/v2@v2.2.6/net/ghttp/ghttp_middleware_tracing.go:78
33. github.com/gogf/gf/v2/net/ghttp.(*middleware).Next.func1.5
    /Users/ciel/go/pkg/mod/github.com/gogf/gf/v2@v2.2.6/net/ghttp/ghttp_request_middleware.go:96
34. github.com/gogf/gf/v2/net/ghttp.niceCallFunc
    /Users/ciel/go/pkg/mod/github.com/gogf/gf/v2@v2.2.6/net/ghttp/ghttp_func.go:55
35. github.com/gogf/gf/v2/net/ghttp.(*middleware).Next.func1
    /Users/ciel/go/pkg/mod/github.com/gogf/gf/v2@v2.2.6/net/ghttp/ghttp_request_middleware.go:95
36. github.com/gogf/gf/v2/util/gutil.TryCatch
    /Users/ciel/go/pkg/mod/github.com/gogf/gf/v2@v2.2.6/util/gutil/gutil.go:56
37. github.com/gogf/gf/v2/net/ghttp.(*middleware).Next
    /Users/ciel/go/pkg/mod/github.com/gogf/gf/v2@v2.2.6/net/ghttp/ghttp_request_middleware.go:49
38. github.com/gogf/gf/v2/net/ghttp.(*Server).ServeHTTP
    /Users/ciel/go/pkg/mod/github.com/gogf/gf/v2@v2.2.6/net/ghttp/ghttp_server_handler.go:132

2023-01-14 23:29:03.273 [ERRO] {28a0e6f181363a17da160d784a1ab111} /Users/ciel/learn/freekey-backend/internal/logic/system.go:411: Error 1054: Unknown column 'sort' in 'order clause', SELECT `id`,`url`,`method`,`group`,`type`,`desc`,`created_at`,`updated_at` FROM `s_api` ORDER BY `sort` LIMIT 0,10
Stack:
1.  freekey-backend/internal/logic.lApi.ListApi
    /Users/ciel/learn/freekey-backend/internal/logic/system.go:411
2.  freekey-backend/internal/service.sApi.ListApi
    /Users/ciel/learn/freekey-backend/internal/service/system.go:65
3.  freekey-backend/internal/controller.sApi.List
    /Users/ciel/learn/freekey-backend/internal/controller/system.go:79
4.  github.com/gogf/gf/v2/net/ghttp.(*middleware).callHandlerFunc.func1
    /Users/ciel/go/pkg/mod/github.com/gogf/gf/v2@v2.2.6/net/ghttp/ghttp_request_middleware.go:152
5.  github.com/gogf/gf/v2/net/ghttp.niceCallFunc
    /Users/ciel/go/pkg/mod/github.com/gogf/gf/v2@v2.2.6/net/ghttp/ghttp_func.go:55
6.  github.com/gogf/gf/v2/net/ghttp.(*middleware).callHandlerFunc
    /Users/ciel/go/pkg/mod/github.com/gogf/gf/v2@v2.2.6/net/ghttp/ghttp_request_middleware.go:129
7.  github.com/gogf/gf/v2/net/ghttp.(*middleware).Next.func1.4
    /Users/ciel/go/pkg/mod/github.com/gogf/gf/v2@v2.2.6/net/ghttp/ghttp_request_middleware.go:90
8.  github.com/gogf/gf/v2/net/ghttp.niceCallFunc
    /Users/ciel/go/pkg/mod/github.com/gogf/gf/v2@v2.2.6/net/ghttp/ghttp_func.go:55
9.  github.com/gogf/gf/v2/net/ghttp.(*middleware).Next.func1
    /Users/ciel/go/pkg/mod/github.com/gogf/gf/v2@v2.2.6/net/ghttp/ghttp_request_middleware.go:89
10. github.com/gogf/gf/v2/util/gutil.TryCatch
    /Users/ciel/go/pkg/mod/github.com/gogf/gf/v2@v2.2.6/util/gutil/gutil.go:56
11. github.com/gogf/gf/v2/net/ghttp.(*middleware).Next
    /Users/ciel/go/pkg/mod/github.com/gogf/gf/v2@v2.2.6/net/ghttp/ghttp_request_middleware.go:49
12. freekey-backend/internal/logic.lAdmin.MiddlewareAuthToken
    /Users/ciel/learn/freekey-backend/internal/logic/system.go:1040
13. freekey-backend/internal/service.sAdmin.MiddlewareAuth
    /Users/ciel/learn/freekey-backend/internal/service/system.go:238
14. github.com/gogf/gf/v2/net/ghttp.(*middleware).Next.func1.1
    /Users/ciel/go/pkg/mod/github.com/gogf/gf/v2@v2.2.6/net/ghttp/ghttp_request_middleware.go:55
15. github.com/gogf/gf/v2/net/ghttp.niceCallFunc
    /Users/ciel/go/pkg/mod/github.com/gogf/gf/v2@v2.2.6/net/ghttp/ghttp_func.go:55
16. github.com/gogf/gf/v2/net/ghttp.(*middleware).Next.func1
    /Users/ciel/go/pkg/mod/github.com/gogf/gf/v2@v2.2.6/net/ghttp/ghttp_request_middleware.go:54
17. github.com/gogf/gf/v2/util/gutil.TryCatch
    /Users/ciel/go/pkg/mod/github.com/gogf/gf/v2@v2.2.6/util/gutil/gutil.go:56
18. github.com/gogf/gf/v2/net/ghttp.(*middleware).Next
    /Users/ciel/go/pkg/mod/github.com/gogf/gf/v2@v2.2.6/net/ghttp/ghttp_request_middleware.go:49
19. freekey-backend/internal/logic.lSystem.MiddlewareCORS
    /Users/ciel/learn/freekey-backend/internal/logic/system.go:699
20. freekey-backend/internal/service.sSystem.MiddlewareCORS
    /Users/ciel/learn/freekey-backend/internal/service/system.go:136
21. github.com/gogf/gf/v2/net/ghttp.(*middleware).Next.func1.5
    /Users/ciel/go/pkg/mod/github.com/gogf/gf/v2@v2.2.6/net/ghttp/ghttp_request_middleware.go:96
22. github.com/gogf/gf/v2/net/ghttp.niceCallFunc
    /Users/ciel/go/pkg/mod/github.com/gogf/gf/v2@v2.2.6/net/ghttp/ghttp_func.go:55
23. github.com/gogf/gf/v2/net/ghttp.(*middleware).Next.func1
    /Users/ciel/go/pkg/mod/github.com/gogf/gf/v2@v2.2.6/net/ghttp/ghttp_request_middleware.go:95
24. github.com/gogf/gf/v2/util/gutil.TryCatch
    /Users/ciel/go/pkg/mod/github.com/gogf/gf/v2@v2.2.6/util/gutil/gutil.go:56
25. github.com/gogf/gf/v2/net/ghttp.(*middleware).Next
    /Users/ciel/go/pkg/mod/github.com/gogf/gf/v2@v2.2.6/net/ghttp/ghttp_request_middleware.go:49
26. github.com/gogf/gf/v2/net/ghttp.MiddlewareHandlerResponse
    /Users/ciel/go/pkg/mod/github.com/gogf/gf/v2@v2.2.6/net/ghttp/ghttp_middleware_handler_response.go:25
27. github.com/gogf/gf/v2/net/ghttp.(*middleware).Next.func1.5
    /Users/ciel/go/pkg/mod/github.com/gogf/gf/v2@v2.2.6/net/ghttp/ghttp_request_middleware.go:96
28. github.com/gogf/gf/v2/net/ghttp.niceCallFunc
    /Users/ciel/go/pkg/mod/github.com/gogf/gf/v2@v2.2.6/net/ghttp/ghttp_func.go:55
29. github.com/gogf/gf/v2/net/ghttp.(*middleware).Next.func1
    /Users/ciel/go/pkg/mod/github.com/gogf/gf/v2@v2.2.6/net/ghttp/ghttp_request_middleware.go:95
30. github.com/gogf/gf/v2/util/gutil.TryCatch
    /Users/ciel/go/pkg/mod/github.com/gogf/gf/v2@v2.2.6/util/gutil/gutil.go:56
31. github.com/gogf/gf/v2/net/ghttp.(*middleware).Next
    /Users/ciel/go/pkg/mod/github.com/gogf/gf/v2@v2.2.6/net/ghttp/ghttp_request_middleware.go:49
32. github.com/gogf/gf/v2/net/ghttp.internalMiddlewareServerTracing
    /Users/ciel/go/pkg/mod/github.com/gogf/gf/v2@v2.2.6/net/ghttp/ghttp_middleware_tracing.go:78
33. github.com/gogf/gf/v2/net/ghttp.(*middleware).Next.func1.5
    /Users/ciel/go/pkg/mod/github.com/gogf/gf/v2@v2.2.6/net/ghttp/ghttp_request_middleware.go:96
34. github.com/gogf/gf/v2/net/ghttp.niceCallFunc
    /Users/ciel/go/pkg/mod/github.com/gogf/gf/v2@v2.2.6/net/ghttp/ghttp_func.go:55
35. github.com/gogf/gf/v2/net/ghttp.(*middleware).Next.func1
    /Users/ciel/go/pkg/mod/github.com/gogf/gf/v2@v2.2.6/net/ghttp/ghttp_request_middleware.go:95
36. github.com/gogf/gf/v2/util/gutil.TryCatch
    /Users/ciel/go/pkg/mod/github.com/gogf/gf/v2@v2.2.6/util/gutil/gutil.go:56
37. github.com/gogf/gf/v2/net/ghttp.(*middleware).Next
    /Users/ciel/go/pkg/mod/github.com/gogf/gf/v2@v2.2.6/net/ghttp/ghttp_request_middleware.go:49
38. github.com/gogf/gf/v2/net/ghttp.(*Server).ServeHTTP
    /Users/ciel/go/pkg/mod/github.com/gogf/gf/v2@v2.2.6/net/ghttp/ghttp_server_handler.go:132

2023-01-14 23:29:03.275 [ERRO] {5016eef181363a17dc160d783e503915} /Users/ciel/learn/freekey-backend/internal/logic/system.go:411: Error 1054: Unknown column 'sort' in 'order clause', SELECT `id`,`url`,`method`,`group`,`type`,`desc`,`created_at`,`updated_at` FROM `s_api` ORDER BY `sort` LIMIT 10,10
Stack:
1.  freekey-backend/internal/logic.lApi.ListApi
    /Users/ciel/learn/freekey-backend/internal/logic/system.go:411
2.  freekey-backend/internal/service.sApi.ListApi
    /Users/ciel/learn/freekey-backend/internal/service/system.go:65
3.  freekey-backend/internal/controller.sApi.List
    /Users/ciel/learn/freekey-backend/internal/controller/system.go:79
4.  github.com/gogf/gf/v2/net/ghttp.(*middleware).callHandlerFunc.func1
    /Users/ciel/go/pkg/mod/github.com/gogf/gf/v2@v2.2.6/net/ghttp/ghttp_request_middleware.go:152
5.  github.com/gogf/gf/v2/net/ghttp.niceCallFunc
    /Users/ciel/go/pkg/mod/github.com/gogf/gf/v2@v2.2.6/net/ghttp/ghttp_func.go:55
6.  github.com/gogf/gf/v2/net/ghttp.(*middleware).callHandlerFunc
    /Users/ciel/go/pkg/mod/github.com/gogf/gf/v2@v2.2.6/net/ghttp/ghttp_request_middleware.go:129
7.  github.com/gogf/gf/v2/net/ghttp.(*middleware).Next.func1.4
    /Users/ciel/go/pkg/mod/github.com/gogf/gf/v2@v2.2.6/net/ghttp/ghttp_request_middleware.go:90
8.  github.com/gogf/gf/v2/net/ghttp.niceCallFunc
    /Users/ciel/go/pkg/mod/github.com/gogf/gf/v2@v2.2.6/net/ghttp/ghttp_func.go:55
9.  github.com/gogf/gf/v2/net/ghttp.(*middleware).Next.func1
    /Users/ciel/go/pkg/mod/github.com/gogf/gf/v2@v2.2.6/net/ghttp/ghttp_request_middleware.go:89
10. github.com/gogf/gf/v2/util/gutil.TryCatch
    /Users/ciel/go/pkg/mod/github.com/gogf/gf/v2@v2.2.6/util/gutil/gutil.go:56
11. github.com/gogf/gf/v2/net/ghttp.(*middleware).Next
    /Users/ciel/go/pkg/mod/github.com/gogf/gf/v2@v2.2.6/net/ghttp/ghttp_request_middleware.go:49
12. freekey-backend/internal/logic.lAdmin.MiddlewareAuthToken
    /Users/ciel/learn/freekey-backend/internal/logic/system.go:1040
13. freekey-backend/internal/service.sAdmin.MiddlewareAuth
    /Users/ciel/learn/freekey-backend/internal/service/system.go:238
14. github.com/gogf/gf/v2/net/ghttp.(*middleware).Next.func1.1
    /Users/ciel/go/pkg/mod/github.com/gogf/gf/v2@v2.2.6/net/ghttp/ghttp_request_middleware.go:55
15. github.com/gogf/gf/v2/net/ghttp.niceCallFunc
    /Users/ciel/go/pkg/mod/github.com/gogf/gf/v2@v2.2.6/net/ghttp/ghttp_func.go:55
16. github.com/gogf/gf/v2/net/ghttp.(*middleware).Next.func1
    /Users/ciel/go/pkg/mod/github.com/gogf/gf/v2@v2.2.6/net/ghttp/ghttp_request_middleware.go:54
17. github.com/gogf/gf/v2/util/gutil.TryCatch
    /Users/ciel/go/pkg/mod/github.com/gogf/gf/v2@v2.2.6/util/gutil/gutil.go:56
18. github.com/gogf/gf/v2/net/ghttp.(*middleware).Next
    /Users/ciel/go/pkg/mod/github.com/gogf/gf/v2@v2.2.6/net/ghttp/ghttp_request_middleware.go:49
19. freekey-backend/internal/logic.lSystem.MiddlewareCORS
    /Users/ciel/learn/freekey-backend/internal/logic/system.go:699
20. freekey-backend/internal/service.sSystem.MiddlewareCORS
    /Users/ciel/learn/freekey-backend/internal/service/system.go:136
21. github.com/gogf/gf/v2/net/ghttp.(*middleware).Next.func1.5
    /Users/ciel/go/pkg/mod/github.com/gogf/gf/v2@v2.2.6/net/ghttp/ghttp_request_middleware.go:96
22. github.com/gogf/gf/v2/net/ghttp.niceCallFunc
    /Users/ciel/go/pkg/mod/github.com/gogf/gf/v2@v2.2.6/net/ghttp/ghttp_func.go:55
23. github.com/gogf/gf/v2/net/ghttp.(*middleware).Next.func1
    /Users/ciel/go/pkg/mod/github.com/gogf/gf/v2@v2.2.6/net/ghttp/ghttp_request_middleware.go:95
24. github.com/gogf/gf/v2/util/gutil.TryCatch
    /Users/ciel/go/pkg/mod/github.com/gogf/gf/v2@v2.2.6/util/gutil/gutil.go:56
25. github.com/gogf/gf/v2/net/ghttp.(*middleware).Next
    /Users/ciel/go/pkg/mod/github.com/gogf/gf/v2@v2.2.6/net/ghttp/ghttp_request_middleware.go:49
26. github.com/gogf/gf/v2/net/ghttp.MiddlewareHandlerResponse
    /Users/ciel/go/pkg/mod/github.com/gogf/gf/v2@v2.2.6/net/ghttp/ghttp_middleware_handler_response.go:25
27. github.com/gogf/gf/v2/net/ghttp.(*middleware).Next.func1.5
    /Users/ciel/go/pkg/mod/github.com/gogf/gf/v2@v2.2.6/net/ghttp/ghttp_request_middleware.go:96
28. github.com/gogf/gf/v2/net/ghttp.niceCallFunc
    /Users/ciel/go/pkg/mod/github.com/gogf/gf/v2@v2.2.6/net/ghttp/ghttp_func.go:55
29. github.com/gogf/gf/v2/net/ghttp.(*middleware).Next.func1
    /Users/ciel/go/pkg/mod/github.com/gogf/gf/v2@v2.2.6/net/ghttp/ghttp_request_middleware.go:95
30. github.com/gogf/gf/v2/util/gutil.TryCatch
    /Users/ciel/go/pkg/mod/github.com/gogf/gf/v2@v2.2.6/util/gutil/gutil.go:56
31. github.com/gogf/gf/v2/net/ghttp.(*middleware).Next
    /Users/ciel/go/pkg/mod/github.com/gogf/gf/v2@v2.2.6/net/ghttp/ghttp_request_middleware.go:49
32. github.com/gogf/gf/v2/net/ghttp.internalMiddlewareServerTracing
    /Users/ciel/go/pkg/mod/github.com/gogf/gf/v2@v2.2.6/net/ghttp/ghttp_middleware_tracing.go:78
33. github.com/gogf/gf/v2/net/ghttp.(*middleware).Next.func1.5
    /Users/ciel/go/pkg/mod/github.com/gogf/gf/v2@v2.2.6/net/ghttp/ghttp_request_middleware.go:96
34. github.com/gogf/gf/v2/net/ghttp.niceCallFunc
    /Users/ciel/go/pkg/mod/github.com/gogf/gf/v2@v2.2.6/net/ghttp/ghttp_func.go:55
35. github.com/gogf/gf/v2/net/ghttp.(*middleware).Next.func1
    /Users/ciel/go/pkg/mod/github.com/gogf/gf/v2@v2.2.6/net/ghttp/ghttp_request_middleware.go:95
36. github.com/gogf/gf/v2/util/gutil.TryCatch
    /Users/ciel/go/pkg/mod/github.com/gogf/gf/v2@v2.2.6/util/gutil/gutil.go:56
37. github.com/gogf/gf/v2/net/ghttp.(*middleware).Next
    /Users/ciel/go/pkg/mod/github.com/gogf/gf/v2@v2.2.6/net/ghttp/ghttp_request_middleware.go:49
38. github.com/gogf/gf/v2/net/ghttp.(*Server).ServeHTTP
    /Users/ciel/go/pkg/mod/github.com/gogf/gf/v2@v2.2.6/net/ghttp/ghttp_server_handler.go:132

2023-01-14 23:29:31.866 [ERRO] {e0bee89988363a17c8e19d75e6348657} /Users/ciel/learn/freekey-backend/internal/logic/system.go:411: Error 1054: Unknown column 'sort' in 'order clause', SELECT `id`,`url`,`method`,`group`,`type`,`desc`,`created_at`,`updated_at` FROM `s_api` ORDER BY `sort` LIMIT 0,10
Stack:
1.  freekey-backend/internal/logic.lApi.ListApi
    /Users/ciel/learn/freekey-backend/internal/logic/system.go:411
2.  freekey-backend/internal/service.sApi.ListApi
    /Users/ciel/learn/freekey-backend/internal/service/system.go:65
3.  freekey-backend/internal/controller.sApi.List
    /Users/ciel/learn/freekey-backend/internal/controller/system.go:79
4.  github.com/gogf/gf/v2/net/ghttp.(*middleware).callHandlerFunc.func1
    /Users/ciel/go/pkg/mod/github.com/gogf/gf/v2@v2.2.6/net/ghttp/ghttp_request_middleware.go:152
5.  github.com/gogf/gf/v2/net/ghttp.niceCallFunc
    /Users/ciel/go/pkg/mod/github.com/gogf/gf/v2@v2.2.6/net/ghttp/ghttp_func.go:55
6.  github.com/gogf/gf/v2/net/ghttp.(*middleware).callHandlerFunc
    /Users/ciel/go/pkg/mod/github.com/gogf/gf/v2@v2.2.6/net/ghttp/ghttp_request_middleware.go:129
7.  github.com/gogf/gf/v2/net/ghttp.(*middleware).Next.func1.4
    /Users/ciel/go/pkg/mod/github.com/gogf/gf/v2@v2.2.6/net/ghttp/ghttp_request_middleware.go:90
8.  github.com/gogf/gf/v2/net/ghttp.niceCallFunc
    /Users/ciel/go/pkg/mod/github.com/gogf/gf/v2@v2.2.6/net/ghttp/ghttp_func.go:55
9.  github.com/gogf/gf/v2/net/ghttp.(*middleware).Next.func1
    /Users/ciel/go/pkg/mod/github.com/gogf/gf/v2@v2.2.6/net/ghttp/ghttp_request_middleware.go:89
10. github.com/gogf/gf/v2/util/gutil.TryCatch
    /Users/ciel/go/pkg/mod/github.com/gogf/gf/v2@v2.2.6/util/gutil/gutil.go:56
11. github.com/gogf/gf/v2/net/ghttp.(*middleware).Next
    /Users/ciel/go/pkg/mod/github.com/gogf/gf/v2@v2.2.6/net/ghttp/ghttp_request_middleware.go:49
12. freekey-backend/internal/logic.lAdmin.MiddlewareAuthToken
    /Users/ciel/learn/freekey-backend/internal/logic/system.go:1040
13. freekey-backend/internal/service.sAdmin.MiddlewareAuth
    /Users/ciel/learn/freekey-backend/internal/service/system.go:238
14. github.com/gogf/gf/v2/net/ghttp.(*middleware).Next.func1.1
    /Users/ciel/go/pkg/mod/github.com/gogf/gf/v2@v2.2.6/net/ghttp/ghttp_request_middleware.go:55
15. github.com/gogf/gf/v2/net/ghttp.niceCallFunc
    /Users/ciel/go/pkg/mod/github.com/gogf/gf/v2@v2.2.6/net/ghttp/ghttp_func.go:55
16. github.com/gogf/gf/v2/net/ghttp.(*middleware).Next.func1
    /Users/ciel/go/pkg/mod/github.com/gogf/gf/v2@v2.2.6/net/ghttp/ghttp_request_middleware.go:54
17. github.com/gogf/gf/v2/util/gutil.TryCatch
    /Users/ciel/go/pkg/mod/github.com/gogf/gf/v2@v2.2.6/util/gutil/gutil.go:56
18. github.com/gogf/gf/v2/net/ghttp.(*middleware).Next
    /Users/ciel/go/pkg/mod/github.com/gogf/gf/v2@v2.2.6/net/ghttp/ghttp_request_middleware.go:49
19. freekey-backend/internal/logic.lSystem.MiddlewareCORS
    /Users/ciel/learn/freekey-backend/internal/logic/system.go:699
20. freekey-backend/internal/service.sSystem.MiddlewareCORS
    /Users/ciel/learn/freekey-backend/internal/service/system.go:136
21. github.com/gogf/gf/v2/net/ghttp.(*middleware).Next.func1.5
    /Users/ciel/go/pkg/mod/github.com/gogf/gf/v2@v2.2.6/net/ghttp/ghttp_request_middleware.go:96
22. github.com/gogf/gf/v2/net/ghttp.niceCallFunc
    /Users/ciel/go/pkg/mod/github.com/gogf/gf/v2@v2.2.6/net/ghttp/ghttp_func.go:55
23. github.com/gogf/gf/v2/net/ghttp.(*middleware).Next.func1
    /Users/ciel/go/pkg/mod/github.com/gogf/gf/v2@v2.2.6/net/ghttp/ghttp_request_middleware.go:95
24. github.com/gogf/gf/v2/util/gutil.TryCatch
    /Users/ciel/go/pkg/mod/github.com/gogf/gf/v2@v2.2.6/util/gutil/gutil.go:56
25. github.com/gogf/gf/v2/net/ghttp.(*middleware).Next
    /Users/ciel/go/pkg/mod/github.com/gogf/gf/v2@v2.2.6/net/ghttp/ghttp_request_middleware.go:49
26. github.com/gogf/gf/v2/net/ghttp.MiddlewareHandlerResponse
    /Users/ciel/go/pkg/mod/github.com/gogf/gf/v2@v2.2.6/net/ghttp/ghttp_middleware_handler_response.go:25
27. github.com/gogf/gf/v2/net/ghttp.(*middleware).Next.func1.5
    /Users/ciel/go/pkg/mod/github.com/gogf/gf/v2@v2.2.6/net/ghttp/ghttp_request_middleware.go:96
28. github.com/gogf/gf/v2/net/ghttp.niceCallFunc
    /Users/ciel/go/pkg/mod/github.com/gogf/gf/v2@v2.2.6/net/ghttp/ghttp_func.go:55
29. github.com/gogf/gf/v2/net/ghttp.(*middleware).Next.func1
    /Users/ciel/go/pkg/mod/github.com/gogf/gf/v2@v2.2.6/net/ghttp/ghttp_request_middleware.go:95
30. github.com/gogf/gf/v2/util/gutil.TryCatch
    /Users/ciel/go/pkg/mod/github.com/gogf/gf/v2@v2.2.6/util/gutil/gutil.go:56
31. github.com/gogf/gf/v2/net/ghttp.(*middleware).Next
    /Users/ciel/go/pkg/mod/github.com/gogf/gf/v2@v2.2.6/net/ghttp/ghttp_request_middleware.go:49
32. github.com/gogf/gf/v2/net/ghttp.internalMiddlewareServerTracing
    /Users/ciel/go/pkg/mod/github.com/gogf/gf/v2@v2.2.6/net/ghttp/ghttp_middleware_tracing.go:78
33. github.com/gogf/gf/v2/net/ghttp.(*middleware).Next.func1.5
    /Users/ciel/go/pkg/mod/github.com/gogf/gf/v2@v2.2.6/net/ghttp/ghttp_request_middleware.go:96
34. github.com/gogf/gf/v2/net/ghttp.niceCallFunc
    /Users/ciel/go/pkg/mod/github.com/gogf/gf/v2@v2.2.6/net/ghttp/ghttp_func.go:55
35. github.com/gogf/gf/v2/net/ghttp.(*middleware).Next.func1
    /Users/ciel/go/pkg/mod/github.com/gogf/gf/v2@v2.2.6/net/ghttp/ghttp_request_middleware.go:95
36. github.com/gogf/gf/v2/util/gutil.TryCatch
    /Users/ciel/go/pkg/mod/github.com/gogf/gf/v2@v2.2.6/util/gutil/gutil.go:56
37. github.com/gogf/gf/v2/net/ghttp.(*middleware).Next
    /Users/ciel/go/pkg/mod/github.com/gogf/gf/v2@v2.2.6/net/ghttp/ghttp_request_middleware.go:49
38. github.com/gogf/gf/v2/net/ghttp.(*Server).ServeHTTP
    /Users/ciel/go/pkg/mod/github.com/gogf/gf/v2@v2.2.6/net/ghttp/ghttp_server_handler.go:132

2023-01-14 23:29:31.868 [ERRO] {e810e99988363a17cae19d75ebb6bc47} /Users/ciel/learn/freekey-backend/internal/logic/system.go:411: Error 1054: Unknown column 'sort' in 'order clause', SELECT `id`,`url`,`method`,`group`,`type`,`desc`,`created_at`,`updated_at` FROM `s_api` ORDER BY `sort` LIMIT 10,10
Stack:
1.  freekey-backend/internal/logic.lApi.ListApi
    /Users/ciel/learn/freekey-backend/internal/logic/system.go:411
2.  freekey-backend/internal/service.sApi.ListApi
    /Users/ciel/learn/freekey-backend/internal/service/system.go:65
3.  freekey-backend/internal/controller.sApi.List
    /Users/ciel/learn/freekey-backend/internal/controller/system.go:79
4.  github.com/gogf/gf/v2/net/ghttp.(*middleware).callHandlerFunc.func1
    /Users/ciel/go/pkg/mod/github.com/gogf/gf/v2@v2.2.6/net/ghttp/ghttp_request_middleware.go:152
5.  github.com/gogf/gf/v2/net/ghttp.niceCallFunc
    /Users/ciel/go/pkg/mod/github.com/gogf/gf/v2@v2.2.6/net/ghttp/ghttp_func.go:55
6.  github.com/gogf/gf/v2/net/ghttp.(*middleware).callHandlerFunc
    /Users/ciel/go/pkg/mod/github.com/gogf/gf/v2@v2.2.6/net/ghttp/ghttp_request_middleware.go:129
7.  github.com/gogf/gf/v2/net/ghttp.(*middleware).Next.func1.4
    /Users/ciel/go/pkg/mod/github.com/gogf/gf/v2@v2.2.6/net/ghttp/ghttp_request_middleware.go:90
8.  github.com/gogf/gf/v2/net/ghttp.niceCallFunc
    /Users/ciel/go/pkg/mod/github.com/gogf/gf/v2@v2.2.6/net/ghttp/ghttp_func.go:55
9.  github.com/gogf/gf/v2/net/ghttp.(*middleware).Next.func1
    /Users/ciel/go/pkg/mod/github.com/gogf/gf/v2@v2.2.6/net/ghttp/ghttp_request_middleware.go:89
10. github.com/gogf/gf/v2/util/gutil.TryCatch
    /Users/ciel/go/pkg/mod/github.com/gogf/gf/v2@v2.2.6/util/gutil/gutil.go:56
11. github.com/gogf/gf/v2/net/ghttp.(*middleware).Next
    /Users/ciel/go/pkg/mod/github.com/gogf/gf/v2@v2.2.6/net/ghttp/ghttp_request_middleware.go:49
12. freekey-backend/internal/logic.lAdmin.MiddlewareAuthToken
    /Users/ciel/learn/freekey-backend/internal/logic/system.go:1040
13. freekey-backend/internal/service.sAdmin.MiddlewareAuth
    /Users/ciel/learn/freekey-backend/internal/service/system.go:238
14. github.com/gogf/gf/v2/net/ghttp.(*middleware).Next.func1.1
    /Users/ciel/go/pkg/mod/github.com/gogf/gf/v2@v2.2.6/net/ghttp/ghttp_request_middleware.go:55
15. github.com/gogf/gf/v2/net/ghttp.niceCallFunc
    /Users/ciel/go/pkg/mod/github.com/gogf/gf/v2@v2.2.6/net/ghttp/ghttp_func.go:55
16. github.com/gogf/gf/v2/net/ghttp.(*middleware).Next.func1
    /Users/ciel/go/pkg/mod/github.com/gogf/gf/v2@v2.2.6/net/ghttp/ghttp_request_middleware.go:54
17. github.com/gogf/gf/v2/util/gutil.TryCatch
    /Users/ciel/go/pkg/mod/github.com/gogf/gf/v2@v2.2.6/util/gutil/gutil.go:56
18. github.com/gogf/gf/v2/net/ghttp.(*middleware).Next
    /Users/ciel/go/pkg/mod/github.com/gogf/gf/v2@v2.2.6/net/ghttp/ghttp_request_middleware.go:49
19. freekey-backend/internal/logic.lSystem.MiddlewareCORS
    /Users/ciel/learn/freekey-backend/internal/logic/system.go:699
20. freekey-backend/internal/service.sSystem.MiddlewareCORS
    /Users/ciel/learn/freekey-backend/internal/service/system.go:136
21. github.com/gogf/gf/v2/net/ghttp.(*middleware).Next.func1.5
    /Users/ciel/go/pkg/mod/github.com/gogf/gf/v2@v2.2.6/net/ghttp/ghttp_request_middleware.go:96
22. github.com/gogf/gf/v2/net/ghttp.niceCallFunc
    /Users/ciel/go/pkg/mod/github.com/gogf/gf/v2@v2.2.6/net/ghttp/ghttp_func.go:55
23. github.com/gogf/gf/v2/net/ghttp.(*middleware).Next.func1
    /Users/ciel/go/pkg/mod/github.com/gogf/gf/v2@v2.2.6/net/ghttp/ghttp_request_middleware.go:95
24. github.com/gogf/gf/v2/util/gutil.TryCatch
    /Users/ciel/go/pkg/mod/github.com/gogf/gf/v2@v2.2.6/util/gutil/gutil.go:56
25. github.com/gogf/gf/v2/net/ghttp.(*middleware).Next
    /Users/ciel/go/pkg/mod/github.com/gogf/gf/v2@v2.2.6/net/ghttp/ghttp_request_middleware.go:49
26. github.com/gogf/gf/v2/net/ghttp.MiddlewareHandlerResponse
    /Users/ciel/go/pkg/mod/github.com/gogf/gf/v2@v2.2.6/net/ghttp/ghttp_middleware_handler_response.go:25
27. github.com/gogf/gf/v2/net/ghttp.(*middleware).Next.func1.5
    /Users/ciel/go/pkg/mod/github.com/gogf/gf/v2@v2.2.6/net/ghttp/ghttp_request_middleware.go:96
28. github.com/gogf/gf/v2/net/ghttp.niceCallFunc
    /Users/ciel/go/pkg/mod/github.com/gogf/gf/v2@v2.2.6/net/ghttp/ghttp_func.go:55
29. github.com/gogf/gf/v2/net/ghttp.(*middleware).Next.func1
    /Users/ciel/go/pkg/mod/github.com/gogf/gf/v2@v2.2.6/net/ghttp/ghttp_request_middleware.go:95
30. github.com/gogf/gf/v2/util/gutil.TryCatch
    /Users/ciel/go/pkg/mod/github.com/gogf/gf/v2@v2.2.6/util/gutil/gutil.go:56
31. github.com/gogf/gf/v2/net/ghttp.(*middleware).Next
    /Users/ciel/go/pkg/mod/github.com/gogf/gf/v2@v2.2.6/net/ghttp/ghttp_request_middleware.go:49
32. github.com/gogf/gf/v2/net/ghttp.internalMiddlewareServerTracing
    /Users/ciel/go/pkg/mod/github.com/gogf/gf/v2@v2.2.6/net/ghttp/ghttp_middleware_tracing.go:78
33. github.com/gogf/gf/v2/net/ghttp.(*middleware).Next.func1.5
    /Users/ciel/go/pkg/mod/github.com/gogf/gf/v2@v2.2.6/net/ghttp/ghttp_request_middleware.go:96
34. github.com/gogf/gf/v2/net/ghttp.niceCallFunc
    /Users/ciel/go/pkg/mod/github.com/gogf/gf/v2@v2.2.6/net/ghttp/ghttp_func.go:55
35. github.com/gogf/gf/v2/net/ghttp.(*middleware).Next.func1
    /Users/ciel/go/pkg/mod/github.com/gogf/gf/v2@v2.2.6/net/ghttp/ghttp_request_middleware.go:95
36. github.com/gogf/gf/v2/util/gutil.TryCatch
    /Users/ciel/go/pkg/mod/github.com/gogf/gf/v2@v2.2.6/util/gutil/gutil.go:56
37. github.com/gogf/gf/v2/net/ghttp.(*middleware).Next
    /Users/ciel/go/pkg/mod/github.com/gogf/gf/v2@v2.2.6/net/ghttp/ghttp_request_middleware.go:49
38. github.com/gogf/gf/v2/net/ghttp.(*Server).ServeHTTP
    /Users/ciel/go/pkg/mod/github.com/gogf/gf/v2@v2.2.6/net/ghttp/ghttp_server_handler.go:132

2023-01-14 23:29:33.478 [ERRO] {88fd0afa88363a17cfe19d75cc02e2cf} /Users/ciel/learn/freekey-backend/internal/logic/system.go:411: Error 1054: Unknown column 'sort' in 'order clause', SELECT `id`,`url`,`method`,`group`,`type`,`desc`,`created_at`,`updated_at` FROM `s_api` ORDER BY `sort` LIMIT 10,10
Stack:
1.  freekey-backend/internal/logic.lApi.ListApi
    /Users/ciel/learn/freekey-backend/internal/logic/system.go:411
2.  freekey-backend/internal/service.sApi.ListApi
    /Users/ciel/learn/freekey-backend/internal/service/system.go:65
3.  freekey-backend/internal/controller.sApi.List
    /Users/ciel/learn/freekey-backend/internal/controller/system.go:79
4.  github.com/gogf/gf/v2/net/ghttp.(*middleware).callHandlerFunc.func1
    /Users/ciel/go/pkg/mod/github.com/gogf/gf/v2@v2.2.6/net/ghttp/ghttp_request_middleware.go:152
5.  github.com/gogf/gf/v2/net/ghttp.niceCallFunc
    /Users/ciel/go/pkg/mod/github.com/gogf/gf/v2@v2.2.6/net/ghttp/ghttp_func.go:55
6.  github.com/gogf/gf/v2/net/ghttp.(*middleware).callHandlerFunc
    /Users/ciel/go/pkg/mod/github.com/gogf/gf/v2@v2.2.6/net/ghttp/ghttp_request_middleware.go:129
7.  github.com/gogf/gf/v2/net/ghttp.(*middleware).Next.func1.4
    /Users/ciel/go/pkg/mod/github.com/gogf/gf/v2@v2.2.6/net/ghttp/ghttp_request_middleware.go:90
8.  github.com/gogf/gf/v2/net/ghttp.niceCallFunc
    /Users/ciel/go/pkg/mod/github.com/gogf/gf/v2@v2.2.6/net/ghttp/ghttp_func.go:55
9.  github.com/gogf/gf/v2/net/ghttp.(*middleware).Next.func1
    /Users/ciel/go/pkg/mod/github.com/gogf/gf/v2@v2.2.6/net/ghttp/ghttp_request_middleware.go:89
10. github.com/gogf/gf/v2/util/gutil.TryCatch
    /Users/ciel/go/pkg/mod/github.com/gogf/gf/v2@v2.2.6/util/gutil/gutil.go:56
11. github.com/gogf/gf/v2/net/ghttp.(*middleware).Next
    /Users/ciel/go/pkg/mod/github.com/gogf/gf/v2@v2.2.6/net/ghttp/ghttp_request_middleware.go:49
12. freekey-backend/internal/logic.lAdmin.MiddlewareAuthToken
    /Users/ciel/learn/freekey-backend/internal/logic/system.go:1040
13. freekey-backend/internal/service.sAdmin.MiddlewareAuth
    /Users/ciel/learn/freekey-backend/internal/service/system.go:238
14. github.com/gogf/gf/v2/net/ghttp.(*middleware).Next.func1.1
    /Users/ciel/go/pkg/mod/github.com/gogf/gf/v2@v2.2.6/net/ghttp/ghttp_request_middleware.go:55
15. github.com/gogf/gf/v2/net/ghttp.niceCallFunc
    /Users/ciel/go/pkg/mod/github.com/gogf/gf/v2@v2.2.6/net/ghttp/ghttp_func.go:55
16. github.com/gogf/gf/v2/net/ghttp.(*middleware).Next.func1
    /Users/ciel/go/pkg/mod/github.com/gogf/gf/v2@v2.2.6/net/ghttp/ghttp_request_middleware.go:54
17. github.com/gogf/gf/v2/util/gutil.TryCatch
    /Users/ciel/go/pkg/mod/github.com/gogf/gf/v2@v2.2.6/util/gutil/gutil.go:56
18. github.com/gogf/gf/v2/net/ghttp.(*middleware).Next
    /Users/ciel/go/pkg/mod/github.com/gogf/gf/v2@v2.2.6/net/ghttp/ghttp_request_middleware.go:49
19. freekey-backend/internal/logic.lSystem.MiddlewareCORS
    /Users/ciel/learn/freekey-backend/internal/logic/system.go:699
20. freekey-backend/internal/service.sSystem.MiddlewareCORS
    /Users/ciel/learn/freekey-backend/internal/service/system.go:136
21. github.com/gogf/gf/v2/net/ghttp.(*middleware).Next.func1.5
    /Users/ciel/go/pkg/mod/github.com/gogf/gf/v2@v2.2.6/net/ghttp/ghttp_request_middleware.go:96
22. github.com/gogf/gf/v2/net/ghttp.niceCallFunc
    /Users/ciel/go/pkg/mod/github.com/gogf/gf/v2@v2.2.6/net/ghttp/ghttp_func.go:55
23. github.com/gogf/gf/v2/net/ghttp.(*middleware).Next.func1
    /Users/ciel/go/pkg/mod/github.com/gogf/gf/v2@v2.2.6/net/ghttp/ghttp_request_middleware.go:95
24. github.com/gogf/gf/v2/util/gutil.TryCatch
    /Users/ciel/go/pkg/mod/github.com/gogf/gf/v2@v2.2.6/util/gutil/gutil.go:56
25. github.com/gogf/gf/v2/net/ghttp.(*middleware).Next
    /Users/ciel/go/pkg/mod/github.com/gogf/gf/v2@v2.2.6/net/ghttp/ghttp_request_middleware.go:49
26. github.com/gogf/gf/v2/net/ghttp.MiddlewareHandlerResponse
    /Users/ciel/go/pkg/mod/github.com/gogf/gf/v2@v2.2.6/net/ghttp/ghttp_middleware_handler_response.go:25
27. github.com/gogf/gf/v2/net/ghttp.(*middleware).Next.func1.5
    /Users/ciel/go/pkg/mod/github.com/gogf/gf/v2@v2.2.6/net/ghttp/ghttp_request_middleware.go:96
28. github.com/gogf/gf/v2/net/ghttp.niceCallFunc
    /Users/ciel/go/pkg/mod/github.com/gogf/gf/v2@v2.2.6/net/ghttp/ghttp_func.go:55
29. github.com/gogf/gf/v2/net/ghttp.(*middleware).Next.func1
    /Users/ciel/go/pkg/mod/github.com/gogf/gf/v2@v2.2.6/net/ghttp/ghttp_request_middleware.go:95
30. github.com/gogf/gf/v2/util/gutil.TryCatch
    /Users/ciel/go/pkg/mod/github.com/gogf/gf/v2@v2.2.6/util/gutil/gutil.go:56
31. github.com/gogf/gf/v2/net/ghttp.(*middleware).Next
    /Users/ciel/go/pkg/mod/github.com/gogf/gf/v2@v2.2.6/net/ghttp/ghttp_request_middleware.go:49
32. github.com/gogf/gf/v2/net/ghttp.internalMiddlewareServerTracing
    /Users/ciel/go/pkg/mod/github.com/gogf/gf/v2@v2.2.6/net/ghttp/ghttp_middleware_tracing.go:78
33. github.com/gogf/gf/v2/net/ghttp.(*middleware).Next.func1.5
    /Users/ciel/go/pkg/mod/github.com/gogf/gf/v2@v2.2.6/net/ghttp/ghttp_request_middleware.go:96
34. github.com/gogf/gf/v2/net/ghttp.niceCallFunc
    /Users/ciel/go/pkg/mod/github.com/gogf/gf/v2@v2.2.6/net/ghttp/ghttp_func.go:55
35. github.com/gogf/gf/v2/net/ghttp.(*middleware).Next.func1
    /Users/ciel/go/pkg/mod/github.com/gogf/gf/v2@v2.2.6/net/ghttp/ghttp_request_middleware.go:95
36. github.com/gogf/gf/v2/util/gutil.TryCatch
    /Users/ciel/go/pkg/mod/github.com/gogf/gf/v2@v2.2.6/util/gutil/gutil.go:56
37. github.com/gogf/gf/v2/net/ghttp.(*middleware).Next
    /Users/ciel/go/pkg/mod/github.com/gogf/gf/v2@v2.2.6/net/ghttp/ghttp_request_middleware.go:49
38. github.com/gogf/gf/v2/net/ghttp.(*Server).ServeHTTP
    /Users/ciel/go/pkg/mod/github.com/gogf/gf/v2@v2.2.6/net/ghttp/ghttp_server_handler.go:132

2023-01-14 23:29:33.479 [ERRO] {38bd09fa88363a17cee19d753fff3095} /Users/ciel/learn/freekey-backend/internal/logic/system.go:411: Error 1054: Unknown column 'sort' in 'order clause', SELECT `id`,`url`,`method`,`group`,`type`,`desc`,`created_at`,`updated_at` FROM `s_api` ORDER BY `sort` LIMIT 0,10
Stack:
1.  freekey-backend/internal/logic.lApi.ListApi
    /Users/ciel/learn/freekey-backend/internal/logic/system.go:411
2.  freekey-backend/internal/service.sApi.ListApi
    /Users/ciel/learn/freekey-backend/internal/service/system.go:65
3.  freekey-backend/internal/controller.sApi.List
    /Users/ciel/learn/freekey-backend/internal/controller/system.go:79
4.  github.com/gogf/gf/v2/net/ghttp.(*middleware).callHandlerFunc.func1
    /Users/ciel/go/pkg/mod/github.com/gogf/gf/v2@v2.2.6/net/ghttp/ghttp_request_middleware.go:152
5.  github.com/gogf/gf/v2/net/ghttp.niceCallFunc
    /Users/ciel/go/pkg/mod/github.com/gogf/gf/v2@v2.2.6/net/ghttp/ghttp_func.go:55
6.  github.com/gogf/gf/v2/net/ghttp.(*middleware).callHandlerFunc
    /Users/ciel/go/pkg/mod/github.com/gogf/gf/v2@v2.2.6/net/ghttp/ghttp_request_middleware.go:129
7.  github.com/gogf/gf/v2/net/ghttp.(*middleware).Next.func1.4
    /Users/ciel/go/pkg/mod/github.com/gogf/gf/v2@v2.2.6/net/ghttp/ghttp_request_middleware.go:90
8.  github.com/gogf/gf/v2/net/ghttp.niceCallFunc
    /Users/ciel/go/pkg/mod/github.com/gogf/gf/v2@v2.2.6/net/ghttp/ghttp_func.go:55
9.  github.com/gogf/gf/v2/net/ghttp.(*middleware).Next.func1
    /Users/ciel/go/pkg/mod/github.com/gogf/gf/v2@v2.2.6/net/ghttp/ghttp_request_middleware.go:89
10. github.com/gogf/gf/v2/util/gutil.TryCatch
    /Users/ciel/go/pkg/mod/github.com/gogf/gf/v2@v2.2.6/util/gutil/gutil.go:56
11. github.com/gogf/gf/v2/net/ghttp.(*middleware).Next
    /Users/ciel/go/pkg/mod/github.com/gogf/gf/v2@v2.2.6/net/ghttp/ghttp_request_middleware.go:49
12. freekey-backend/internal/logic.lAdmin.MiddlewareAuthToken
    /Users/ciel/learn/freekey-backend/internal/logic/system.go:1040
13. freekey-backend/internal/service.sAdmin.MiddlewareAuth
    /Users/ciel/learn/freekey-backend/internal/service/system.go:238
14. github.com/gogf/gf/v2/net/ghttp.(*middleware).Next.func1.1
    /Users/ciel/go/pkg/mod/github.com/gogf/gf/v2@v2.2.6/net/ghttp/ghttp_request_middleware.go:55
15. github.com/gogf/gf/v2/net/ghttp.niceCallFunc
    /Users/ciel/go/pkg/mod/github.com/gogf/gf/v2@v2.2.6/net/ghttp/ghttp_func.go:55
16. github.com/gogf/gf/v2/net/ghttp.(*middleware).Next.func1
    /Users/ciel/go/pkg/mod/github.com/gogf/gf/v2@v2.2.6/net/ghttp/ghttp_request_middleware.go:54
17. github.com/gogf/gf/v2/util/gutil.TryCatch
    /Users/ciel/go/pkg/mod/github.com/gogf/gf/v2@v2.2.6/util/gutil/gutil.go:56
18. github.com/gogf/gf/v2/net/ghttp.(*middleware).Next
    /Users/ciel/go/pkg/mod/github.com/gogf/gf/v2@v2.2.6/net/ghttp/ghttp_request_middleware.go:49
19. freekey-backend/internal/logic.lSystem.MiddlewareCORS
    /Users/ciel/learn/freekey-backend/internal/logic/system.go:699
20. freekey-backend/internal/service.sSystem.MiddlewareCORS
    /Users/ciel/learn/freekey-backend/internal/service/system.go:136
21. github.com/gogf/gf/v2/net/ghttp.(*middleware).Next.func1.5
    /Users/ciel/go/pkg/mod/github.com/gogf/gf/v2@v2.2.6/net/ghttp/ghttp_request_middleware.go:96
22. github.com/gogf/gf/v2/net/ghttp.niceCallFunc
    /Users/ciel/go/pkg/mod/github.com/gogf/gf/v2@v2.2.6/net/ghttp/ghttp_func.go:55
23. github.com/gogf/gf/v2/net/ghttp.(*middleware).Next.func1
    /Users/ciel/go/pkg/mod/github.com/gogf/gf/v2@v2.2.6/net/ghttp/ghttp_request_middleware.go:95
24. github.com/gogf/gf/v2/util/gutil.TryCatch
    /Users/ciel/go/pkg/mod/github.com/gogf/gf/v2@v2.2.6/util/gutil/gutil.go:56
25. github.com/gogf/gf/v2/net/ghttp.(*middleware).Next
    /Users/ciel/go/pkg/mod/github.com/gogf/gf/v2@v2.2.6/net/ghttp/ghttp_request_middleware.go:49
26. github.com/gogf/gf/v2/net/ghttp.MiddlewareHandlerResponse
    /Users/ciel/go/pkg/mod/github.com/gogf/gf/v2@v2.2.6/net/ghttp/ghttp_middleware_handler_response.go:25
27. github.com/gogf/gf/v2/net/ghttp.(*middleware).Next.func1.5
    /Users/ciel/go/pkg/mod/github.com/gogf/gf/v2@v2.2.6/net/ghttp/ghttp_request_middleware.go:96
28. github.com/gogf/gf/v2/net/ghttp.niceCallFunc
    /Users/ciel/go/pkg/mod/github.com/gogf/gf/v2@v2.2.6/net/ghttp/ghttp_func.go:55
29. github.com/gogf/gf/v2/net/ghttp.(*middleware).Next.func1
    /Users/ciel/go/pkg/mod/github.com/gogf/gf/v2@v2.2.6/net/ghttp/ghttp_request_middleware.go:95
30. github.com/gogf/gf/v2/util/gutil.TryCatch
    /Users/ciel/go/pkg/mod/github.com/gogf/gf/v2@v2.2.6/util/gutil/gutil.go:56
31. github.com/gogf/gf/v2/net/ghttp.(*middleware).Next
    /Users/ciel/go/pkg/mod/github.com/gogf/gf/v2@v2.2.6/net/ghttp/ghttp_request_middleware.go:49
32. github.com/gogf/gf/v2/net/ghttp.internalMiddlewareServerTracing
    /Users/ciel/go/pkg/mod/github.com/gogf/gf/v2@v2.2.6/net/ghttp/ghttp_middleware_tracing.go:78
33. github.com/gogf/gf/v2/net/ghttp.(*middleware).Next.func1.5
    /Users/ciel/go/pkg/mod/github.com/gogf/gf/v2@v2.2.6/net/ghttp/ghttp_request_middleware.go:96
34. github.com/gogf/gf/v2/net/ghttp.niceCallFunc
    /Users/ciel/go/pkg/mod/github.com/gogf/gf/v2@v2.2.6/net/ghttp/ghttp_func.go:55
35. github.com/gogf/gf/v2/net/ghttp.(*middleware).Next.func1
    /Users/ciel/go/pkg/mod/github.com/gogf/gf/v2@v2.2.6/net/ghttp/ghttp_request_middleware.go:95
36. github.com/gogf/gf/v2/util/gutil.TryCatch
    /Users/ciel/go/pkg/mod/github.com/gogf/gf/v2@v2.2.6/util/gutil/gutil.go:56
37. github.com/gogf/gf/v2/net/ghttp.(*middleware).Next
    /Users/ciel/go/pkg/mod/github.com/gogf/gf/v2@v2.2.6/net/ghttp/ghttp_request_middleware.go:49
38. github.com/gogf/gf/v2/net/ghttp.(*Server).ServeHTTP
    /Users/ciel/go/pkg/mod/github.com/gogf/gf/v2@v2.2.6/net/ghttp/ghttp_server_handler.go:132

2023-01-14 23:29:41.775 [ERRO] {807531e98a363a17d4e19d75b5898f15} /Users/ciel/learn/freekey-backend/internal/logic/system.go:411: Error 1054: Unknown column 'sort' in 'order clause', SELECT `id`,`url`,`method`,`group`,`type`,`desc`,`created_at`,`updated_at` FROM `s_api` ORDER BY `sort` LIMIT 0,10
Stack:
1.  freekey-backend/internal/logic.lApi.ListApi
    /Users/ciel/learn/freekey-backend/internal/logic/system.go:411
2.  freekey-backend/internal/service.sApi.ListApi
    /Users/ciel/learn/freekey-backend/internal/service/system.go:65
3.  freekey-backend/internal/controller.sApi.List
    /Users/ciel/learn/freekey-backend/internal/controller/system.go:79
4.  github.com/gogf/gf/v2/net/ghttp.(*middleware).callHandlerFunc.func1
    /Users/ciel/go/pkg/mod/github.com/gogf/gf/v2@v2.2.6/net/ghttp/ghttp_request_middleware.go:152
5.  github.com/gogf/gf/v2/net/ghttp.niceCallFunc
    /Users/ciel/go/pkg/mod/github.com/gogf/gf/v2@v2.2.6/net/ghttp/ghttp_func.go:55
6.  github.com/gogf/gf/v2/net/ghttp.(*middleware).callHandlerFunc
    /Users/ciel/go/pkg/mod/github.com/gogf/gf/v2@v2.2.6/net/ghttp/ghttp_request_middleware.go:129
7.  github.com/gogf/gf/v2/net/ghttp.(*middleware).Next.func1.4
    /Users/ciel/go/pkg/mod/github.com/gogf/gf/v2@v2.2.6/net/ghttp/ghttp_request_middleware.go:90
8.  github.com/gogf/gf/v2/net/ghttp.niceCallFunc
    /Users/ciel/go/pkg/mod/github.com/gogf/gf/v2@v2.2.6/net/ghttp/ghttp_func.go:55
9.  github.com/gogf/gf/v2/net/ghttp.(*middleware).Next.func1
    /Users/ciel/go/pkg/mod/github.com/gogf/gf/v2@v2.2.6/net/ghttp/ghttp_request_middleware.go:89
10. github.com/gogf/gf/v2/util/gutil.TryCatch
    /Users/ciel/go/pkg/mod/github.com/gogf/gf/v2@v2.2.6/util/gutil/gutil.go:56
11. github.com/gogf/gf/v2/net/ghttp.(*middleware).Next
    /Users/ciel/go/pkg/mod/github.com/gogf/gf/v2@v2.2.6/net/ghttp/ghttp_request_middleware.go:49
12. freekey-backend/internal/logic.lAdmin.MiddlewareAuthToken
    /Users/ciel/learn/freekey-backend/internal/logic/system.go:1040
13. freekey-backend/internal/service.sAdmin.MiddlewareAuth
    /Users/ciel/learn/freekey-backend/internal/service/system.go:238
14. github.com/gogf/gf/v2/net/ghttp.(*middleware).Next.func1.1
    /Users/ciel/go/pkg/mod/github.com/gogf/gf/v2@v2.2.6/net/ghttp/ghttp_request_middleware.go:55
15. github.com/gogf/gf/v2/net/ghttp.niceCallFunc
    /Users/ciel/go/pkg/mod/github.com/gogf/gf/v2@v2.2.6/net/ghttp/ghttp_func.go:55
16. github.com/gogf/gf/v2/net/ghttp.(*middleware).Next.func1
    /Users/ciel/go/pkg/mod/github.com/gogf/gf/v2@v2.2.6/net/ghttp/ghttp_request_middleware.go:54
17. github.com/gogf/gf/v2/util/gutil.TryCatch
    /Users/ciel/go/pkg/mod/github.com/gogf/gf/v2@v2.2.6/util/gutil/gutil.go:56
18. github.com/gogf/gf/v2/net/ghttp.(*middleware).Next
    /Users/ciel/go/pkg/mod/github.com/gogf/gf/v2@v2.2.6/net/ghttp/ghttp_request_middleware.go:49
19. freekey-backend/internal/logic.lSystem.MiddlewareCORS
    /Users/ciel/learn/freekey-backend/internal/logic/system.go:699
20. freekey-backend/internal/service.sSystem.MiddlewareCORS
    /Users/ciel/learn/freekey-backend/internal/service/system.go:136
21. github.com/gogf/gf/v2/net/ghttp.(*middleware).Next.func1.5
    /Users/ciel/go/pkg/mod/github.com/gogf/gf/v2@v2.2.6/net/ghttp/ghttp_request_middleware.go:96
22. github.com/gogf/gf/v2/net/ghttp.niceCallFunc
    /Users/ciel/go/pkg/mod/github.com/gogf/gf/v2@v2.2.6/net/ghttp/ghttp_func.go:55
23. github.com/gogf/gf/v2/net/ghttp.(*middleware).Next.func1
    /Users/ciel/go/pkg/mod/github.com/gogf/gf/v2@v2.2.6/net/ghttp/ghttp_request_middleware.go:95
24. github.com/gogf/gf/v2/util/gutil.TryCatch
    /Users/ciel/go/pkg/mod/github.com/gogf/gf/v2@v2.2.6/util/gutil/gutil.go:56
25. github.com/gogf/gf/v2/net/ghttp.(*middleware).Next
    /Users/ciel/go/pkg/mod/github.com/gogf/gf/v2@v2.2.6/net/ghttp/ghttp_request_middleware.go:49
26. github.com/gogf/gf/v2/net/ghttp.MiddlewareHandlerResponse
    /Users/ciel/go/pkg/mod/github.com/gogf/gf/v2@v2.2.6/net/ghttp/ghttp_middleware_handler_response.go:25
27. github.com/gogf/gf/v2/net/ghttp.(*middleware).Next.func1.5
    /Users/ciel/go/pkg/mod/github.com/gogf/gf/v2@v2.2.6/net/ghttp/ghttp_request_middleware.go:96
28. github.com/gogf/gf/v2/net/ghttp.niceCallFunc
    /Users/ciel/go/pkg/mod/github.com/gogf/gf/v2@v2.2.6/net/ghttp/ghttp_func.go:55
29. github.com/gogf/gf/v2/net/ghttp.(*middleware).Next.func1
    /Users/ciel/go/pkg/mod/github.com/gogf/gf/v2@v2.2.6/net/ghttp/ghttp_request_middleware.go:95
30. github.com/gogf/gf/v2/util/gutil.TryCatch
    /Users/ciel/go/pkg/mod/github.com/gogf/gf/v2@v2.2.6/util/gutil/gutil.go:56
31. github.com/gogf/gf/v2/net/ghttp.(*middleware).Next
    /Users/ciel/go/pkg/mod/github.com/gogf/gf/v2@v2.2.6/net/ghttp/ghttp_request_middleware.go:49
32. github.com/gogf/gf/v2/net/ghttp.internalMiddlewareServerTracing
    /Users/ciel/go/pkg/mod/github.com/gogf/gf/v2@v2.2.6/net/ghttp/ghttp_middleware_tracing.go:78
33. github.com/gogf/gf/v2/net/ghttp.(*middleware).Next.func1.5
    /Users/ciel/go/pkg/mod/github.com/gogf/gf/v2@v2.2.6/net/ghttp/ghttp_request_middleware.go:96
34. github.com/gogf/gf/v2/net/ghttp.niceCallFunc
    /Users/ciel/go/pkg/mod/github.com/gogf/gf/v2@v2.2.6/net/ghttp/ghttp_func.go:55
35. github.com/gogf/gf/v2/net/ghttp.(*middleware).Next.func1
    /Users/ciel/go/pkg/mod/github.com/gogf/gf/v2@v2.2.6/net/ghttp/ghttp_request_middleware.go:95
36. github.com/gogf/gf/v2/util/gutil.TryCatch
    /Users/ciel/go/pkg/mod/github.com/gogf/gf/v2@v2.2.6/util/gutil/gutil.go:56
37. github.com/gogf/gf/v2/net/ghttp.(*middleware).Next
    /Users/ciel/go/pkg/mod/github.com/gogf/gf/v2@v2.2.6/net/ghttp/ghttp_request_middleware.go:49
38. github.com/gogf/gf/v2/net/ghttp.(*Server).ServeHTTP
    /Users/ciel/go/pkg/mod/github.com/gogf/gf/v2@v2.2.6/net/ghttp/ghttp_server_handler.go:132

2023-01-14 23:29:41.795 [ERRO] {b84146e98a363a17d6e19d759b568bfc} /Users/ciel/learn/freekey-backend/internal/logic/system.go:411: Error 1054: Unknown column 'sort' in 'order clause', SELECT `id`,`url`,`method`,`group`,`type`,`desc`,`created_at`,`updated_at` FROM `s_api` ORDER BY `sort` LIMIT 10,10
Stack:
1.  freekey-backend/internal/logic.lApi.ListApi
    /Users/ciel/learn/freekey-backend/internal/logic/system.go:411
2.  freekey-backend/internal/service.sApi.ListApi
    /Users/ciel/learn/freekey-backend/internal/service/system.go:65
3.  freekey-backend/internal/controller.sApi.List
    /Users/ciel/learn/freekey-backend/internal/controller/system.go:79
4.  github.com/gogf/gf/v2/net/ghttp.(*middleware).callHandlerFunc.func1
    /Users/ciel/go/pkg/mod/github.com/gogf/gf/v2@v2.2.6/net/ghttp/ghttp_request_middleware.go:152
5.  github.com/gogf/gf/v2/net/ghttp.niceCallFunc
    /Users/ciel/go/pkg/mod/github.com/gogf/gf/v2@v2.2.6/net/ghttp/ghttp_func.go:55
6.  github.com/gogf/gf/v2/net/ghttp.(*middleware).callHandlerFunc
    /Users/ciel/go/pkg/mod/github.com/gogf/gf/v2@v2.2.6/net/ghttp/ghttp_request_middleware.go:129
7.  github.com/gogf/gf/v2/net/ghttp.(*middleware).Next.func1.4
    /Users/ciel/go/pkg/mod/github.com/gogf/gf/v2@v2.2.6/net/ghttp/ghttp_request_middleware.go:90
8.  github.com/gogf/gf/v2/net/ghttp.niceCallFunc
    /Users/ciel/go/pkg/mod/github.com/gogf/gf/v2@v2.2.6/net/ghttp/ghttp_func.go:55
9.  github.com/gogf/gf/v2/net/ghttp.(*middleware).Next.func1
    /Users/ciel/go/pkg/mod/github.com/gogf/gf/v2@v2.2.6/net/ghttp/ghttp_request_middleware.go:89
10. github.com/gogf/gf/v2/util/gutil.TryCatch
    /Users/ciel/go/pkg/mod/github.com/gogf/gf/v2@v2.2.6/util/gutil/gutil.go:56
11. github.com/gogf/gf/v2/net/ghttp.(*middleware).Next
    /Users/ciel/go/pkg/mod/github.com/gogf/gf/v2@v2.2.6/net/ghttp/ghttp_request_middleware.go:49
12. freekey-backend/internal/logic.lAdmin.MiddlewareAuthToken
    /Users/ciel/learn/freekey-backend/internal/logic/system.go:1040
13. freekey-backend/internal/service.sAdmin.MiddlewareAuth
    /Users/ciel/learn/freekey-backend/internal/service/system.go:238
14. github.com/gogf/gf/v2/net/ghttp.(*middleware).Next.func1.1
    /Users/ciel/go/pkg/mod/github.com/gogf/gf/v2@v2.2.6/net/ghttp/ghttp_request_middleware.go:55
15. github.com/gogf/gf/v2/net/ghttp.niceCallFunc
    /Users/ciel/go/pkg/mod/github.com/gogf/gf/v2@v2.2.6/net/ghttp/ghttp_func.go:55
16. github.com/gogf/gf/v2/net/ghttp.(*middleware).Next.func1
    /Users/ciel/go/pkg/mod/github.com/gogf/gf/v2@v2.2.6/net/ghttp/ghttp_request_middleware.go:54
17. github.com/gogf/gf/v2/util/gutil.TryCatch
    /Users/ciel/go/pkg/mod/github.com/gogf/gf/v2@v2.2.6/util/gutil/gutil.go:56
18. github.com/gogf/gf/v2/net/ghttp.(*middleware).Next
    /Users/ciel/go/pkg/mod/github.com/gogf/gf/v2@v2.2.6/net/ghttp/ghttp_request_middleware.go:49
19. freekey-backend/internal/logic.lSystem.MiddlewareCORS
    /Users/ciel/learn/freekey-backend/internal/logic/system.go:699
20. freekey-backend/internal/service.sSystem.MiddlewareCORS
    /Users/ciel/learn/freekey-backend/internal/service/system.go:136
21. github.com/gogf/gf/v2/net/ghttp.(*middleware).Next.func1.5
    /Users/ciel/go/pkg/mod/github.com/gogf/gf/v2@v2.2.6/net/ghttp/ghttp_request_middleware.go:96
22. github.com/gogf/gf/v2/net/ghttp.niceCallFunc
    /Users/ciel/go/pkg/mod/github.com/gogf/gf/v2@v2.2.6/net/ghttp/ghttp_func.go:55
23. github.com/gogf/gf/v2/net/ghttp.(*middleware).Next.func1
    /Users/ciel/go/pkg/mod/github.com/gogf/gf/v2@v2.2.6/net/ghttp/ghttp_request_middleware.go:95
24. github.com/gogf/gf/v2/util/gutil.TryCatch
    /Users/ciel/go/pkg/mod/github.com/gogf/gf/v2@v2.2.6/util/gutil/gutil.go:56
25. github.com/gogf/gf/v2/net/ghttp.(*middleware).Next
    /Users/ciel/go/pkg/mod/github.com/gogf/gf/v2@v2.2.6/net/ghttp/ghttp_request_middleware.go:49
26. github.com/gogf/gf/v2/net/ghttp.MiddlewareHandlerResponse
    /Users/ciel/go/pkg/mod/github.com/gogf/gf/v2@v2.2.6/net/ghttp/ghttp_middleware_handler_response.go:25
27. github.com/gogf/gf/v2/net/ghttp.(*middleware).Next.func1.5
    /Users/ciel/go/pkg/mod/github.com/gogf/gf/v2@v2.2.6/net/ghttp/ghttp_request_middleware.go:96
28. github.com/gogf/gf/v2/net/ghttp.niceCallFunc
    /Users/ciel/go/pkg/mod/github.com/gogf/gf/v2@v2.2.6/net/ghttp/ghttp_func.go:55
29. github.com/gogf/gf/v2/net/ghttp.(*middleware).Next.func1
    /Users/ciel/go/pkg/mod/github.com/gogf/gf/v2@v2.2.6/net/ghttp/ghttp_request_middleware.go:95
30. github.com/gogf/gf/v2/util/gutil.TryCatch
    /Users/ciel/go/pkg/mod/github.com/gogf/gf/v2@v2.2.6/util/gutil/gutil.go:56
31. github.com/gogf/gf/v2/net/ghttp.(*middleware).Next
    /Users/ciel/go/pkg/mod/github.com/gogf/gf/v2@v2.2.6/net/ghttp/ghttp_request_middleware.go:49
32. github.com/gogf/gf/v2/net/ghttp.internalMiddlewareServerTracing
    /Users/ciel/go/pkg/mod/github.com/gogf/gf/v2@v2.2.6/net/ghttp/ghttp_middleware_tracing.go:78
33. github.com/gogf/gf/v2/net/ghttp.(*middleware).Next.func1.5
    /Users/ciel/go/pkg/mod/github.com/gogf/gf/v2@v2.2.6/net/ghttp/ghttp_request_middleware.go:96
34. github.com/gogf/gf/v2/net/ghttp.niceCallFunc
    /Users/ciel/go/pkg/mod/github.com/gogf/gf/v2@v2.2.6/net/ghttp/ghttp_func.go:55
35. github.com/gogf/gf/v2/net/ghttp.(*middleware).Next.func1
    /Users/ciel/go/pkg/mod/github.com/gogf/gf/v2@v2.2.6/net/ghttp/ghttp_request_middleware.go:95
36. github.com/gogf/gf/v2/util/gutil.TryCatch
    /Users/ciel/go/pkg/mod/github.com/gogf/gf/v2@v2.2.6/util/gutil/gutil.go:56
37. github.com/gogf/gf/v2/net/ghttp.(*middleware).Next
    /Users/ciel/go/pkg/mod/github.com/gogf/gf/v2@v2.2.6/net/ghttp/ghttp_request_middleware.go:49
38. github.com/gogf/gf/v2/net/ghttp.(*Server).ServeHTTP
    /Users/ciel/go/pkg/mod/github.com/gogf/gf/v2@v2.2.6/net/ghttp/ghttp_server_handler.go:132

