2023-01-13 15:13:07.173 [ERRO] {885b783fddcc39173bb2f80c389d0d88} /Users/ciel/learn/freekey-backend/internal/logic/system.go:118: sql: no rows in result set
Stack:
1.  freekey-backend/internal/logic.lMenu.GetMenu
    /Users/ciel/learn/freekey-backend/internal/logic/system.go:118
2.  freekey-backend/internal/service.sAdmin.GetMenu
    /Users/ciel/learn/freekey-backend/internal/service/system.go:220
3.  freekey-backend/internal/controller.cAdmin.GetMenu
    /Users/ciel/learn/freekey-backend/internal/controller/system.go:79
4.  github.com/gogf/gf/v2/net/ghttp.(*middleware).callHandlerFunc.func1
    /Users/ciel/go/pkg/mod/github.com/gogf/gf/v2@v2.2.6/net/ghttp/ghttp_request_middleware.go:152
5.  github.com/gogf/gf/v2/net/ghttp.niceCallFunc
    /Users/ciel/go/pkg/mod/github.com/gogf/gf/v2@v2.2.6/net/ghttp/ghttp_func.go:55
6.  github.com/gogf/gf/v2/net/ghttp.(*middleware).callHandlerFunc
    /Users/ciel/go/pkg/mod/github.com/gogf/gf/v2@v2.2.6/net/ghttp/ghttp_request_middleware.go:129
7.  github.com/gogf/gf/v2/net/ghttp.(*middleware).Next.func1.4
    /Users/ciel/go/pkg/mod/github.com/gogf/gf/v2@v2.2.6/net/ghttp/ghttp_request_middleware.go:90
8.  github.com/gogf/gf/v2/net/ghttp.niceCallFunc
    /Users/ciel/go/pkg/mod/github.com/gogf/gf/v2@v2.2.6/net/ghttp/ghttp_func.go:55
9.  github.com/gogf/gf/v2/net/ghttp.(*middleware).Next.func1
    /Users/ciel/go/pkg/mod/github.com/gogf/gf/v2@v2.2.6/net/ghttp/ghttp_request_middleware.go:89
10. github.com/gogf/gf/v2/util/gutil.TryCatch
    /Users/ciel/go/pkg/mod/github.com/gogf/gf/v2@v2.2.6/util/gutil/gutil.go:56
11. github.com/gogf/gf/v2/net/ghttp.(*middleware).Next
    /Users/ciel/go/pkg/mod/github.com/gogf/gf/v2@v2.2.6/net/ghttp/ghttp_request_middleware.go:49
12. freekey-backend/internal/logic.lAdmin.MiddlewareAuthToken
    /Users/ciel/learn/freekey-backend/internal/logic/system.go:941
13. freekey-backend/internal/service.sAdmin.MiddlewareAuth
    /Users/ciel/learn/freekey-backend/internal/service/system.go:193
14. github.com/gogf/gf/v2/net/ghttp.(*middleware).Next.func1.1
    /Users/ciel/go/pkg/mod/github.com/gogf/gf/v2@v2.2.6/net/ghttp/ghttp_request_middleware.go:55
15. github.com/gogf/gf/v2/net/ghttp.niceCallFunc
    /Users/ciel/go/pkg/mod/github.com/gogf/gf/v2@v2.2.6/net/ghttp/ghttp_func.go:55
16. github.com/gogf/gf/v2/net/ghttp.(*middleware).Next.func1
    /Users/ciel/go/pkg/mod/github.com/gogf/gf/v2@v2.2.6/net/ghttp/ghttp_request_middleware.go:54
17. github.com/gogf/gf/v2/util/gutil.TryCatch
    /Users/ciel/go/pkg/mod/github.com/gogf/gf/v2@v2.2.6/util/gutil/gutil.go:56
18. github.com/gogf/gf/v2/net/ghttp.(*middleware).Next
    /Users/ciel/go/pkg/mod/github.com/gogf/gf/v2@v2.2.6/net/ghttp/ghttp_request_middleware.go:49
19. freekey-backend/internal/logic.lSystem.MiddlewareCORS
    /Users/ciel/learn/freekey-backend/internal/logic/system.go:600
20. freekey-backend/internal/service.sSystem.MiddlewareCORS
    /Users/ciel/learn/freekey-backend/internal/service/system.go:91
21. github.com/gogf/gf/v2/net/ghttp.(*middleware).Next.func1.5
    /Users/ciel/go/pkg/mod/github.com/gogf/gf/v2@v2.2.6/net/ghttp/ghttp_request_middleware.go:96
22. github.com/gogf/gf/v2/net/ghttp.niceCallFunc
    /Users/ciel/go/pkg/mod/github.com/gogf/gf/v2@v2.2.6/net/ghttp/ghttp_func.go:55
23. github.com/gogf/gf/v2/net/ghttp.(*middleware).Next.func1
    /Users/ciel/go/pkg/mod/github.com/gogf/gf/v2@v2.2.6/net/ghttp/ghttp_request_middleware.go:95
24. github.com/gogf/gf/v2/util/gutil.TryCatch
    /Users/ciel/go/pkg/mod/github.com/gogf/gf/v2@v2.2.6/util/gutil/gutil.go:56
25. github.com/gogf/gf/v2/net/ghttp.(*middleware).Next
    /Users/ciel/go/pkg/mod/github.com/gogf/gf/v2@v2.2.6/net/ghttp/ghttp_request_middleware.go:49
26. github.com/gogf/gf/v2/net/ghttp.MiddlewareHandlerResponse
    /Users/ciel/go/pkg/mod/github.com/gogf/gf/v2@v2.2.6/net/ghttp/ghttp_middleware_handler_response.go:25
27. github.com/gogf/gf/v2/net/ghttp.(*middleware).Next.func1.5
    /Users/ciel/go/pkg/mod/github.com/gogf/gf/v2@v2.2.6/net/ghttp/ghttp_request_middleware.go:96
28. github.com/gogf/gf/v2/net/ghttp.niceCallFunc
    /Users/ciel/go/pkg/mod/github.com/gogf/gf/v2@v2.2.6/net/ghttp/ghttp_func.go:55
29. github.com/gogf/gf/v2/net/ghttp.(*middleware).Next.func1
    /Users/ciel/go/pkg/mod/github.com/gogf/gf/v2@v2.2.6/net/ghttp/ghttp_request_middleware.go:95
30. github.com/gogf/gf/v2/util/gutil.TryCatch
    /Users/ciel/go/pkg/mod/github.com/gogf/gf/v2@v2.2.6/util/gutil/gutil.go:56
31. github.com/gogf/gf/v2/net/ghttp.(*middleware).Next
    /Users/ciel/go/pkg/mod/github.com/gogf/gf/v2@v2.2.6/net/ghttp/ghttp_request_middleware.go:49
32. github.com/gogf/gf/v2/net/ghttp.internalMiddlewareServerTracing
    /Users/ciel/go/pkg/mod/github.com/gogf/gf/v2@v2.2.6/net/ghttp/ghttp_middleware_tracing.go:78
33. github.com/gogf/gf/v2/net/ghttp.(*middleware).Next.func1.5
    /Users/ciel/go/pkg/mod/github.com/gogf/gf/v2@v2.2.6/net/ghttp/ghttp_request_middleware.go:96
34. github.com/gogf/gf/v2/net/ghttp.niceCallFunc
    /Users/ciel/go/pkg/mod/github.com/gogf/gf/v2@v2.2.6/net/ghttp/ghttp_func.go:55
35. github.com/gogf/gf/v2/net/ghttp.(*middleware).Next.func1
    /Users/ciel/go/pkg/mod/github.com/gogf/gf/v2@v2.2.6/net/ghttp/ghttp_request_middleware.go:95
36. github.com/gogf/gf/v2/util/gutil.TryCatch
    /Users/ciel/go/pkg/mod/github.com/gogf/gf/v2@v2.2.6/util/gutil/gutil.go:56
37. github.com/gogf/gf/v2/net/ghttp.(*middleware).Next
    /Users/ciel/go/pkg/mod/github.com/gogf/gf/v2@v2.2.6/net/ghttp/ghttp_request_middleware.go:49
38. github.com/gogf/gf/v2/net/ghttp.(*Server).ServeHTTP
    /Users/ciel/go/pkg/mod/github.com/gogf/gf/v2@v2.2.6/net/ghttp/ghttp_server_handler.go:132

2023-01-13 15:14:57.673 [ERRO] {3874eaf9f6cc391786b2f80cce6accc9} /Users/ciel/learn/freekey-backend/internal/logic/system.go:118: sql: no rows in result set
Stack:
1.  freekey-backend/internal/logic.lMenu.GetMenu
    /Users/ciel/learn/freekey-backend/internal/logic/system.go:118
2.  freekey-backend/internal/service.sAdmin.GetMenu
    /Users/ciel/learn/freekey-backend/internal/service/system.go:220
3.  freekey-backend/internal/controller.cAdmin.GetMenu
    /Users/ciel/learn/freekey-backend/internal/controller/system.go:79
4.  github.com/gogf/gf/v2/net/ghttp.(*middleware).callHandlerFunc.func1
    /Users/ciel/go/pkg/mod/github.com/gogf/gf/v2@v2.2.6/net/ghttp/ghttp_request_middleware.go:152
5.  github.com/gogf/gf/v2/net/ghttp.niceCallFunc
    /Users/ciel/go/pkg/mod/github.com/gogf/gf/v2@v2.2.6/net/ghttp/ghttp_func.go:55
6.  github.com/gogf/gf/v2/net/ghttp.(*middleware).callHandlerFunc
    /Users/ciel/go/pkg/mod/github.com/gogf/gf/v2@v2.2.6/net/ghttp/ghttp_request_middleware.go:129
7.  github.com/gogf/gf/v2/net/ghttp.(*middleware).Next.func1.4
    /Users/ciel/go/pkg/mod/github.com/gogf/gf/v2@v2.2.6/net/ghttp/ghttp_request_middleware.go:90
8.  github.com/gogf/gf/v2/net/ghttp.niceCallFunc
    /Users/ciel/go/pkg/mod/github.com/gogf/gf/v2@v2.2.6/net/ghttp/ghttp_func.go:55
9.  github.com/gogf/gf/v2/net/ghttp.(*middleware).Next.func1
    /Users/ciel/go/pkg/mod/github.com/gogf/gf/v2@v2.2.6/net/ghttp/ghttp_request_middleware.go:89
10. github.com/gogf/gf/v2/util/gutil.TryCatch
    /Users/ciel/go/pkg/mod/github.com/gogf/gf/v2@v2.2.6/util/gutil/gutil.go:56
11. github.com/gogf/gf/v2/net/ghttp.(*middleware).Next
    /Users/ciel/go/pkg/mod/github.com/gogf/gf/v2@v2.2.6/net/ghttp/ghttp_request_middleware.go:49
12. freekey-backend/internal/logic.lAdmin.MiddlewareAuthToken
    /Users/ciel/learn/freekey-backend/internal/logic/system.go:941
13. freekey-backend/internal/service.sAdmin.MiddlewareAuth
    /Users/ciel/learn/freekey-backend/internal/service/system.go:193
14. github.com/gogf/gf/v2/net/ghttp.(*middleware).Next.func1.1
    /Users/ciel/go/pkg/mod/github.com/gogf/gf/v2@v2.2.6/net/ghttp/ghttp_request_middleware.go:55
15. github.com/gogf/gf/v2/net/ghttp.niceCallFunc
    /Users/ciel/go/pkg/mod/github.com/gogf/gf/v2@v2.2.6/net/ghttp/ghttp_func.go:55
16. github.com/gogf/gf/v2/net/ghttp.(*middleware).Next.func1
    /Users/ciel/go/pkg/mod/github.com/gogf/gf/v2@v2.2.6/net/ghttp/ghttp_request_middleware.go:54
17. github.com/gogf/gf/v2/util/gutil.TryCatch
    /Users/ciel/go/pkg/mod/github.com/gogf/gf/v2@v2.2.6/util/gutil/gutil.go:56
18. github.com/gogf/gf/v2/net/ghttp.(*middleware).Next
    /Users/ciel/go/pkg/mod/github.com/gogf/gf/v2@v2.2.6/net/ghttp/ghttp_request_middleware.go:49
19. freekey-backend/internal/logic.lSystem.MiddlewareCORS
    /Users/ciel/learn/freekey-backend/internal/logic/system.go:600
20. freekey-backend/internal/service.sSystem.MiddlewareCORS
    /Users/ciel/learn/freekey-backend/internal/service/system.go:91
21. github.com/gogf/gf/v2/net/ghttp.(*middleware).Next.func1.5
    /Users/ciel/go/pkg/mod/github.com/gogf/gf/v2@v2.2.6/net/ghttp/ghttp_request_middleware.go:96
22. github.com/gogf/gf/v2/net/ghttp.niceCallFunc
    /Users/ciel/go/pkg/mod/github.com/gogf/gf/v2@v2.2.6/net/ghttp/ghttp_func.go:55
23. github.com/gogf/gf/v2/net/ghttp.(*middleware).Next.func1
    /Users/ciel/go/pkg/mod/github.com/gogf/gf/v2@v2.2.6/net/ghttp/ghttp_request_middleware.go:95
24. github.com/gogf/gf/v2/util/gutil.TryCatch
    /Users/ciel/go/pkg/mod/github.com/gogf/gf/v2@v2.2.6/util/gutil/gutil.go:56
25. github.com/gogf/gf/v2/net/ghttp.(*middleware).Next
    /Users/ciel/go/pkg/mod/github.com/gogf/gf/v2@v2.2.6/net/ghttp/ghttp_request_middleware.go:49
26. github.com/gogf/gf/v2/net/ghttp.MiddlewareHandlerResponse
    /Users/ciel/go/pkg/mod/github.com/gogf/gf/v2@v2.2.6/net/ghttp/ghttp_middleware_handler_response.go:25
27. github.com/gogf/gf/v2/net/ghttp.(*middleware).Next.func1.5
    /Users/ciel/go/pkg/mod/github.com/gogf/gf/v2@v2.2.6/net/ghttp/ghttp_request_middleware.go:96
28. github.com/gogf/gf/v2/net/ghttp.niceCallFunc
    /Users/ciel/go/pkg/mod/github.com/gogf/gf/v2@v2.2.6/net/ghttp/ghttp_func.go:55
29. github.com/gogf/gf/v2/net/ghttp.(*middleware).Next.func1
    /Users/ciel/go/pkg/mod/github.com/gogf/gf/v2@v2.2.6/net/ghttp/ghttp_request_middleware.go:95
30. github.com/gogf/gf/v2/util/gutil.TryCatch
    /Users/ciel/go/pkg/mod/github.com/gogf/gf/v2@v2.2.6/util/gutil/gutil.go:56
31. github.com/gogf/gf/v2/net/ghttp.(*middleware).Next
    /Users/ciel/go/pkg/mod/github.com/gogf/gf/v2@v2.2.6/net/ghttp/ghttp_request_middleware.go:49
32. github.com/gogf/gf/v2/net/ghttp.internalMiddlewareServerTracing
    /Users/ciel/go/pkg/mod/github.com/gogf/gf/v2@v2.2.6/net/ghttp/ghttp_middleware_tracing.go:78
33. github.com/gogf/gf/v2/net/ghttp.(*middleware).Next.func1.5
    /Users/ciel/go/pkg/mod/github.com/gogf/gf/v2@v2.2.6/net/ghttp/ghttp_request_middleware.go:96
34. github.com/gogf/gf/v2/net/ghttp.niceCallFunc
    /Users/ciel/go/pkg/mod/github.com/gogf/gf/v2@v2.2.6/net/ghttp/ghttp_func.go:55
35. github.com/gogf/gf/v2/net/ghttp.(*middleware).Next.func1
    /Users/ciel/go/pkg/mod/github.com/gogf/gf/v2@v2.2.6/net/ghttp/ghttp_request_middleware.go:95
36. github.com/gogf/gf/v2/util/gutil.TryCatch
    /Users/ciel/go/pkg/mod/github.com/gogf/gf/v2@v2.2.6/util/gutil/gutil.go:56
37. github.com/gogf/gf/v2/net/ghttp.(*middleware).Next
    /Users/ciel/go/pkg/mod/github.com/gogf/gf/v2@v2.2.6/net/ghttp/ghttp_request_middleware.go:49
38. github.com/gogf/gf/v2/net/ghttp.(*Server).ServeHTTP
    /Users/ciel/go/pkg/mod/github.com/gogf/gf/v2@v2.2.6/net/ghttp/ghttp_server_handler.go:132

2023-01-13 15:17:10.475 [ERRO] {f83b8ae515cd3917a9b2f80c77c7a8e7} /Users/ciel/learn/freekey-backend/internal/logic/system.go:118: sql: no rows in result set
Stack:
1.  freekey-backend/internal/logic.lMenu.GetMenu
    /Users/ciel/learn/freekey-backend/internal/logic/system.go:118
2.  freekey-backend/internal/service.sAdmin.GetMenu
    /Users/ciel/learn/freekey-backend/internal/service/system.go:220
3.  freekey-backend/internal/controller.cAdmin.GetMenu
    /Users/ciel/learn/freekey-backend/internal/controller/system.go:79
4.  github.com/gogf/gf/v2/net/ghttp.(*middleware).callHandlerFunc.func1
    /Users/ciel/go/pkg/mod/github.com/gogf/gf/v2@v2.2.6/net/ghttp/ghttp_request_middleware.go:152
5.  github.com/gogf/gf/v2/net/ghttp.niceCallFunc
    /Users/ciel/go/pkg/mod/github.com/gogf/gf/v2@v2.2.6/net/ghttp/ghttp_func.go:55
6.  github.com/gogf/gf/v2/net/ghttp.(*middleware).callHandlerFunc
    /Users/ciel/go/pkg/mod/github.com/gogf/gf/v2@v2.2.6/net/ghttp/ghttp_request_middleware.go:129
7.  github.com/gogf/gf/v2/net/ghttp.(*middleware).Next.func1.4
    /Users/ciel/go/pkg/mod/github.com/gogf/gf/v2@v2.2.6/net/ghttp/ghttp_request_middleware.go:90
8.  github.com/gogf/gf/v2/net/ghttp.niceCallFunc
    /Users/ciel/go/pkg/mod/github.com/gogf/gf/v2@v2.2.6/net/ghttp/ghttp_func.go:55
9.  github.com/gogf/gf/v2/net/ghttp.(*middleware).Next.func1
    /Users/ciel/go/pkg/mod/github.com/gogf/gf/v2@v2.2.6/net/ghttp/ghttp_request_middleware.go:89
10. github.com/gogf/gf/v2/util/gutil.TryCatch
    /Users/ciel/go/pkg/mod/github.com/gogf/gf/v2@v2.2.6/util/gutil/gutil.go:56
11. github.com/gogf/gf/v2/net/ghttp.(*middleware).Next
    /Users/ciel/go/pkg/mod/github.com/gogf/gf/v2@v2.2.6/net/ghttp/ghttp_request_middleware.go:49
12. freekey-backend/internal/logic.lAdmin.MiddlewareAuthToken
    /Users/ciel/learn/freekey-backend/internal/logic/system.go:941
13. freekey-backend/internal/service.sAdmin.MiddlewareAuth
    /Users/ciel/learn/freekey-backend/internal/service/system.go:193
14. github.com/gogf/gf/v2/net/ghttp.(*middleware).Next.func1.1
    /Users/ciel/go/pkg/mod/github.com/gogf/gf/v2@v2.2.6/net/ghttp/ghttp_request_middleware.go:55
15. github.com/gogf/gf/v2/net/ghttp.niceCallFunc
    /Users/ciel/go/pkg/mod/github.com/gogf/gf/v2@v2.2.6/net/ghttp/ghttp_func.go:55
16. github.com/gogf/gf/v2/net/ghttp.(*middleware).Next.func1
    /Users/ciel/go/pkg/mod/github.com/gogf/gf/v2@v2.2.6/net/ghttp/ghttp_request_middleware.go:54
17. github.com/gogf/gf/v2/util/gutil.TryCatch
    /Users/ciel/go/pkg/mod/github.com/gogf/gf/v2@v2.2.6/util/gutil/gutil.go:56
18. github.com/gogf/gf/v2/net/ghttp.(*middleware).Next
    /Users/ciel/go/pkg/mod/github.com/gogf/gf/v2@v2.2.6/net/ghttp/ghttp_request_middleware.go:49
19. freekey-backend/internal/logic.lSystem.MiddlewareCORS
    /Users/ciel/learn/freekey-backend/internal/logic/system.go:600
20. freekey-backend/internal/service.sSystem.MiddlewareCORS
    /Users/ciel/learn/freekey-backend/internal/service/system.go:91
21. github.com/gogf/gf/v2/net/ghttp.(*middleware).Next.func1.5
    /Users/ciel/go/pkg/mod/github.com/gogf/gf/v2@v2.2.6/net/ghttp/ghttp_request_middleware.go:96
22. github.com/gogf/gf/v2/net/ghttp.niceCallFunc
    /Users/ciel/go/pkg/mod/github.com/gogf/gf/v2@v2.2.6/net/ghttp/ghttp_func.go:55
23. github.com/gogf/gf/v2/net/ghttp.(*middleware).Next.func1
    /Users/ciel/go/pkg/mod/github.com/gogf/gf/v2@v2.2.6/net/ghttp/ghttp_request_middleware.go:95
24. github.com/gogf/gf/v2/util/gutil.TryCatch
    /Users/ciel/go/pkg/mod/github.com/gogf/gf/v2@v2.2.6/util/gutil/gutil.go:56
25. github.com/gogf/gf/v2/net/ghttp.(*middleware).Next
    /Users/ciel/go/pkg/mod/github.com/gogf/gf/v2@v2.2.6/net/ghttp/ghttp_request_middleware.go:49
26. github.com/gogf/gf/v2/net/ghttp.MiddlewareHandlerResponse
    /Users/ciel/go/pkg/mod/github.com/gogf/gf/v2@v2.2.6/net/ghttp/ghttp_middleware_handler_response.go:25
27. github.com/gogf/gf/v2/net/ghttp.(*middleware).Next.func1.5
    /Users/ciel/go/pkg/mod/github.com/gogf/gf/v2@v2.2.6/net/ghttp/ghttp_request_middleware.go:96
28. github.com/gogf/gf/v2/net/ghttp.niceCallFunc
    /Users/ciel/go/pkg/mod/github.com/gogf/gf/v2@v2.2.6/net/ghttp/ghttp_func.go:55
29. github.com/gogf/gf/v2/net/ghttp.(*middleware).Next.func1
    /Users/ciel/go/pkg/mod/github.com/gogf/gf/v2@v2.2.6/net/ghttp/ghttp_request_middleware.go:95
30. github.com/gogf/gf/v2/util/gutil.TryCatch
    /Users/ciel/go/pkg/mod/github.com/gogf/gf/v2@v2.2.6/util/gutil/gutil.go:56
31. github.com/gogf/gf/v2/net/ghttp.(*middleware).Next
    /Users/ciel/go/pkg/mod/github.com/gogf/gf/v2@v2.2.6/net/ghttp/ghttp_request_middleware.go:49
32. github.com/gogf/gf/v2/net/ghttp.internalMiddlewareServerTracing
    /Users/ciel/go/pkg/mod/github.com/gogf/gf/v2@v2.2.6/net/ghttp/ghttp_middleware_tracing.go:78
33. github.com/gogf/gf/v2/net/ghttp.(*middleware).Next.func1.5
    /Users/ciel/go/pkg/mod/github.com/gogf/gf/v2@v2.2.6/net/ghttp/ghttp_request_middleware.go:96
34. github.com/gogf/gf/v2/net/ghttp.niceCallFunc
    /Users/ciel/go/pkg/mod/github.com/gogf/gf/v2@v2.2.6/net/ghttp/ghttp_func.go:55
35. github.com/gogf/gf/v2/net/ghttp.(*middleware).Next.func1
    /Users/ciel/go/pkg/mod/github.com/gogf/gf/v2@v2.2.6/net/ghttp/ghttp_request_middleware.go:95
36. github.com/gogf/gf/v2/util/gutil.TryCatch
    /Users/ciel/go/pkg/mod/github.com/gogf/gf/v2@v2.2.6/util/gutil/gutil.go:56
37. github.com/gogf/gf/v2/net/ghttp.(*middleware).Next
    /Users/ciel/go/pkg/mod/github.com/gogf/gf/v2@v2.2.6/net/ghttp/ghttp_request_middleware.go:49
38. github.com/gogf/gf/v2/net/ghttp.(*Server).ServeHTTP
    /Users/ciel/go/pkg/mod/github.com/gogf/gf/v2@v2.2.6/net/ghttp/ghttp_server_handler.go:132

